Log file open, 01/20/18 15:02:01
LogWindows: Failed to load 'aqProf.dll' (GetLastError=126)
LogWindows: File 'aqProf.dll' does not exist
LogWindows: Failed to load 'VSPerf140.dll' (GetLastError=126)
LogWindows: File 'VSPerf140.dll' does not exist
LogWindows: Failed to load 'VtuneApi.dll' (GetLastError=126)
LogWindows: File 'VtuneApi.dll' does not exist
LogWindows: Failed to load 'VtuneApi32e.dll' (GetLastError=126)
LogWindows: File 'VtuneApi32e.dll' does not exist
LogInit: Display: Running engine for game: Life
LogPlatformFile: Not using cached read wrapper
LogInit: Display: RandInit(-1217525554) SRandInit(-1217525554).
LogInit: Read version file with build ID '3709383'
LogInit: Overriding engine version to CL 3832480, compatible CL 3709383
LogInit: Registered custom module enumerator with build ID '3709383'
LogTaskGraph: Started task graph with 5 named threads and 14 total threads with 3 sets of task threads.
LogStats: Stats thread started at 0.176949
LogD3D11RHI: Aftermath initialized
LogModuleManager: Display: Found up-to-date module file ../../../Engine/Plugins/2D/Paper2D/Binaries/Win64/UE4Editor-Paper2D.dll (API version 3709383).
LogModuleManager: Display: Found up-to-date module file ../../../Engine/Plugins/2D/Paper2D/Binaries/Win64/UE4Editor-Paper2DEditor.dll (API version 3709383).
LogModuleManager: Display: Found up-to-date module file ../../../Engine/Plugins/2D/Paper2D/Binaries/Win64/UE4Editor-PaperSpriteSheetImporter.dll (API version 3709383).
LogModuleManager: Display: Found up-to-date module file ../../../Engine/Plugins/2D/Paper2D/Binaries/Win64/UE4Editor-PaperTiledImporter.dll (API version 3709383).
LogModuleManager: Display: Found up-to-date module file ../../../Engine/Plugins/2D/Paper2D/Binaries/Win64/UE4Editor-SmartSnapping.dll (API version 3709383).
LogModuleManager: Display: Found up-to-date module file ../../../Engine/Plugins/Blendables/LightPropagationVolume/Binaries/Win64/UE4Editor-LightPropagationVolumeRuntime.dll (API version 3709383).
LogModuleManager: Display: Found up-to-date module file ../../../Engine/Plugins/Blendables/LightPropagationVolume/Binaries/Win64/UE4Editor-LightPropagationVolumeEditor.dll (API version 3709383).
LogModuleManager: Display: Found up-to-date module file ../../../Engine/Plugins/Developer/GitSourceControl/Binaries/Win64/UE4Editor-GitSourceControl.dll (API version 3709383).
LogModuleManager: Display: Found up-to-date module file ../../../Engine/Plugins/Developer/PerforceSourceControl/Binaries/Win64/UE4Editor-PerforceSourceControl.dll (API version 3709383).
LogModuleManager: Display: Found up-to-date module file ../../../Engine/Plugins/Developer/SubversionSourceControl/Binaries/Win64/UE4Editor-SubversionSourceControl.dll (API version 3709383).
LogModuleManager: Display: Found up-to-date module file ../../../Engine/Plugins/Developer/UObjectPlugin/Binaries/Win64/UE4Editor-UObjectPlugin.dll (API version 3709383).
LogModuleManager: Display: Found up-to-date module file ../../../Engine/Plugins/Developer/VisualStudioCodeSourceCodeAccess/Binaries/Win64/UE4Editor-VisualStudioCodeSourceCodeAccess.dll (API version 3709383).
LogModuleManager: Display: Found up-to-date module file ../../../Engine/Plugins/Developer/VisualStudioSourceCodeAccess/Binaries/Win64/UE4Editor-VisualStudioSourceCodeAccess.dll (API version 3709383).
LogModuleManager: Display: Found up-to-date module file ../../../Engine/Plugins/Editor/AssetManagerEditor/Binaries/Win64/UE4Editor-AssetManagerEditor.dll (API version 3709383).
LogModuleManager: Display: Found up-to-date module file ../../../Engine/Plugins/Editor/AudioCapture/Binaries/Win64/UE4Editor-AudioCapture.dll (API version 3709383).
LogModuleManager: Display: Found up-to-date module file ../../../Engine/Plugins/Editor/FacialAnimation/Binaries/Win64/UE4Editor-FacialAnimation.dll (API version 3709383).
LogModuleManager: Display: Found up-to-date module file ../../../Engine/Plugins/Editor/FacialAnimation/Binaries/Win64/UE4Editor-FacialAnimationEditor.dll (API version 3709383).
LogModuleManager: Display: Found up-to-date module file ../../../Engine/Plugins/Editor/GameplayTagsEditor/Binaries/Win64/UE4Editor-GameplayTagsEditor.dll (API version 3709383).
LogModuleManager: Display: Found up-to-date module file ../../../Engine/Plugins/Editor/MobileLauncherProfileWizard/Binaries/Win64/UE4Editor-MobileLauncherProfileWizard.dll (API version 3709383).
LogModuleManager: Display: Found up-to-date module file ../../../Engine/Plugins/Editor/PluginBrowser/Binaries/Win64/UE4Editor-PluginBrowser.dll (API version 3709383).
LogModuleManager: Display: Found up-to-date module file ../../../Engine/Plugins/Editor/SpeedTreeImporter/Binaries/Win64/UE4Editor-SpeedTreeImporter.dll (API version 3709383).
LogModuleManager: Display: Found up-to-date module file ../../../Engine/Plugins/Experimental/AlembicImporter/Binaries/Win64/UE4Editor-AlembicImporter.dll (API version 3709383).
LogModuleManager: Display: Found up-to-date module file ../../../Engine/Plugins/Experimental/AlembicImporter/Binaries/Win64/UE4Editor-AlembicLibrary.dll (API version 3709383).
LogModuleManager: Display: Found up-to-date module file ../../../Engine/Plugins/Experimental/CharacterAI/Binaries/Win64/UE4Editor-CharacterAI.dll (API version 3709383).
LogModuleManager: Display: Found up-to-date module file ../../../Engine/Plugins/Experimental/HTML5Networking/Binaries/Win64/UE4Editor-HTML5Networking.dll (API version 3709383).
LogModuleManager: Display: Found up-to-date module file ../../../Engine/Plugins/Media/AndroidMedia/Binaries/Win64/UE4Editor-AndroidMediaEditor.dll (API version 3709383).
LogModuleManager: Display: Found up-to-date module file ../../../Engine/Plugins/Media/AndroidMedia/Binaries/Win64/UE4Editor-AndroidMediaFactory.dll (API version 3709383).
LogModuleManager: Display: Found up-to-date module file ../../../Engine/Plugins/Media/AvfMedia/Binaries/Win64/UE4Editor-AvfMediaEditor.dll (API version 3709383).
LogModuleManager: Display: Found up-to-date module file ../../../Engine/Plugins/Media/AvfMedia/Binaries/Win64/UE4Editor-AvfMediaFactory.dll (API version 3709383).
LogModuleManager: Display: Found up-to-date module file ../../../Engine/Plugins/Media/AvfMedia/Binaries/Win64/UE4Editor-AvfMediaFactory.dll (API version 3709383).
LogModuleManager: Display: Found up-to-date module file ../../../Engine/Plugins/Media/ImgMedia/Binaries/Win64/UE4Editor-ImgMedia.dll (API version 3709383).
LogModuleManager: Display: Found up-to-date module file ../../../Engine/Plugins/Media/ImgMedia/Binaries/Win64/UE4Editor-ImgMediaEditor.dll (API version 3709383).
LogModuleManager: Display: Found up-to-date module file ../../../Engine/Plugins/Media/ImgMedia/Binaries/Win64/UE4Editor-ImgMediaFactory.dll (API version 3709383).
LogModuleManager: Display: Found up-to-date module file ../../../Engine/Plugins/Media/ImgMedia/Binaries/Win64/UE4Editor-ImgMediaFactory.dll (API version 3709383).
LogModuleManager: Display: Found up-to-date module file ../../../Engine/Plugins/Media/ImgMedia/Binaries/Win64/UE4Editor-OpenExrWrapper.dll (API version 3709383).
LogModuleManager: Display: Found up-to-date module file ../../../Engine/Plugins/Media/MediaCompositing/Binaries/Win64/UE4Editor-MediaCompositing.dll (API version 3709383).
LogModuleManager: Display: Found up-to-date module file ../../../Engine/Plugins/Media/MediaCompositing/Binaries/Win64/UE4Editor-MediaCompositingEditor.dll (API version 3709383).
LogModuleManager: Display: Found up-to-date module file ../../../Engine/Plugins/Media/MediaPlayerEditor/Binaries/Win64/UE4Editor-MediaPlayerEditor.dll (API version 3709383).
LogModuleManager: Display: Found up-to-date module file ../../../Engine/Plugins/Media/WmfMedia/Binaries/Win64/UE4Editor-WmfMedia.dll (API version 3709383).
LogModuleManager: Display: Found up-to-date module file ../../../Engine/Plugins/Media/WmfMedia/Binaries/Win64/UE4Editor-WmfMediaEditor.dll (API version 3709383).
LogModuleManager: Display: Found up-to-date module file ../../../Engine/Plugins/Media/WmfMedia/Binaries/Win64/UE4Editor-WmfMediaFactory.dll (API version 3709383).
LogModuleManager: Display: Found up-to-date module file ../../../Engine/Plugins/Media/WmfMedia/Binaries/Win64/UE4Editor-WmfMediaFactory.dll (API version 3709383).
LogModuleManager: Display: Found up-to-date module file ../../../Engine/Plugins/Messaging/TcpMessaging/Binaries/Win64/UE4Editor-TcpMessaging.dll (API version 3709383).
LogModuleManager: Display: Found up-to-date module file ../../../Engine/Plugins/Messaging/UdpMessaging/Binaries/Win64/UE4Editor-UdpMessaging.dll (API version 3709383).
LogModuleManager: Display: Found up-to-date module file ../../../Engine/Plugins/MovieScene/ActorSequence/Binaries/Win64/UE4Editor-ActorSequence.dll (API version 3709383).
LogModuleManager: Display: Found up-to-date module file ../../../Engine/Plugins/MovieScene/LevelSequenceEditor/Binaries/Win64/UE4Editor-LevelSequenceEditor.dll (API version 3709383).
LogModuleManager: Display: Found up-to-date module file ../../../Engine/Plugins/MovieScene/MatineeToLevelSequence/Binaries/Win64/UE4Editor-MatineeToLevelSequence.dll (API version 3709383).
LogModuleManager: Display: Found up-to-date module file ../../../Engine/Plugins/Online/OnlineSubsystem/Binaries/Win64/UE4Editor-OnlineSubsystem.dll (API version 3709383).
LogModuleManager: Display: Found up-to-date module file ../../../Engine/Plugins/Runtime/AndroidPermission/Binaries/Win64/UE4Editor-AndroidPermission.dll (API version 3709383).
LogModuleManager: Display: Found up-to-date module file ../../../Engine/Plugins/Online/OnlineSubsystemNull/Binaries/Win64/UE4Editor-OnlineSubsystemNull.dll (API version 3709383).
LogModuleManager: Display: Found up-to-date module file ../../../Engine/Plugins/Online/OnlineSubsystemUtils/Binaries/Win64/UE4Editor-OnlineSubsystemUtils.dll (API version 3709383).
LogModuleManager: Display: Found up-to-date module file ../../../Engine/Plugins/Online/OnlineSubsystemUtils/Binaries/Win64/UE4Editor-OnlineBlueprintSupport.dll (API version 3709383).
LogModuleManager: Display: Found up-to-date module file ../../../Engine/Plugins/Runtime/AndroidDeviceProfileSelector/Binaries/Win64/UE4Editor-AndroidDeviceProfileSelector.dll (API version 3709383).
LogModuleManager: Display: Found up-to-date module file ../../../Engine/Plugins/Runtime/AppleARKit/Binaries/Win64/UE4Editor-AppleARKit.dll (API version 3709383).
LogModuleManager: Display: Found up-to-date module file ../../../Engine/Plugins/Runtime/ArchVisCharacter/Binaries/Win64/UE4Editor-ArchVisCharacter.dll (API version 3709383).
LogModuleManager: Display: Found up-to-date module file ../../../Engine/Plugins/Runtime/CableComponent/Binaries/Win64/UE4Editor-CableComponent.dll (API version 3709383).
LogModuleManager: Display: Found up-to-date module file ../../../Engine/Plugins/Runtime/CustomMeshComponent/Binaries/Win64/UE4Editor-CustomMeshComponent.dll (API version 3709383).
LogModuleManager: Display: Found up-to-date module file ../../../Engine/Plugins/Runtime/ExampleDeviceProfileSelector/Binaries/Win64/UE4Editor-ExampleDeviceProfileSelector.dll (API version 3709383).
LogModuleManager: Display: Found up-to-date module file ../../../Engine/Plugins/Runtime/ImmediatePhysics/Binaries/Win64/UE4Editor-ImmediatePhysics.dll (API version 3709383).
LogModuleManager: Display: Found up-to-date module file ../../../Engine/Plugins/Runtime/ImmediatePhysics/Binaries/Win64/UE4Editor-ImmediatePhysicsEditor.dll (API version 3709383).
LogModuleManager: Display: Found up-to-date module file ../../../Engine/Plugins/Runtime/LocationServicesBPLibrary/Binaries/Win64/UE4Editor-LocationServicesBPLibrary.dll (API version 3709383).
LogModuleManager: Display: Found up-to-date module file ../../../Engine/Plugins/Runtime/MobilePatchingUtils/Binaries/Win64/UE4Editor-MobilePatchingUtils.dll (API version 3709383).
LogModuleManager: Display: Found up-to-date module file ../../../Engine/Plugins/Runtime/Oculus/OculusVR/Binaries/Win64/UE4Editor-OculusHMD.dll (API version 3709383).
LogModuleManager: Display: Found up-to-date module file ../../../Engine/Plugins/Runtime/Oculus/OculusVR/Binaries/Win64/UE4Editor-OculusInput.dll (API version 3709383).
LogModuleManager: Display: Found up-to-date module file ../../../Engine/Plugins/Runtime/Oculus/OculusVR/Binaries/Win64/UE4Editor-OculusEditor.dll (API version 3709383).
LogModuleManager: Display: Found up-to-date module file ../../../Engine/Plugins/Runtime/PhysXVehicles/Binaries/Win64/UE4Editor-PhysXVehicles.dll (API version 3709383).
LogModuleManager: Display: Found up-to-date module file ../../../Engine/Plugins/Runtime/PhysXVehicles/Binaries/Win64/UE4Editor-PhysXVehiclesEditor.dll (API version 3709383).
LogModuleManager: Display: Found up-to-date module file ../../../Engine/Plugins/Runtime/ProceduralMeshComponent/Binaries/Win64/UE4Editor-ProceduralMeshComponent.dll (API version 3709383).
LogModuleManager: Display: Found up-to-date module file ../../../Engine/Plugins/Runtime/ProceduralMeshComponent/Binaries/Win64/UE4Editor-ProceduralMeshComponentEditor.dll (API version 3709383).
LogModuleManager: Display: Found up-to-date module file ../../../Engine/Plugins/Runtime/RuntimePhysXCooking/Binaries/Win64/UE4Editor-RuntimePhysXCooking.dll (API version 3709383).
LogModuleManager: Display: Found up-to-date module file ../../../Engine/Plugins/Runtime/Steam/SteamVR/Binaries/Win64/UE4Editor-SteamVR.dll (API version 3709383).
LogModuleManager: Display: Found up-to-date module file ../../../Engine/Plugins/Runtime/Steam/SteamVR/Binaries/Win64/UE4Editor-SteamVRController.dll (API version 3709383).
LogModuleManager: Display: Found up-to-date module file ../../../Engine/Plugins/Runtime/WindowsMoviePlayer/Binaries/Win64/UE4Editor-WindowsMoviePlayer.dll (API version 3709383).
LogPluginManager: Mounting plugin Paper2D
LogPluginManager: Mounting plugin LightPropagationVolume
LogPluginManager: Mounting plugin CodeLiteSourceCodeAccess
LogPluginManager: Mounting plugin GitSourceControl
LogPluginManager: Mounting plugin KDevelopSourceCodeAccess
LogPluginManager: Mounting plugin NullSourceCodeAccess
LogPluginManager: Mounting plugin PerforceSourceControl
LogPluginManager: Mounting plugin SubversionSourceControl
LogPluginManager: Mounting plugin UObjectPlugin
LogPluginManager: Mounting plugin VisualStudioCodeSourceCodeAccess
LogPluginManager: Mounting plugin VisualStudioSourceCodeAccess
LogPluginManager: Mounting plugin XCodeSourceCodeAccess
LogPluginManager: Mounting plugin AssetManagerEditor
LogPluginManager: Mounting plugin AudioCapture
LogPluginManager: Mounting plugin FacialAnimation
LogPluginManager: Mounting plugin GameplayTagsEditor
LogPluginManager: Mounting plugin MobileLauncherProfileWizard
LogPluginManager: Mounting plugin PluginBrowser
LogPluginManager: Mounting plugin SpeedTreeImporter
LogPluginManager: Mounting plugin AlembicImporter
LogPluginManager: Mounting plugin CharacterAI
LogPluginManager: Mounting plugin HTML5Networking
LogPluginManager: Mounting plugin AndroidMedia
LogPluginManager: Mounting plugin AvfMedia
LogPluginManager: Mounting plugin ImgMedia
LogPluginManager: Mounting plugin MediaCompositing
LogPluginManager: Mounting plugin MediaPlayerEditor
LogPluginManager: Mounting plugin WmfMedia
LogPluginManager: Mounting plugin TcpMessaging
LogPluginManager: Mounting plugin UdpMessaging
LogPluginManager: Mounting plugin ActorSequence
LogPluginManager: Mounting plugin LevelSequenceEditor
LogPluginManager: Mounting plugin MatineeToLevelSequence
LogPluginManager: Mounting plugin OnlineSubsystemGooglePlay
LogPluginManager: Mounting plugin OnlineSubsystemIOS
LogPluginManager: Mounting plugin OnlineSubsystem
LogPluginManager: Mounting plugin OnlineSubsystemNull
LogPluginManager: Mounting plugin OnlineSubsystemUtils
LogPluginManager: Mounting plugin AndroidDeviceProfileSelector
LogPluginManager: Mounting plugin AndroidMoviePlayer
LogPluginManager: Mounting plugin AndroidPermission
LogPluginManager: Mounting plugin AppleARKit
LogPluginManager: Mounting plugin AppleMoviePlayer
LogPluginManager: Mounting plugin ArchVisCharacter
LogPluginManager: Mounting plugin CableComponent
LogPluginManager: Mounting plugin CustomMeshComponent
LogPluginManager: Mounting plugin ExampleDeviceProfileSelector
LogPluginManager: Mounting plugin GoogleCloudMessaging
LogPluginManager: Mounting plugin ImmediatePhysics
LogPluginManager: Mounting plugin IOSDeviceProfileSelector
LogPluginManager: Mounting plugin LinuxDeviceProfileSelector
LogPluginManager: Mounting plugin LocationServicesBPLibrary
LogPluginManager: Mounting plugin MobilePatchingUtils
LogPluginManager: Mounting plugin OculusVR
LogPluginManager: Plugin shader directory ../../../Engine/Plugins/Runtime/Oculus/OculusVR/Shaders found
LogPluginManager: Mapping shader source directory ../../../Engine/Plugins/Runtime/Oculus/OculusVR/Shaders to virtual directory /Plugin/OculusVR
LogPluginManager: Mounting plugin PhysXVehicles
LogPluginManager: Mounting plugin ProceduralMeshComponent
LogPluginManager: Mounting plugin RuntimePhysXCooking
LogPluginManager: Mounting plugin SteamVR
LogPluginManager: Mounting plugin WindowsMoviePlayer
LogInit: Using libcurl 7.47.1
LogInit:  - built for x86_64-pc-win32
LogInit:  - supports SSL with OpenSSL/1.0.2g
LogInit:  - supports HTTP deflate (compression) using libz 1.2.8
LogInit:  - other features:
LogInit:      CURL_VERSION_SSL
LogInit:      CURL_VERSION_LIBZ
LogInit:      CURL_VERSION_IPV6
LogInit:      CURL_VERSION_ASYNCHDNS
LogInit:      CURL_VERSION_LARGEFILE
LogInit:      CURL_VERSION_IDN
LogInit:  CurlRequestOptions (configurable via config and command line):
LogInit:  - bVerifyPeer = false  - Libcurl will NOT verify peer certificate
LogInit:  - bUseHttpProxy = false  - Libcurl will NOT use HTTP proxy
LogInit:  - bDontReuseConnections = false  - Libcurl will reuse connections
LogInit:  - CertBundlePath = nullptr  - Libcurl will use whatever was configured at build time.
LogInit: Build: ++UE4+Release-4.18-CL-3832480
LogInit: Engine Version: 4.18.3-3832480+++UE4+Release-4.18
LogInit: Compatible Engine Version: 4.18.0-3709383+++UE4+Release-4.18
LogInit: Net CL: 3709383
LogDevObjectVersion: Number of dev versions registered: 16
LogDevObjectVersion:   Dev-Blueprints (B0D832E4-1F89-4F0D-ACCF-7EB736FD4AA2): 10
LogDevObjectVersion:   Dev-Build (E1C64328-A22C-4D53-A36C-8E866417BD8C): 0
LogDevObjectVersion:   Dev-Core (375EC13C-06E4-48FB-B500-84F0262A717E): 2
LogDevObjectVersion:   Dev-Editor (E4B068ED-F494-42E9-A231-DA0B2E46BB41): 20
LogDevObjectVersion:   Dev-Framework (CFFC743F-43B0-4480-9391-14DF171D2073): 30
LogDevObjectVersion:   Dev-Mobile (B02B49B5-BB20-44E9-A304-32B752E40360): 0
LogDevObjectVersion:   Dev-Networking (A4E4105C-59A1-49B5-A7C5-40C4547EDFEE): 0
LogDevObjectVersion:   Dev-Online (39C831C9-5AE6-47DC-9A44-9C173E1C8E7C): 0
LogDevObjectVersion:   Dev-Physics (78F01B33-EBEA-4F98-B9B4-84EACCB95AA2): 0
LogDevObjectVersion:   Dev-Platform (6631380F-2D4D-43E0-8009-CF276956A95A): 0
LogDevObjectVersion:   Dev-Rendering (12F88B9F-8875-4AFC-A67C-D90C383ABD29): 20
LogDevObjectVersion:   Dev-Sequencer (7B5AE74C-D270-4C10-A958-57980B212A5A): 4
LogDevObjectVersion:   Dev-VR (D7296918-1DD6-4BDD-9DE2-64A83CC13884): 0
LogDevObjectVersion:   Dev-LoadTimes (C2A15278-BFE7-4AFE-6C17-90FF531DF755): 1
LogDevObjectVersion:   Private-Geometry (6EACA3D4-40EC-4CC1-B786-8BED09428FC5): 1
LogDevObjectVersion:   Dev-AnimPhys (29E575DD-E0A3-4627-9D10-D276232CDCEA): 12
LogInit: Compiled (64-bit): Jan 12 2018 02:04:55
LogInit: Compiled with Visual C++: 19.00.24215.01
LogInit: Build Configuration: Development
LogInit: Branch Name: ++UE4+Release-4.18
LogInit: Command line:  
LogInit: Base directory: D:/Epic Games/UE_4.18/Engine/Binaries/Win64/
LogInit: Installed Engine Build: 1
LogInit: Presizing for max 8388607 objects, including 0 objects not considered by GC, pre-allocating 0 bytes for permanent pool.
LogInit: Object subsystem initialized
[2018.01.20-07.02.02:657][  0]LogInit: Selected Device Profile: [Windows]
[2018.01.20-07.02.02:657][  0]LogInit: Applying CVar settings loaded from the selected device profile: [Windows]
[2018.01.20-07.02.02:668][  0]LogInit: Computer: DESKTOP-LSRTGJ7
[2018.01.20-07.02.02:668][  0]LogInit: User: ShangdaWu
[2018.01.20-07.02.02:668][  0]LogInit: CPU Page size=4096, Cores=4
[2018.01.20-07.02.02:668][  0]LogInit: High frequency timer resolution =2.648441 MHz
[2018.01.20-07.02.02:668][  0]LogMemory: Memory total: Physical=7.9GB (8GB approx)
[2018.01.20-07.02.02:668][  0]LogMemory: Platform Memory Stats for Windows
[2018.01.20-07.02.02:668][  0]LogMemory: Process Physical Memory: 276.10 MB used, 276.10 MB peak
[2018.01.20-07.02.02:669][  0]LogMemory: Process Virtual Memory: 271.85 MB used, 271.85 MB peak
[2018.01.20-07.02.02:669][  0]LogMemory: Physical Memory: 3123.62 MB used,  4948.20 MB free, 8071.82 MB total
[2018.01.20-07.02.02:669][  0]LogMemory: Virtual Memory: 679.46 MB used,  4948.20 MB free, 134217728.00 MB total
[2018.01.20-07.02.02:776][  0]LogInit: Overriding language with editor language configuration option (en).
[2018.01.20-07.02.02:776][  0]LogInit: Overriding locale with editor locale configuration option (en).
[2018.01.20-07.02.03:205][  0]LogInit: Setting process to per monitor DPI aware
[2018.01.20-07.02.03:485][  0]LogD3D11RHI: D3D11 adapters:
[2018.01.20-07.02.03:547][  0]LogD3D11RHI:    0. 'NVIDIA GeForce GTX 1060' (Feature Level 11_0)
[2018.01.20-07.02.03:547][  0]LogD3D11RHI:       6061/0/4035 MB DedicatedVideo/DedicatedSystem/SharedSystem, Outputs:1, VendorId:0x10de
[2018.01.20-07.02.03:556][  0]LogD3D11RHI:    1. 'Intel(R) HD Graphics 530' (Feature Level 11_0)
[2018.01.20-07.02.03:556][  0]LogD3D11RHI:       128/0/4035 MB DedicatedVideo/DedicatedSystem/SharedSystem, Outputs:0, VendorId:0x8086
[2018.01.20-07.02.03:559][  0]LogD3D11RHI:    2. 'Microsoft Basic Render Driver' (Feature Level 11_0)
[2018.01.20-07.02.03:559][  0]LogD3D11RHI:       0/0/4035 MB DedicatedVideo/DedicatedSystem/SharedSystem, Outputs:0, VendorId:0x1414
[2018.01.20-07.02.03:559][  0]LogD3D11RHI: Chosen D3D11 Adapter: 0
[2018.01.20-07.02.03:566][  0]LogD3D11RHI: Creating new Direct3DDevice
[2018.01.20-07.02.03:566][  0]LogD3D11RHI:     GPU DeviceId: 0x1c20 (for the marketing name, search the web for "GPU Device Id")
[2018.01.20-07.02.03:566][  0]LogWindows: EnumDisplayDevices:
[2018.01.20-07.02.03:566][  0]LogWindows:    0. 'Intel(R) HD Graphics 530' (P:1 D:1)
[2018.01.20-07.02.03:566][  0]LogWindows:    1. 'Intel(R) HD Graphics 530' (P:0 D:0)
[2018.01.20-07.02.03:566][  0]LogWindows:    2. 'Intel(R) HD Graphics 530' (P:0 D:0)
[2018.01.20-07.02.03:566][  0]LogWindows:    3. 'NVIDIA GeForce GTX 1060' (P:0 D:0)
[2018.01.20-07.02.03:566][  0]LogWindows:    4. 'NVIDIA GeForce GTX 1060' (P:0 D:0)
[2018.01.20-07.02.03:566][  0]LogWindows:    5. 'NVIDIA GeForce GTX 1060' (P:0 D:0)
[2018.01.20-07.02.03:566][  0]LogWindows:    6. 'NVIDIA GeForce GTX 1060' (P:0 D:0)
[2018.01.20-07.02.03:567][  0]LogWindows: DebugString: GetVideoDriverDetailsInvalid PrimaryIsNotTheChoosenAdapter GetVideoDriverDetailsInvalid PrimaryIsNotTheChoosenAdapter GetVideoDriverDetailsInvalid PrimaryIsNotTheChoosenAdapter GetVideoDriverDetailsInvalid PrimaryIsNotTheChoosenAdapter GetVideoDriverDetailsInvalid PrimaryIsNotTheChoosenAdapter GetVideoDriverDetailsInvalid PrimaryIsNotTheChoosenAdapter GetVideoDriverDetailsInvalid PrimaryIsNotTheChoosenAdapter FoundDriverCount:0 
[2018.01.20-07.02.03:567][  0]LogD3D11RHI:     Adapter Name: NVIDIA GeForce GTX 1060
[2018.01.20-07.02.03:567][  0]LogD3D11RHI:   Driver Version: Unknown (internal:Unknown, unified:Unknown)
[2018.01.20-07.02.03:567][  0]LogD3D11RHI:      Driver Date: Unknown
[2018.01.20-07.02.03:567][  0]LogRHI: Texture pool is 4242 MB (70% of 6061 MB)
[2018.01.20-07.02.03:599][  0]LogD3D11RHI: Async texture creation enabled
[2018.01.20-07.02.03:626][  0]LogD3D11RHI: GPU Timing Frequency: 1000.000000 (Debug: 2 1)
[2018.01.20-07.02.03:627][  0]LogShaderCompilers: Guid format shader working directory is 40 characters bigger than the processId version (E:/UE/Life/Intermediate/Shaders/WorkingDirectory/10484/).
[2018.01.20-07.02.03:627][  0]LogShaderCompilers: Cleaned the shader compiler working directory 'C:/Users/Shangda.Wu/AppData/Local/Temp/UnrealShaderWorkingDir/11F240164318A94C7FDE4A9BBEBFD7DC/'.
[2018.01.20-07.02.03:627][  0]LogShaderCompilers: Display: Using Local Shader Compiler.
[2018.01.20-07.02.04:709][  0]LogTemp: Display: Loaded TP AllDesktopTargetPlatform
[2018.01.20-07.02.04:750][  0]LogTemp: Display: Loaded TP MacClientTargetPlatform
[2018.01.20-07.02.04:797][  0]LogTemp: Display: Loaded TP MacNoEditorTargetPlatform
[2018.01.20-07.02.04:838][  0]LogTemp: Display: Loaded TP MacServerTargetPlatform
[2018.01.20-07.02.04:879][  0]LogTemp: Display: Loaded TP MacTargetPlatform
[2018.01.20-07.02.04:926][  0]LogTemp: Display: Loaded TP WindowsClientTargetPlatform
[2018.01.20-07.02.04:968][  0]LogTemp: Display: Loaded TP WindowsNoEditorTargetPlatform
[2018.01.20-07.02.05:010][  0]LogTemp: Display: Loaded TP WindowsServerTargetPlatform
[2018.01.20-07.02.05:049][  0]LogTemp: Display: Loaded TP WindowsTargetPlatform
[2018.01.20-07.02.05:091][  0]LogTemp: Display: Loaded TP Android_ASTCTargetPlatform
[2018.01.20-07.02.05:131][  0]LogTemp: Display: Loaded TP Android_ATCTargetPlatform
[2018.01.20-07.02.05:175][  0]LogTemp: Display: Loaded TP Android_DXTTargetPlatform
[2018.01.20-07.02.05:215][  0]LogTemp: Display: Loaded TP Android_ETC1TargetPlatform
[2018.01.20-07.02.05:259][  0]LogTemp: Display: Loaded TP Android_ETC2TargetPlatform
[2018.01.20-07.02.05:344][  0]LogTemp: Display: Loaded TP Android_MultiTargetPlatform
[2018.01.20-07.02.05:344][  0]LogTemp: Display: Loaded TP Android_PVRTCTargetPlatform
[2018.01.20-07.02.05:386][  0]LogTemp: Display: Loaded TP AndroidTargetPlatform
[2018.01.20-07.02.05:416][  0]LogTemp: Display: Loaded TP HTML5TargetPlatform
[2018.01.20-07.02.05:491][  0]LogTemp: Display: Loaded TP IOSTargetPlatform
[2018.01.20-07.02.05:514][  0]LogTemp: Display: Loaded TP TVOSTargetPlatform
[2018.01.20-07.02.05:558][  0]LogTemp: Display: Loaded TP LinuxClientTargetPlatform
[2018.01.20-07.02.05:598][  0]LogTemp: Display: Loaded TP LinuxNoEditorTargetPlatform
[2018.01.20-07.02.05:638][  0]LogTemp: Display: Loaded TP LinuxServerTargetPlatform
[2018.01.20-07.02.05:683][  0]LogTemp: Display: Loaded TP LinuxTargetPlatform
[2018.01.20-07.02.05:683][  0]LogTargetPlatformManager: Display: Building Assets For Windows
[2018.01.20-07.02.06:029][  0]LogDerivedDataCache: Display: Max Cache Size: 512 MB
[2018.01.20-07.02.06:123][  0]LogDerivedDataCache: Loaded boot cache 0.09s 78MB C:/Users/Shangda.Wu/AppData/Local/UnrealEngine/4.18/DerivedDataCache/Boot.ddc.
[2018.01.20-07.02.06:123][  0]LogDerivedDataCache: Display: Loaded Boot cache: C:/Users/Shangda.Wu/AppData/Local/UnrealEngine/4.18/DerivedDataCache/Boot.ddc
[2018.01.20-07.02.06:123][  0]LogDerivedDataCache: FDerivedDataBackendGraph:  Pak pak cache file E:/UE/Life/DerivedDataCache/DDC.ddp not found, will not use a pak cache.
[2018.01.20-07.02.06:123][  0]LogDerivedDataCache: Unable to find inner node Pak for hierarchical cache Hierarchy.
[2018.01.20-07.02.06:123][  0]LogDerivedDataCache: FDerivedDataBackendGraph:  CompressedPak pak cache file E:/UE/Life/DerivedDataCache/Compressed.ddp not found, will not use a pak cache.
[2018.01.20-07.02.06:123][  0]LogDerivedDataCache: Unable to find inner node CompressedPak for hierarchical cache Hierarchy.
[2018.01.20-07.02.06:139][  0]LogDerivedDataCache: Display: Pak cache opened for reading ../../../Engine/DerivedDataCache/Compressed.ddp.
[2018.01.20-07.02.06:152][  0]LogDerivedDataCache: Using Local data cache path C:/Users/Shangda.Wu/AppData/Local/UnrealEngine/Common/DerivedDataCache: Writable
[2018.01.20-07.02.06:165][  0]LogMaterial: Verifying Global Shaders for PCD3D_SM5
[2018.01.20-07.02.06:165][  0]LogSlate: Using Freetype 2.6.0
[2018.01.20-07.02.06:166][  0]LogSlate: SlateFontCache - WITH_FREETYPE: 1, WITH_HARFBUZZ: 1
[2018.01.20-07.02.06:166][  0]LogSlate: SlateFontCache - WITH_FREETYPE: 1, WITH_HARFBUZZ: 1
[2018.01.20-07.02.06:560][  0]LogInit: Selected Device Profile: [Windows]
[2018.01.20-07.02.06:847][  0]LogSimplygon: Simplygon DLL not present - disabling.
[2018.01.20-07.02.06:878][  0]LogMeshReduction: Using SimplygonSwarm for distributed automatic mesh merging
[2018.01.20-07.02.06:878][  0]LogMeshReduction: Using QuadricMeshReduction for automatic static mesh reduction
[2018.01.20-07.02.06:878][  0]LogMeshReduction: No automatic skeletal mesh reduction module available
[2018.01.20-07.02.06:878][  0]LogMeshReduction: No automatic mesh merging module available
[2018.01.20-07.02.06:878][  0]LogMeshMerging: No automatic mesh merging module available
[2018.01.20-07.02.06:907][  0]LogNetVersion: Life , NetCL: 3709383, EngineNetVer: 2, GameNetVer: 0 (Checksum: 383070129)
[2018.01.20-07.02.07:075][  0]LogAssetRegistry: FAssetRegistry took 0.0263 seconds to start up
[2018.01.20-07.02.07:606][  0]LogPackageLocalizationCache: Processed 7 localized package path(s) for 1 prioritized culture(s) in 0.026481 seconds
[2018.01.20-07.02.07:611][  0]LogUObjectArray: 35870 objects as part of root set at end of initial load.
[2018.01.20-07.02.07:611][  0]LogUObjectAllocator: 7363696 out of 0 bytes used by permanent object pool.
[2018.01.20-07.02.07:611][  0]LogUObjectArray: CloseDisregardForGC: 0/0 objects in disregard for GC pool
[2018.01.20-07.02.07:647][  0]LogInit: WinSock: version 1.1 (2.2), MaxSocks=32767, MaxUdp=65467
[2018.01.20-07.02.10:217][  0]LogTcpMessaging: Initializing TcpMessaging bridge
[2018.01.20-07.02.10:253][  0]LogUdpMessaging: Initializing bridge on interface 0.0.0.0:0 to multicast group 230.0.0.1:6666.
[2018.01.20-07.02.10:805][  0]LogMaterial: Uniform references updated for custom material expression Custom.
[2018.01.20-07.02.11:165][  0]SourceControl: Source control is disabled
[2018.01.20-07.02.11:165][  0]SourceControl: Source control is disabled
[2018.01.20-07.02.11:207][  0]SourceControl: Source control is disabled
[2018.01.20-07.02.11:247][  0]SourceControl: Source control is disabled
[2018.01.20-07.02.11:910][  0]LogAndroidPermission: UAndroidPermissionCallbackProxy::GetInstance
[2018.01.20-07.02.12:131][  0]LogOcInput: OculusInput pre-init called
[2018.01.20-07.02.12:374][  0]LogEngine: Initializing Engine...
[2018.01.20-07.02.12:379][  0]LogHMD: Failed to initialize OpenVR with code 110
[2018.01.20-07.02.12:617][  0]LogStats: UGameplayTagsManager::ConstructGameplayTagTree: Construct from data asset -  0.000 s
[2018.01.20-07.02.12:618][  0]LogStats: UGameplayTagsManager::ConstructGameplayTagTree: GameplayTagTreeChangedEvent.Broadcast -  0.000 s
[2018.01.20-07.02.12:730][  0]LogAIModule: Creating AISystem for world Untitled
[2018.01.20-07.02.12:745][  0]LogInit: XAudio2 using '扬声器 (Realtek High Definition Audio)' : 2 channels at 48 kHz using 32 bits per sample (channel mask 0x3)
[2018.01.20-07.02.12:774][  0]LogInit: FAudioDevice initialized.
[2018.01.20-07.02.12:868][  0]LogDerivedDataCache: Saved boot cache 0.09s 78MB C:/Users/Shangda.Wu/AppData/Local/UnrealEngine/4.18/DerivedDataCache/Boot.ddc.
[2018.01.20-07.02.12:886][  0]LogInit: Texture streaming: Enabled
[2018.01.20-07.02.12:967][  0]LogEngineSessionManager: EngineSessionManager initialized
[2018.01.20-07.02.13:070][  0]LogInit: Transaction tracking system initialized
[2018.01.20-07.02.13:326][  0]BlueprintLog: New page: Editor Load
[2018.01.20-07.02.14:027][  0]LocalizationService: Localization service is disabled
[2018.01.20-07.02.14:649][  0]LogConsoleResponse: Display: 
[2018.01.20-07.02.14:809][  0]LogCook: Display: Max memory allowance for cook 16384mb min free memory 0mb
[2018.01.20-07.02.14:809][  0]LogCook: Display: Mobile HDR setting 1
[2018.01.20-07.02.14:809][  0]LogGameplayTags: Display: UGameplayTagsManager::DoneAddingNativeTags. DelegateIsBound: 0
[2018.01.20-07.02.15:153][  0]LogFileCache: Scanning file cache for directory 'E:/UE/Life/Content/' took 0.01s
[2018.01.20-07.02.15:776][  0]SourceControl: Source control is disabled
[2018.01.20-07.02.15:777][  0]Cmd: MAP LOAD FILE="E:/UE/Life/Content/Game_Scenes/Game_Scenes.umap" TEMPLATE=0 SHOWPROGRESS=1 FEATURELEVEL=3
[2018.01.20-07.02.15:777][  0]LightingResults: New page: Lighting Build
[2018.01.20-07.02.15:807][  0]MapCheck: New page: Map Check
[2018.01.20-07.02.15:807][  0]LightingResults: New page: Lighting Build
[2018.01.20-07.02.15:832][  0]LogProperty: Error: UStructProperty::Serialize Loading: Property 'StructProperty /Game/Game_Data/BP_Data_Player_Backpack.BP_Data_Player_Backpack_C:Backpack.Backpack'. Unknown structure.
[2018.01.20-07.02.15:832][  0]LogClass: Warning: Property Backpack of Backpack has a struct type mismatch (tag STRUCT_REINST_BP_DefinedStruct_Backpack_6 != prop FallbackStruct) in package:  E:/UE/Life/Content/Game_Data/BP_Data_Player_Backpack.uasset. If that struct got renamed, add an entry to ActiveStructRedirects.
[2018.01.20-07.02.15:833][  0]LogClass: Warning: Property Backpack of Backpack has a struct type mismatch (tag FallbackStruct != prop BP_DefinedStruct_Backpack) in package:  FObjectReader. If that struct got renamed, add an entry to ActiveStructRedirects.
[2018.01.20-07.02.16:079][  0]LogBlueprint: Warning: [Compiler BP_Player_Equipment] Input pin  Bacnpack Icon  specifying non-default value no longer exists on node  Create Widget . Please refresh node or reset pin to default value to remove pin.
[2018.01.20-07.02.16:170][  0]LogBlueprint: Warning: [Compiler BP_Player_Equipment] [0015.42] Compile of BP_Player_Equipment successful, but with 1 Warning(s) [in 141 ms] (/Game/Game_UMG/BP_Player_Equipment.BP_Player_Equipment)
[2018.01.20-07.02.16:411][  0]LogAIModule: Creating AISystem for world Game_Scenes
[2018.01.20-07.02.16:413][  0]LogEditorServer: Finished looking for orphan Actors (0.000 secs)
[2018.01.20-07.02.16:426][  0]Cmd: MAP CHECKDEP NOCLEARLOG
[2018.01.20-07.02.16:468][  0]MapCheck: Map check complete: 0 Error(s), 0 Warning(s), took 42.102ms to complete.
[2018.01.20-07.02.16:468][  0]LogFileHelpers: Loading map 'Game_Scenes' took 0.692
[2018.01.20-07.02.16:607][  0]LogCollectionManager: Loaded 0 collections in 0.000749 seconds
[2018.01.20-07.02.16:679][  0]LogFileCache: Scanning file cache for directory 'E:/UE/Life/Saved/Collections/' took 0.01s
[2018.01.20-07.02.16:679][  0]LogFileCache: Scanning file cache for directory 'E:/UE/Life/Content/Developers/ShangdaWu/Collections/' took 0.01s
[2018.01.20-07.02.16:679][  0]LogFileCache: Scanning file cache for directory 'E:/UE/Life/Content/Collections/' took 0.01s
[2018.01.20-07.02.16:679][  0]LogCollectionManager: Rebuilt the GUID cache for 0 collections in 0.000000 seconds
[2018.01.20-07.02.16:689][  0]LogContentBrowser: Native class hierarchy populated in 0.0103 seconds. Added 2363 classes and 519 folders.
[2018.01.20-07.02.16:747][  0]LogContentBrowser: Native class hierarchy updated for 'WidgetCarousel' in 0.0003 seconds. Added 0 classes and 0 folders.
[2018.01.20-07.02.16:784][  0]LogContentBrowser: Native class hierarchy updated for 'AddContentDialog' in 0.0003 seconds. Added 0 classes and 0 folders.
[2018.01.20-07.02.16:821][  0]LogContentBrowser: Native class hierarchy updated for 'SceneOutliner' in 0.0003 seconds. Added 1 classes and 2 folders.
[2018.01.20-07.02.16:843][  0]LogSlate: Took 0.000314 seconds to synchronously load lazily loaded font '../../../Engine/Content/Slate/Fonts/Roboto-Regular.ttf' (155K)
[2018.01.20-07.02.16:847][  0]LogSlate: Took 0.000256 seconds to synchronously load lazily loaded font '../../../Engine/Content/Slate/Fonts/Roboto-Bold.ttf' (160K)
[2018.01.20-07.02.16:853][  0]LogSlate: Took 0.000210 seconds to synchronously load lazily loaded font '../../../Engine/Content/Editor/Slate/Fonts/FontAwesome.ttf' (139K)
[2018.01.20-07.02.16:975][  0]LogRenderer: Reallocating scene render targets to support 1208x508 Format 10 NumSamples 1 (Frame:1).
[2018.01.20-07.02.17:232][  0]LogContentBrowser: Native class hierarchy updated for 'HierarchicalLODOutliner' in 0.0004 seconds. Added 1 classes and 2 folders.
[2018.01.20-07.02.17:232][  0]LogLoad: (Engine Initialization) Total time: 16.49 seconds
[2018.01.20-07.02.17:232][  0]LogLoad: (Engine Initialization) Total Blueprint compile time: 0.00 seconds
[2018.01.20-07.02.17:232][  0]LogExternalProfiler: No external profilers were discovered.  External profiling features will not be available.
[2018.01.20-07.02.17:597][  0]LogContentStreaming: Texture pool size now 1000 MB
[2018.01.20-07.02.17:650][  0]LogSlate: Took 0.000301 seconds to synchronously load lazily loaded font '../../../Engine/Content/Slate/Fonts/Roboto-Light.ttf' (159K)
[2018.01.20-07.02.17:915][  1]LogAssetRegistry: Asset discovery search completed in 10.8617 seconds
[2018.01.20-07.02.17:916][  1]LogCollectionManager: Rebuilt the object cache for 0 collections in 0.000000 seconds (found 0 objects)
[2018.01.20-07.02.17:916][  1]LogCollectionManager: Fixed up redirectors for 0 collections in 0.000046 seconds (updated 0 objects)
[2018.01.20-07.02.35:961][570]LogSlate: Took 0.000383 seconds to synchronously load lazily loaded font '../../../Engine/Content/Slate/Fonts/Roboto-Light.ttf' (159K)
[2018.01.20-07.02.36:329][570]LogContentBrowser: Native class hierarchy updated for 'BlueprintGraph' in 0.0007 seconds. Added 116 classes and 0 folders.
[2018.01.20-07.02.37:067][570]LogSlate: Took 0.000151 seconds to synchronously load lazily loaded font '../../../Engine/Content/Slate/Fonts/Roboto-Light.ttf' (159K)
[2018.01.20-07.02.37:068][570]LogSlate: Took 0.000119 seconds to synchronously load lazily loaded font '../../../Engine/Content/Editor/Slate/Fonts/Roboto-BoldCondensed.ttf' (158K)
[2018.01.20-07.02.37:859][607]LogSlate: Took 0.000170 seconds to synchronously load lazily loaded font '../../../Engine/Content/Editor/Slate/Fonts/Roboto-Italic.ttf' (157K)
[2018.01.20-07.02.44:842][ 18]LogTemp: Repeating last play command: New Editor Window (PIE)
[2018.01.20-07.02.44:887][ 18]LogPlayLevel: PlayLevel: No blueprints needed recompiling
[2018.01.20-07.02.44:887][ 18]PIE: New page: PIE session: Game_Scenes (Jan 20, 2018, 11:02:44 PM)
[2018.01.20-07.02.44:887][ 18]LogPlayLevel: Creating play world package: /Game/Game_Scenes/UEDPIE_0_Game_Scenes
[2018.01.20-07.02.44:888][ 18]LogPlayLevel: PIE: StaticDuplicateObject took: (0.000874s)
[2018.01.20-07.02.44:889][ 18]LogAIModule: Creating AISystem for world Game_Scenes
[2018.01.20-07.02.44:890][ 18]LogPlayLevel: PIE: World Init took: (0.001346s)
[2018.01.20-07.02.44:890][ 18]LogPlayLevel: PIE: Created PIE world by copying editor world from /Game/Game_Scenes/Game_Scenes.Game_Scenes to /Game/Game_Scenes/UEDPIE_0_Game_Scenes.Game_Scenes (0.002599s)
[2018.01.20-07.02.44:917][ 18]LogInit: XAudio2 using '扬声器 (Realtek High Definition Audio)' : 2 channels at 48 kHz using 32 bits per sample (channel mask 0x3)
[2018.01.20-07.02.44:938][ 18]LogInit: FAudioDevice initialized.
[2018.01.20-07.02.45:000][ 18]LogLoad: Game class is 'Shangda_Wu_GameMode_C'
[2018.01.20-07.02.45:002][ 18]LogWorld: Bringing World /Game/Game_Scenes/UEDPIE_0_Game_Scenes.Game_Scenes up for play (max tick rate 60) at 2018.01.20-15.02.45
[2018.01.20-07.02.45:002][ 18]LogWorld: Bringing up level for play took: 0.000723
[2018.01.20-07.02.45:034][ 18]LogContentBrowser: Native class hierarchy updated for 'MovieSceneCapture' in 0.0003 seconds. Added 11 classes and 0 folders.
[2018.01.20-07.02.45:035][ 18]LogBlueprintUserMessages: [Shangda_Wu_Pawn_C_0] 读取玩家数据表
[2018.01.20-07.02.45:036][ 18]LogBlueprintUserMessages: [Shangda_Wu_Pawn_C_0] 读取玩家背包数据表
[2018.01.20-07.02.45:110][ 18]PIE: Play in editor start time for /Game/Game_Scenes/UEDPIE_0_Game_Scenes 0.029
[2018.01.20-07.02.45:118][ 18]LogRenderer: Reallocating scene render targets to support 1292x756 Format 10 NumSamples 1 (Frame:1).
[2018.01.20-07.02.45:118][ 18]LogSlate: Took 0.004084 seconds to synchronously load lazily loaded font '../../../Engine/Content/Slate/Fonts/DroidSansFallback.ttf' (3848K)
[2018.01.20-07.02.51:058][163]LogBlueprintUserMessages: [BP_BackpackSlot_C_24] 没东西
[2018.01.20-07.02.52:375][195]LogBlueprintUserMessages: [BP_BackpackSlot_C_26] 没东西
[2018.01.20-07.03.01:087][670]LogTemp: Repeating last play command: New Editor Window (PIE)
[2018.01.20-07.03.01:111][670]LogPlayLevel: PlayLevel: No blueprints needed recompiling
[2018.01.20-07.03.01:111][670]PIE: New page: PIE session: Game_Scenes (Jan 20, 2018, 11:03:01 PM)
[2018.01.20-07.03.01:111][670]LogPlayLevel: Creating play world package: /Game/Game_Scenes/UEDPIE_0_Game_Scenes
[2018.01.20-07.03.01:112][670]LogPlayLevel: PIE: StaticDuplicateObject took: (0.000730s)
[2018.01.20-07.03.01:113][670]LogAIModule: Creating AISystem for world Game_Scenes
[2018.01.20-07.03.01:113][670]LogPlayLevel: PIE: World Init took: (0.000825s)
[2018.01.20-07.03.01:113][670]LogPlayLevel: PIE: Created PIE world by copying editor world from /Game/Game_Scenes/Game_Scenes.Game_Scenes to /Game/Game_Scenes/UEDPIE_0_Game_Scenes.Game_Scenes (0.001940s)
[2018.01.20-07.03.01:141][670]LogInit: XAudio2 using '扬声器 (Realtek High Definition Audio)' : 2 channels at 48 kHz using 32 bits per sample (channel mask 0x3)
[2018.01.20-07.03.01:162][670]LogInit: FAudioDevice initialized.
[2018.01.20-07.03.01:217][670]LogLoad: Game class is 'Shangda_Wu_GameMode_C'
[2018.01.20-07.03.01:218][670]LogWorld: Bringing World /Game/Game_Scenes/UEDPIE_0_Game_Scenes.Game_Scenes up for play (max tick rate 60) at 2018.01.20-15.03.01
[2018.01.20-07.03.01:218][670]LogWorld: Bringing up level for play took: 0.000549
[2018.01.20-07.03.01:220][670]LogBlueprintUserMessages: [Shangda_Wu_Pawn_C_0] 读取玩家数据表
[2018.01.20-07.03.01:220][670]LogBlueprintUserMessages: [Shangda_Wu_Pawn_C_0] 读取玩家背包数据表
[2018.01.20-07.03.01:292][670]PIE: Play in editor start time for /Game/Game_Scenes/UEDPIE_0_Game_Scenes 0.211
[2018.01.20-07.03.02:803][704]LogBlueprintUserMessages: [BP_BackpackSlot_C_42] 没东西
[2018.01.20-07.03.03:625][724]LogBlueprintUserMessages: [BP_BackpackSlot_C_43] 没东西
[2018.01.20-07.03.04:041][734]LogBlueprintUserMessages: [BP_BackpackSlot_C_45] 没东西
[2018.01.20-07.03.04:621][748]LogBlueprintUserMessages: [BP_BackpackSlot_C_42] 没东西
[2018.01.20-07.03.08:149][833]LogBlueprintUserMessages: [BP_BackpackSlot_C_44] 没东西
[2018.01.20-07.03.11:066][902]LogBlueprintUserMessages: [BP_BackpackSlot_C_44] 没东西
[2018.01.20-07.03.16:468][ 31]LogBlueprintUserMessages: [BP_BackpackSlot_C_43] 没东西
[2018.01.20-07.03.17:427][ 53]LogBlueprintUserMessages: [BP_BackpackSlot_C_43] 没东西
[2018.01.20-07.03.17:773][ 61]LogBlueprintUserMessages: [BP_BackpackSlot_C_43] 没东西
[2018.01.20-07.03.19:091][ 91]LogBlueprintUserMessages: [BP_BackpackSlot_C_57] 没东西
[2018.01.20-07.03.19:762][107]LogBlueprintUserMessages: [BP_BackpackSlot_C_56] 没东西
[2018.01.20-07.04.38:163][678]BlueprintLog: New page: Compile BP_ActionMenuSlot
[2018.01.20-07.04.39:241][737]Cmd: OBJ SAVEPACKAGE PACKAGE="/Game/Game_UMG/BP_ActionMenuSlot" FILE="E:/UE/Life/Content/Game_UMG/BP_ActionMenuSlot.uasset" SILENT=true
[2018.01.20-07.04.39:329][737]LogSavePackage: Save=84.29ms
[2018.01.20-07.04.39:329][737]LogSavePackage: Moving 'E:/UE/Life/Saved/BP_ActionMenuSlot9F67636248E73593F6065C9A5764EEAE.tmp' to 'E:/UE/Life/Content/Game_UMG/BP_ActionMenuSlot.uasset'
[2018.01.20-07.04.39:330][737]LogSavePackage: Display: Finished SavePackage E:/UE/Life/Content/Game_UMG/BP_ActionMenuSlot.uasset
[2018.01.20-07.04.40:265][793]LogTemp: Repeating last play command: New Editor Window (PIE)
[2018.01.20-07.04.40:289][793]LogPlayLevel: PlayLevel: No blueprints needed recompiling
[2018.01.20-07.04.40:289][793]PIE: New page: PIE session: Game_Scenes (Jan 20, 2018, 11:04:40 PM)
[2018.01.20-07.04.40:289][793]LogPlayLevel: Creating play world package: /Game/Game_Scenes/UEDPIE_0_Game_Scenes
[2018.01.20-07.04.40:290][793]LogPlayLevel: PIE: StaticDuplicateObject took: (0.000596s)
[2018.01.20-07.04.40:290][793]LogAIModule: Creating AISystem for world Game_Scenes
[2018.01.20-07.04.40:290][793]LogPlayLevel: PIE: World Init took: (0.000693s)
[2018.01.20-07.04.40:290][793]LogPlayLevel: PIE: Created PIE world by copying editor world from /Game/Game_Scenes/Game_Scenes.Game_Scenes to /Game/Game_Scenes/UEDPIE_0_Game_Scenes.Game_Scenes (0.001535s)
[2018.01.20-07.04.40:318][793]LogInit: XAudio2 using '扬声器 (Realtek High Definition Audio)' : 2 channels at 48 kHz using 32 bits per sample (channel mask 0x3)
[2018.01.20-07.04.40:341][793]LogInit: FAudioDevice initialized.
[2018.01.20-07.04.40:396][793]LogLoad: Game class is 'Shangda_Wu_GameMode_C'
[2018.01.20-07.04.40:398][793]LogWorld: Bringing World /Game/Game_Scenes/UEDPIE_0_Game_Scenes.Game_Scenes up for play (max tick rate 60) at 2018.01.20-15.04.40
[2018.01.20-07.04.40:398][793]LogWorld: Bringing up level for play took: 0.000703
[2018.01.20-07.04.40:399][793]LogBlueprintUserMessages: [Shangda_Wu_Pawn_C_0] 读取玩家数据表
[2018.01.20-07.04.40:399][793]LogBlueprintUserMessages: [Shangda_Wu_Pawn_C_0] 读取玩家背包数据表
[2018.01.20-07.04.40:468][793]PIE: Play in editor start time for /Game/Game_Scenes/UEDPIE_0_Game_Scenes -0.613
[2018.01.20-07.05.51:097][765]LogSlate: Took 0.000532 seconds to synchronously load lazily loaded font '../../../Engine/Content/Editor/Slate/Fonts/Roboto-BoldCondensedItalic.ttf' (160K)
[2018.01.20-07.06.10:949][932]BlueprintLog: New page: Compile BP_ActionMenuSlot
[2018.01.20-07.06.11:536][962]LogTemp: Repeating last play command: New Editor Window (PIE)
[2018.01.20-07.06.11:559][962]LogPlayLevel: PlayLevel: No blueprints needed recompiling
[2018.01.20-07.06.11:559][962]PIE: New page: PIE session: Game_Scenes (Jan 20, 2018, 11:06:11 PM)
[2018.01.20-07.06.11:559][962]LogPlayLevel: Creating play world package: /Game/Game_Scenes/UEDPIE_0_Game_Scenes
[2018.01.20-07.06.11:560][962]LogPlayLevel: PIE: StaticDuplicateObject took: (0.000853s)
[2018.01.20-07.06.11:561][962]LogAIModule: Creating AISystem for world Game_Scenes
[2018.01.20-07.06.11:561][962]LogPlayLevel: PIE: World Init took: (0.001037s)
[2018.01.20-07.06.11:562][962]LogPlayLevel: PIE: Created PIE world by copying editor world from /Game/Game_Scenes/Game_Scenes.Game_Scenes to /Game/Game_Scenes/UEDPIE_0_Game_Scenes.Game_Scenes (0.002480s)
[2018.01.20-07.06.11:588][962]LogInit: XAudio2 using '扬声器 (Realtek High Definition Audio)' : 2 channels at 48 kHz using 32 bits per sample (channel mask 0x3)
[2018.01.20-07.06.11:610][962]LogInit: FAudioDevice initialized.
[2018.01.20-07.06.11:663][962]LogLoad: Game class is 'Shangda_Wu_GameMode_C'
[2018.01.20-07.06.11:664][962]LogWorld: Bringing World /Game/Game_Scenes/UEDPIE_0_Game_Scenes.Game_Scenes up for play (max tick rate 60) at 2018.01.20-15.06.11
[2018.01.20-07.06.11:664][962]LogWorld: Bringing up level for play took: 0.000612
[2018.01.20-07.06.11:666][962]LogBlueprintUserMessages: [Shangda_Wu_Pawn_C_0] 读取玩家数据表
[2018.01.20-07.06.11:666][962]LogBlueprintUserMessages: [Shangda_Wu_Pawn_C_0] 读取玩家背包数据表
[2018.01.20-07.06.11:739][962]PIE: Play in editor start time for /Game/Game_Scenes/UEDPIE_0_Game_Scenes 0.658
[2018.01.20-07.06.30:498][903]BlueprintLog: New page: Compile BP_ActionMenuSlot
[2018.01.20-07.06.31:750][973]Cmd: OBJ SAVEPACKAGE PACKAGE="/Game/Game_UMG/BP_ActionMenuSlot" FILE="E:/UE/Life/Content/Game_UMG/BP_ActionMenuSlot.uasset" SILENT=true
[2018.01.20-07.06.31:826][973]LogSavePackage: Save=67.36ms
[2018.01.20-07.06.31:826][973]LogSavePackage: Moving 'E:/UE/Life/Saved/BP_ActionMenuSlotB3B00AD74358F17875E02891AC691F87.tmp' to 'E:/UE/Life/Content/Game_UMG/BP_ActionMenuSlot.uasset'
[2018.01.20-07.06.31:828][973]LogSavePackage: Display: Finished SavePackage E:/UE/Life/Content/Game_UMG/BP_ActionMenuSlot.uasset
[2018.01.20-07.06.46:004][303]BlueprintLog: New page: Compile BP_ActionMenuSlot
[2018.01.20-07.06.47:637][396]LogTemp: Repeating last play command: New Editor Window (PIE)
[2018.01.20-07.06.47:664][396]LogPlayLevel: PlayLevel: No blueprints needed recompiling
[2018.01.20-07.06.47:664][396]PIE: New page: PIE session: Game_Scenes (Jan 20, 2018, 11:06:47 PM)
[2018.01.20-07.06.47:664][396]LogPlayLevel: Creating play world package: /Game/Game_Scenes/UEDPIE_0_Game_Scenes
[2018.01.20-07.06.47:665][396]LogPlayLevel: PIE: StaticDuplicateObject took: (0.000665s)
[2018.01.20-07.06.47:666][396]LogAIModule: Creating AISystem for world Game_Scenes
[2018.01.20-07.06.47:666][396]LogPlayLevel: PIE: World Init took: (0.000891s)
[2018.01.20-07.06.47:666][396]LogPlayLevel: PIE: Created PIE world by copying editor world from /Game/Game_Scenes/Game_Scenes.Game_Scenes to /Game/Game_Scenes/UEDPIE_0_Game_Scenes.Game_Scenes (0.001780s)
[2018.01.20-07.06.47:693][396]LogInit: XAudio2 using '扬声器 (Realtek High Definition Audio)' : 2 channels at 48 kHz using 32 bits per sample (channel mask 0x3)
[2018.01.20-07.06.47:716][396]LogInit: FAudioDevice initialized.
[2018.01.20-07.06.47:767][396]LogLoad: Game class is 'Shangda_Wu_GameMode_C'
[2018.01.20-07.06.47:768][396]LogWorld: Bringing World /Game/Game_Scenes/UEDPIE_0_Game_Scenes.Game_Scenes up for play (max tick rate 60) at 2018.01.20-15.06.47
[2018.01.20-07.06.47:768][396]LogWorld: Bringing up level for play took: 0.000547
[2018.01.20-07.06.47:770][396]LogBlueprintUserMessages: [Shangda_Wu_Pawn_C_0] 读取玩家数据表
[2018.01.20-07.06.47:770][396]LogBlueprintUserMessages: [Shangda_Wu_Pawn_C_0] 读取玩家背包数据表
[2018.01.20-07.06.47:843][396]PIE: Play in editor start time for /Game/Game_Scenes/UEDPIE_0_Game_Scenes 0.762
[2018.01.20-07.06.55:145][580]LogBlueprintUserMessages: [BP_BackpackSlot_C_149] 没东西
[2018.01.20-07.06.57:180][632]LogBlueprintUserMessages: [BP_BackpackSlot_C_148] 没东西
[2018.01.20-07.07.00:129][706]LogBlueprintUserMessages: [BP_PlayerDock] 背包ID 6有空位
[2018.01.20-07.07.01:464][739]LogBlueprintUserMessages: [BP_BackpackSlot_C_151] 没东西
[2018.01.20-07.07.03:513][817]LogTemp: Repeating last play command: New Editor Window (PIE)
[2018.01.20-07.07.03:537][817]LogPlayLevel: PlayLevel: No blueprints needed recompiling
[2018.01.20-07.07.03:537][817]PIE: New page: PIE session: Game_Scenes (Jan 20, 2018, 11:07:03 PM)
[2018.01.20-07.07.03:537][817]LogPlayLevel: Creating play world package: /Game/Game_Scenes/UEDPIE_0_Game_Scenes
[2018.01.20-07.07.03:538][817]LogPlayLevel: PIE: StaticDuplicateObject took: (0.001167s)
[2018.01.20-07.07.03:539][817]LogAIModule: Creating AISystem for world Game_Scenes
[2018.01.20-07.07.03:539][817]LogPlayLevel: PIE: World Init took: (0.000673s)
[2018.01.20-07.07.03:539][817]LogPlayLevel: PIE: Created PIE world by copying editor world from /Game/Game_Scenes/Game_Scenes.Game_Scenes to /Game/Game_Scenes/UEDPIE_0_Game_Scenes.Game_Scenes (0.002158s)
[2018.01.20-07.07.03:568][817]LogInit: XAudio2 using '扬声器 (Realtek High Definition Audio)' : 2 channels at 48 kHz using 32 bits per sample (channel mask 0x3)
[2018.01.20-07.07.03:589][817]LogInit: FAudioDevice initialized.
[2018.01.20-07.07.03:643][817]LogLoad: Game class is 'Shangda_Wu_GameMode_C'
[2018.01.20-07.07.03:644][817]LogWorld: Bringing World /Game/Game_Scenes/UEDPIE_0_Game_Scenes.Game_Scenes up for play (max tick rate 60) at 2018.01.20-15.07.03
[2018.01.20-07.07.03:645][817]LogWorld: Bringing up level for play took: 0.000757
[2018.01.20-07.07.03:646][817]LogBlueprintUserMessages: [Shangda_Wu_Pawn_C_0] 读取玩家数据表
[2018.01.20-07.07.03:646][817]LogBlueprintUserMessages: [Shangda_Wu_Pawn_C_0] 读取玩家背包数据表
[2018.01.20-07.07.03:715][817]PIE: Play in editor start time for /Game/Game_Scenes/UEDPIE_0_Game_Scenes 0.634
[2018.01.20-07.07.06:475][884]LogBlueprintUserMessages: [BP_PlayerDock] 背包ID 3有空位
[2018.01.20-07.11.04:565][846]BlueprintLog: New page: Compile BP_ActionMenuSlot
[2018.01.20-07.17.26:420][ 67]LogEditorTransaction: Undo Delete current selection
[2018.01.20-07.22.34:538][826]BlueprintLog: New page: Compile BP_ActionMenuSlot
[2018.01.20-07.23.20:133][504]LogWindowsTextInputMethodSystem: Display: IME system now deactivated.
[2018.01.20-07.23.20:133][504]LogWindowsTextInputMethodSystem: Display: IME system now activated using TSF (微软拼音).
[2018.01.20-07.27.17:977][129]BlueprintLog: New page: Compile BP_ActionMenuSlot
[2018.01.20-07.31.40:486][ 78]BlueprintLog: New page: Compile BP_Backpack
[2018.01.20-07.33.17:713][767]BlueprintLog: New page: Compile BP_ActionMenuSlot
[2018.01.20-07.37.53:620][161]Cmd: OBJ SAVEPACKAGE PACKAGE="/Game/Game_UMG/BP_Backpack" FILE="E:/UE/Life/Content/Game_UMG/BP_Backpack.uasset" SILENT=true
[2018.01.20-07.37.53:688][161]LogSavePackage: Save=59.76ms
[2018.01.20-07.37.53:688][161]LogSavePackage: Moving 'E:/UE/Life/Saved/BP_BackpackE54858974A036EC79565E9AA4FA12C39.tmp' to 'E:/UE/Life/Content/Game_UMG/BP_Backpack.uasset'
[2018.01.20-07.37.53:690][161]LogSavePackage: Display: Finished SavePackage E:/UE/Life/Content/Game_UMG/BP_Backpack.uasset
[2018.01.20-07.40.25:306][396]BlueprintLog: New page: Compile BP_ActionMenuSlot
[2018.01.20-07.40.28:336][562]BlueprintLog: New page: Compile BP_ActionMenuSlot
[2018.01.20-07.40.43:605][235]LogTemp: Repeating last play command: New Editor Window (PIE)
[2018.01.20-07.40.43:641][235]LogPlayLevel: PlayLevel: No blueprints needed recompiling
[2018.01.20-07.40.43:642][235]PIE: New page: PIE session: Game_Scenes (Jan 20, 2018, 11:40:43 PM)
[2018.01.20-07.40.43:642][235]LogPlayLevel: Creating play world package: /Game/Game_Scenes/UEDPIE_0_Game_Scenes
[2018.01.20-07.40.43:643][235]LogPlayLevel: PIE: StaticDuplicateObject took: (0.000777s)
[2018.01.20-07.40.43:643][235]LogAIModule: Creating AISystem for world Game_Scenes
[2018.01.20-07.40.43:643][235]LogPlayLevel: PIE: World Init took: (0.000745s)
[2018.01.20-07.40.43:644][235]LogPlayLevel: PIE: Created PIE world by copying editor world from /Game/Game_Scenes/Game_Scenes.Game_Scenes to /Game/Game_Scenes/UEDPIE_0_Game_Scenes.Game_Scenes (0.001755s)
[2018.01.20-07.40.43:684][235]LogInit: XAudio2 using '扬声器 (Realtek High Definition Audio)' : 2 channels at 48 kHz using 32 bits per sample (channel mask 0x3)
[2018.01.20-07.40.43:706][235]LogInit: FAudioDevice initialized.
[2018.01.20-07.40.43:761][235]LogLoad: Game class is 'Shangda_Wu_GameMode_C'
[2018.01.20-07.40.43:763][235]LogWorld: Bringing World /Game/Game_Scenes/UEDPIE_0_Game_Scenes.Game_Scenes up for play (max tick rate 60) at 2018.01.20-15.40.43
[2018.01.20-07.40.43:763][235]LogWorld: Bringing up level for play took: 0.000615
[2018.01.20-07.40.43:764][235]LogBlueprintUserMessages: [Shangda_Wu_Pawn_C_0] 读取玩家数据表
[2018.01.20-07.40.43:765][235]LogBlueprintUserMessages: [Shangda_Wu_Pawn_C_0] 读取玩家背包数据表
[2018.01.20-07.40.43:849][235]PIE: Play in editor start time for /Game/Game_Scenes/UEDPIE_0_Game_Scenes 0.768
[2018.01.20-07.40.51:558][404]LogTemp: Repeating last play command: New Editor Window (PIE)
[2018.01.20-07.40.51:592][404]LogPlayLevel: PlayLevel: No blueprints needed recompiling
[2018.01.20-07.40.51:592][404]PIE: New page: PIE session: Game_Scenes (Jan 20, 2018, 11:40:51 PM)
[2018.01.20-07.40.51:592][404]LogPlayLevel: Creating play world package: /Game/Game_Scenes/UEDPIE_0_Game_Scenes
[2018.01.20-07.40.51:593][404]LogPlayLevel: PIE: StaticDuplicateObject took: (0.000634s)
[2018.01.20-07.40.51:593][404]LogAIModule: Creating AISystem for world Game_Scenes
[2018.01.20-07.40.51:593][404]LogPlayLevel: PIE: World Init took: (0.000675s)
[2018.01.20-07.40.51:594][404]LogPlayLevel: PIE: Created PIE world by copying editor world from /Game/Game_Scenes/Game_Scenes.Game_Scenes to /Game/Game_Scenes/UEDPIE_0_Game_Scenes.Game_Scenes (0.001645s)
[2018.01.20-07.40.51:628][404]LogInit: XAudio2 using '扬声器 (Realtek High Definition Audio)' : 2 channels at 48 kHz using 32 bits per sample (channel mask 0x3)
[2018.01.20-07.40.51:650][404]LogInit: FAudioDevice initialized.
[2018.01.20-07.40.51:700][404]LogLoad: Game class is 'Shangda_Wu_GameMode_C'
[2018.01.20-07.40.51:701][404]LogWorld: Bringing World /Game/Game_Scenes/UEDPIE_0_Game_Scenes.Game_Scenes up for play (max tick rate 60) at 2018.01.20-15.40.51
[2018.01.20-07.40.51:701][404]LogWorld: Bringing up level for play took: 0.000691
[2018.01.20-07.40.51:703][404]LogBlueprintUserMessages: [Shangda_Wu_Pawn_C_0] 读取玩家数据表
[2018.01.20-07.40.51:703][404]LogBlueprintUserMessages: [Shangda_Wu_Pawn_C_0] 读取玩家背包数据表
[2018.01.20-07.40.51:777][404]PIE: Play in editor start time for /Game/Game_Scenes/UEDPIE_0_Game_Scenes 0.696
[2018.01.20-07.40.53:529][438]LogBlueprintUserMessages: [BP_PlayerDock] 背包ID 4有空位
[2018.01.20-07.44.04:170][352]BlueprintLog: New page: Compile BP_ActionMenuSlot
[2018.01.20-10.14.18:606][371]Cmd: OBJ SAVEPACKAGE PACKAGE="/Game/Game_UMG/BP_ActionMenuSlot" FILE="E:/UE/Life/Content/Game_UMG/BP_ActionMenuSlot.uasset" SILENT=true
[2018.01.20-10.14.18:696][371]LogSavePackage: Save=78.75ms
[2018.01.20-10.14.18:696][371]LogSavePackage: Moving 'E:/UE/Life/Saved/BP_ActionMenuSlotE0D18C684E1C3E64EF263FB619510359.tmp' to 'E:/UE/Life/Content/Game_UMG/BP_ActionMenuSlot.uasset'
[2018.01.20-10.14.18:699][371]LogSavePackage: Display: Finished SavePackage E:/UE/Life/Content/Game_UMG/BP_ActionMenuSlot.uasset
[2018.01.20-10.14.18:800][371]LogWindowsTextInputMethodSystem: Display: IME system now activated using TSF (微软拼音).
[2018.01.20-10.14.19:071][372]Cmd: QUIT_EDITOR
[2018.01.20-10.14.19:675][372]LogExit: Preparing to exit.
[2018.01.20-10.14.20:852][372]LogExit: Editor shut down
[2018.01.20-10.14.20:890][372]LogExit: Transaction tracking system shut down
[2018.01.20-10.14.21:125][372]LogDirectoryWatcher: A directory notification for '../../../Engine/Content/' was aborted.
[2018.01.20-10.14.21:125][372]LogDirectoryWatcher: A directory notification for 'E:/UE/Life/Content/' was aborted.
[2018.01.20-10.14.21:125][372]LogDirectoryWatcher: A directory notification for '../../../Engine/Plugins/2D/Paper2D/Content/' was aborted.
[2018.01.20-10.14.21:125][372]LogDirectoryWatcher: A directory notification for '../../../Engine/Plugins/Media/MediaCompositing/Content/' was aborted.
[2018.01.20-10.14.21:125][372]LogDirectoryWatcher: A directory notification for '../../../Engine/Plugins/Runtime/AppleARKit/Content/' was aborted.
[2018.01.20-10.14.21:125][372]LogDirectoryWatcher: A directory notification for '../../../Engine/Plugins/Runtime/Oculus/OculusVR/Content/' was aborted.
[2018.01.20-10.14.21:125][372]LogDirectoryWatcher: A directory notification for '../../../Engine/Plugins/Runtime/Steam/SteamVR/Content/' was aborted.
[2018.01.20-10.14.21:287][372]LogExit: Object subsystem successfully closed.
[2018.01.20-10.14.21:325][372]LogD3D11RHI: Shutdown
[2018.01.20-10.14.21:325][372]LogD3D11RHI: CleanupD3DDevice
[2018.01.20-10.14.21:329][372]LogD3D11RHI: ~FD3D11DynamicRHI
[2018.01.20-10.14.21:343][372]LogModuleManager: Shutting down and abandoning module MovieSceneCapture (554)
[2018.01.20-10.14.21:343][372]LogModuleManager: Shutting down and abandoning module SequencerWidgets (552)
[2018.01.20-10.14.21:343][372]LogModuleManager: Shutting down and abandoning module BlueprintGraph (550)
[2018.01.20-10.14.21:343][372]LogModuleManager: Shutting down and abandoning module HierarchicalLODOutliner (548)
[2018.01.20-10.14.21:343][372]LogModuleManager: Shutting down and abandoning module SceneOutliner (546)
[2018.01.20-10.14.21:343][372]LogModuleManager: Shutting down and abandoning module AddContentDialog (544)
[2018.01.20-10.14.21:343][372]LogDirectoryWatcher: A directory notification for 'D:/Epic Games/UE_4.18/FeaturePacks/' was aborted.
[2018.01.20-10.14.21:353][372]LogModuleManager: Shutting down and abandoning module WidgetCarousel (543)
[2018.01.20-10.14.21:353][372]LogModuleManager: Shutting down and abandoning module EditorWidgets (540)
[2018.01.20-10.14.21:353][372]LogModuleManager: Shutting down and abandoning module CollectionManager (538)
[2018.01.20-10.14.21:353][372]LogDirectoryWatcher: A directory notification for 'E:/UE/Life/Content/Collections/' was aborted.
[2018.01.20-10.14.21:353][372]LogDirectoryWatcher: A directory notification for 'E:/UE/Life/Content/Developers/ShangdaWu/Collections/' was aborted.
[2018.01.20-10.14.21:353][372]LogDirectoryWatcher: A directory notification for 'E:/UE/Life/Saved/Collections/' was aborted.
[2018.01.20-10.14.21:353][372]LogModuleManager: Shutting down and abandoning module StatsViewer (536)
[2018.01.20-10.14.21:354][372]LogModuleManager: Shutting down and abandoning module FoliageEdit (534)
[2018.01.20-10.14.21:354][372]LogModuleManager: Shutting down and abandoning module LandscapeEditor (532)
[2018.01.20-10.14.21:354][372]LogModuleManager: Shutting down and abandoning module MeshPaintMode (530)
[2018.01.20-10.14.21:354][372]LogModuleManager: Shutting down and abandoning module SceneDepthPickerMode (528)
[2018.01.20-10.14.21:354][372]LogModuleManager: Shutting down and abandoning module ActorPickerMode (526)
[2018.01.20-10.14.21:354][372]LogModuleManager: Shutting down and abandoning module GeometryMode (524)
[2018.01.20-10.14.21:354][372]LogModuleManager: Shutting down and abandoning module TextureAlignMode (522)
[2018.01.20-10.14.21:354][372]LogModuleManager: Shutting down and abandoning module BspMode (520)
[2018.01.20-10.14.21:354][372]LogModuleManager: Shutting down and abandoning module PIEPreviewDeviceProfileSelector (518)
[2018.01.20-10.14.21:354][372]LogModuleManager: Shutting down and abandoning module HardwareSurvey (516)
[2018.01.20-10.14.21:354][372]LogModuleManager: Shutting down and abandoning module SequenceRecorderSections (514)
[2018.01.20-10.14.21:354][372]LogModuleManager: Shutting down and abandoning module AutomationWorker (512)
[2018.01.20-10.14.21:354][372]LogModuleManager: Shutting down and abandoning module MatineeToLevelSequence (510)
[2018.01.20-10.14.21:354][372]LogModuleManager: Shutting down and abandoning module LevelSequenceEditor (508)
[2018.01.20-10.14.21:354][372]LogModuleManager: Shutting down and abandoning module PlacementMode (507)
[2018.01.20-10.14.21:354][372]LogModuleManager: Shutting down and abandoning module WmfMediaFactory (504)
[2018.01.20-10.14.21:354][372]LogModuleManager: Shutting down and abandoning module WmfMediaEditor (502)
[2018.01.20-10.14.21:354][372]LogModuleManager: Shutting down and abandoning module OpenExrWrapper (500)
[2018.01.20-10.14.21:354][372]LogModuleManager: Shutting down and abandoning module ImgMediaFactory (498)
[2018.01.20-10.14.21:354][372]LogModuleManager: Shutting down and abandoning module ImgMediaEditor (496)
[2018.01.20-10.14.21:354][372]LogModuleManager: Shutting down and abandoning module AvfMediaFactory (494)
[2018.01.20-10.14.21:354][372]LogModuleManager: Shutting down and abandoning module AvfMediaEditor (492)
[2018.01.20-10.14.21:354][372]LogModuleManager: Shutting down and abandoning module AndroidMediaFactory (490)
[2018.01.20-10.14.21:354][372]LogModuleManager: Shutting down and abandoning module AndroidMediaEditor (488)
[2018.01.20-10.14.21:354][372]LogModuleManager: Shutting down and abandoning module CharacterAI (486)
[2018.01.20-10.14.21:354][372]LogModuleManager: Shutting down and abandoning module AudioCapture (484)
[2018.01.20-10.14.21:354][372]LogModuleManager: Shutting down and abandoning module SequenceRecorder (483)
[2018.01.20-10.14.21:355][372]LogModuleManager: Shutting down and abandoning module SmartSnapping (480)
[2018.01.20-10.14.21:355][372]LogModuleManager: Shutting down and abandoning module SessionServices (478)
[2018.01.20-10.14.21:355][372]LogModuleManager: Shutting down and abandoning module ViewportSnapping (476)
[2018.01.20-10.14.21:355][372]LogModuleManager: Shutting down and abandoning module ViewportInteraction (474)
[2018.01.20-10.14.21:355][372]LogModuleManager: Shutting down and abandoning module ClothPainter (472)
[2018.01.20-10.14.21:355][372]LogModuleManager: Shutting down and abandoning module SkeletalMeshEditor (471)
[2018.01.20-10.14.21:355][372]LogModuleManager: Shutting down and abandoning module LogVisualizer (468)
[2018.01.20-10.14.21:355][372]LogModuleManager: Shutting down and abandoning module IntroTutorials (466)
[2018.01.20-10.14.21:355][372]LogModuleManager: Shutting down and abandoning module GameProjectGeneration (465)
[2018.01.20-10.14.21:355][372]LogModuleManager: Shutting down and abandoning module IOSPlatformEditor (462)
[2018.01.20-10.14.21:355][372]LogModuleManager: Shutting down and abandoning module HTML5PlatformEditor (460)
[2018.01.20-10.14.21:355][372]LogModuleManager: Shutting down and abandoning module AndroidPlatformEditor (458)
[2018.01.20-10.14.21:355][372]LogModuleManager: Shutting down and abandoning module AndroidDeviceDetection (457)
[2018.01.20-10.14.21:438][372]LogModuleManager: Shutting down and abandoning module WindowsPlatformEditor (454)
[2018.01.20-10.14.21:439][372]LogModuleManager: Shutting down and abandoning module IOSRuntimeSettings (452)
[2018.01.20-10.14.21:439][372]LogModuleManager: Shutting down and abandoning module AndroidRuntimeSettings (450)
[2018.01.20-10.14.21:439][372]LogModuleManager: Shutting down and abandoning module InputBindingEditor (448)
[2018.01.20-10.14.21:439][372]LogModuleManager: Shutting down and abandoning module MergeActors (446)
[2018.01.20-10.14.21:439][372]LogModuleManager: Shutting down and abandoning module SizeMap (444)
[2018.01.20-10.14.21:439][372]LogModuleManager: Shutting down and abandoning module TreeMap (442)
[2018.01.20-10.14.21:439][372]LogModuleManager: Shutting down and abandoning module ReferenceViewer (440)
[2018.01.20-10.14.21:439][372]LogModuleManager: Shutting down and abandoning module LocalizationDashboard (438)
[2018.01.20-10.14.21:439][372]LogModuleManager: Shutting down and abandoning module LocalizationService (437)
[2018.01.20-10.14.21:439][372]LogModuleManager: Shutting down and abandoning module HardwareTargeting (434)
[2018.01.20-10.14.21:439][372]LogModuleManager: Shutting down and abandoning module DeviceProfileEditor (432)
[2018.01.20-10.14.21:439][372]LogModuleManager: Shutting down and abandoning module UndoHistory (430)
[2018.01.20-10.14.21:439][372]LogModuleManager: Shutting down and abandoning module XmlParser (428)
[2018.01.20-10.14.21:439][372]LogModuleManager: Shutting down and abandoning module Blutility (426)
[2018.01.20-10.14.21:439][372]LogModuleManager: Shutting down and abandoning module ProjectSettingsViewer (424)
[2018.01.20-10.14.21:439][372]LogModuleManager: Shutting down and abandoning module ProjectTargetPlatformEditor (423)
[2018.01.20-10.14.21:440][372]LogModuleManager: Shutting down and abandoning module EditorSettingsViewer (420)
[2018.01.20-10.14.21:440][372]LogModuleManager: Shutting down and abandoning module SettingsEditor (418)
[2018.01.20-10.14.21:440][372]LogModuleManager: Shutting down and abandoning module ProjectLauncher (416)
[2018.01.20-10.14.21:440][372]LogModuleManager: Shutting down and abandoning module SessionFrontend (414)
[2018.01.20-10.14.21:440][372]LogModuleManager: Shutting down and abandoning module ProfilerClient (412)
[2018.01.20-10.14.21:440][372]LogModuleManager: Shutting down and abandoning module DeviceManager (410)
[2018.01.20-10.14.21:440][372]LogModuleManager: Shutting down and abandoning module TargetDeviceServices (409)
[2018.01.20-10.14.21:496][372]LogModuleManager: Shutting down and abandoning module AutomationController (406)
[2018.01.20-10.14.21:496][372]LogModuleManager: Shutting down and abandoning module AutomationWindow (404)
[2018.01.20-10.14.21:496][372]LogModuleManager: Shutting down and abandoning module Layers (402)
[2018.01.20-10.14.21:496][372]LogModuleManager: Shutting down and abandoning module ComponentVisualizers (400)
[2018.01.20-10.14.21:496][372]LogModuleManager: Shutting down and abandoning module DetailCustomizations (398)
[2018.01.20-10.14.21:496][372]LogModuleManager: Shutting down and abandoning module PackagesDialog (396)
[2018.01.20-10.14.21:496][372]LogModuleManager: Shutting down and abandoning module Persona (394)
[2018.01.20-10.14.21:496][372]LogModuleManager: Shutting down and abandoning module AdvancedPreviewScene (393)
[2018.01.20-10.14.21:496][372]LogModuleManager: Shutting down and abandoning module AnimGraph (391)
[2018.01.20-10.14.21:496][372]LogModuleManager: Shutting down and abandoning module Kismet (388)
[2018.01.20-10.14.21:519][372]LogModuleManager: Shutting down and abandoning module ClassViewer (386)
[2018.01.20-10.14.21:519][372]LogModuleManager: Shutting down and abandoning module Toolbox (384)
[2018.01.20-10.14.21:519][372]LogModuleManager: Shutting down and abandoning module ModuleUI (382)
[2018.01.20-10.14.21:519][372]LogModuleManager: Shutting down and abandoning module MovieSceneTools (380)
[2018.01.20-10.14.21:519][372]LogModuleManager: Shutting down and abandoning module OutputLog (378)
[2018.01.20-10.14.21:519][372]LogModuleManager: Shutting down and abandoning module GammaUI (376)
[2018.01.20-10.14.21:519][372]LogModuleManager: Shutting down and abandoning module Documentation (374)
[2018.01.20-10.14.21:520][372]LogModuleManager: Shutting down and abandoning module MovieSceneTracks (372)
[2018.01.20-10.14.21:520][372]LogModuleManager: Shutting down and abandoning module MovieScene (370)
[2018.01.20-10.14.21:520][372]LogModuleManager: Shutting down and abandoning module StreamingPauseRendering (368)
[2018.01.20-10.14.21:520][372]LogModuleManager: Shutting down and abandoning module LauncherPlatform (366)
[2018.01.20-10.14.21:520][372]LogModuleManager: Shutting down and abandoning module AnalyticsET (364)
[2018.01.20-10.14.21:520][372]LogModuleManager: Shutting down and abandoning module PortalServices (362)
[2018.01.20-10.14.21:520][372]LogModuleManager: Shutting down and abandoning module PortalRpc (360)
[2018.01.20-10.14.21:520][372]LogModuleManager: Shutting down and abandoning module MessagingRpc (358)
[2018.01.20-10.14.21:520][372]LogModuleManager: Shutting down and abandoning module AIModule (356)
[2018.01.20-10.14.21:520][372]LogModuleManager: Shutting down and abandoning module GameplayDebugger (355)
[2018.01.20-10.14.21:520][372]LogModuleManager: Shutting down and abandoning module AITestSuite (353)
[2018.01.20-10.14.21:520][372]LogModuleManager: Shutting down and abandoning module DesktopPlatform (350)
[2018.01.20-10.14.21:520][372]LogModuleManager: Shutting down and abandoning module ProfilerService (348)
[2018.01.20-10.14.21:738][372]LogModuleManager: Shutting down and abandoning module TaskGraph (346)
[2018.01.20-10.14.21:738][372]LogModuleManager: Shutting down and abandoning module SteamVRController (344)
[2018.01.20-10.14.21:738][372]LogModuleManager: Shutting down and abandoning module ProceduralMeshComponentEditor (342)
[2018.01.20-10.14.21:738][372]LogModuleManager: Shutting down and abandoning module ProceduralMeshComponent (340)
[2018.01.20-10.14.21:738][372]LogModuleManager: Shutting down and abandoning module OculusInput (338)
[2018.01.20-10.14.21:738][372]LogModuleManager: Shutting down and abandoning module MobilePatchingUtils (336)
[2018.01.20-10.14.21:738][372]LogModuleManager: Shutting down and abandoning module CustomMeshComponent (334)
[2018.01.20-10.14.21:738][372]LogModuleManager: Shutting down and abandoning module CableComponent (332)
[2018.01.20-10.14.21:738][372]LogModuleManager: Shutting down and abandoning module ArchVisCharacter (330)
[2018.01.20-10.14.21:738][372]LogModuleManager: Shutting down and abandoning module AndroidPermission (328)
[2018.01.20-10.14.21:738][372]LogModuleManager: Shutting down and abandoning module ActorSequence (324)
[2018.01.20-10.14.21:738][372]LogModuleManager: Shutting down and abandoning module MediaPlayerEditor (322)
[2018.01.20-10.14.21:738][372]LogModuleManager: Shutting down and abandoning module MediaCompositingEditor (320)
[2018.01.20-10.14.21:738][372]LogModuleManager: Shutting down and abandoning module MediaCompositing (318)
[2018.01.20-10.14.21:738][372]LogModuleManager: Shutting down and abandoning module HTML5Networking (316)
[2018.01.20-10.14.21:738][372]LogModuleManager: Shutting down and abandoning module AlembicImporter (314)
[2018.01.20-10.14.21:738][372]LogModuleManager: Shutting down and abandoning module AlembicLibrary (313)
[2018.01.20-10.14.21:738][372]LogModuleManager: Shutting down and abandoning module GeometryCache (312)
[2018.01.20-10.14.21:738][372]LogModuleManager: Shutting down and abandoning module GeometryCacheEd (311)
[2018.01.20-10.14.21:738][372]LogModuleManager: Shutting down and abandoning module SpeedTreeImporter (306)
[2018.01.20-10.14.21:738][372]LogModuleManager: Shutting down and abandoning module PluginBrowser (304)
[2018.01.20-10.14.21:738][372]LogModuleManager: Shutting down and abandoning module MobileLauncherProfileWizard (302)
[2018.01.20-10.14.21:738][372]LogModuleManager: Shutting down and abandoning module VisualStudioSourceCodeAccess (300)
[2018.01.20-10.14.21:738][372]LogModuleManager: Shutting down and abandoning module VisualStudioCodeSourceCodeAccess (298)
[2018.01.20-10.14.21:739][372]LogModuleManager: Shutting down and abandoning module UObjectPlugin (296)
[2018.01.20-10.14.21:739][372]LogModuleManager: Shutting down and abandoning module SubversionSourceControl (294)
[2018.01.20-10.14.21:739][372]LogModuleManager: Shutting down and abandoning module PerforceSourceControl (292)
[2018.01.20-10.14.21:739][372]LogModuleManager: Shutting down and abandoning module GitSourceControl (290)
[2018.01.20-10.14.21:739][372]LogModuleManager: Shutting down and abandoning module SourceControl (289)
[2018.01.20-10.14.21:739][372]LogModuleManager: Shutting down and abandoning module LightPropagationVolumeEditor (286)
[2018.01.20-10.14.21:739][372]LogModuleManager: Shutting down and abandoning module PaperTiledImporter (284)
[2018.01.20-10.14.21:739][372]LogModuleManager: Shutting down and abandoning module PaperSpriteSheetImporter (282)
[2018.01.20-10.14.21:739][372]LogModuleManager: Shutting down and abandoning module Paper2DEditor (280)
[2018.01.20-10.14.21:739][372]LogModuleManager: Shutting down and abandoning module MeshPaint (279)
[2018.01.20-10.14.21:739][372]LogModuleManager: Shutting down and abandoning module LevelEditor (277)
[2018.01.20-10.14.21:741][372]LogModuleManager: Shutting down and abandoning module PixelInspectorModule (276)
[2018.01.20-10.14.21:741][372]LogModuleManager: Shutting down and abandoning module MainFrame (274)
[2018.01.20-10.14.21:741][372]LogModuleManager: Shutting down and abandoning module HotReload (273)
[2018.01.20-10.14.21:742][372]LogModuleManager: Shutting down and abandoning module RuntimePhysXCooking (268)
[2018.01.20-10.14.21:742][372]LogModuleManager: Shutting down and abandoning module PhysXVehiclesEditor (266)
[2018.01.20-10.14.21:742][372]LogModuleManager: Shutting down and abandoning module PhysXVehicles (264)
[2018.01.20-10.14.21:742][372]LogModuleManager: Shutting down and abandoning module OculusEditor (262)
[2018.01.20-10.14.21:742][372]LogModuleManager: Shutting down and abandoning module LocationServicesBPLibrary (260)
[2018.01.20-10.14.21:742][372]LogModuleManager: Shutting down and abandoning module ImmediatePhysicsEditor (258)
[2018.01.20-10.14.21:742][372]LogModuleManager: Shutting down and abandoning module ImmediatePhysics (256)
[2018.01.20-10.14.21:742][372]LogModuleManager: Shutting down and abandoning module UdpMessaging (254)
[2018.01.20-10.14.21:843][372]LogModuleManager: Shutting down and abandoning module TcpMessaging (252)
[2018.01.20-10.14.21:943][372]LogModuleManager: Shutting down and abandoning module GameplayTagsEditor (250)
[2018.01.20-10.14.21:943][372]LogModuleManager: Shutting down and abandoning module FacialAnimationEditor (248)
[2018.01.20-10.14.21:943][372]LogModuleManager: Shutting down and abandoning module FacialAnimation (246)
[2018.01.20-10.14.21:943][372]LogModuleManager: Shutting down and abandoning module AssetManagerEditor (244)
[2018.01.20-10.14.21:943][372]LogModuleManager: Shutting down and abandoning module GraphEditor (243)
[2018.01.20-10.14.21:943][372]LogModuleManager: Shutting down and abandoning module ContentBrowser (241)
[2018.01.20-10.14.21:945][372]LogModuleManager: Shutting down and abandoning module LightPropagationVolumeRuntime (238)
[2018.01.20-10.14.21:945][372]LogModuleManager: Shutting down and abandoning module Paper2D (236)
[2018.01.20-10.14.21:945][372]LogModuleManager: Shutting down and abandoning module WindowsMoviePlayer (234)
[2018.01.20-10.14.21:945][372]LogModuleManager: Shutting down and abandoning module WmfMedia (232)
[2018.01.20-10.14.21:947][372]LogModuleManager: Shutting down and abandoning module ImgMedia (230)
[2018.01.20-10.14.21:947][372]LogModuleManager: Shutting down and abandoning module PacketHandler (228)
[2018.01.20-10.14.21:947][372]LogModuleManager: Shutting down and abandoning module ClothingSystemEditor (226)
[2018.01.20-10.14.21:947][372]LogModuleManager: Shutting down and abandoning module ClothingSystemRuntime (224)
[2018.01.20-10.14.21:948][372]LogModuleManager: Shutting down and abandoning module MediaAssets (222)
[2018.01.20-10.14.21:948][372]LogModuleManager: Shutting down and abandoning module Media (221)
[2018.01.20-10.14.21:954][372]LogModuleManager: Shutting down and abandoning module Overlay (218)
[2018.01.20-10.14.21:954][372]LogModuleManager: Shutting down and abandoning module OverlayEditor (217)
[2018.01.20-10.14.21:954][372]LogModuleManager: Shutting down and abandoning module VREditor (214)
[2018.01.20-10.14.21:954][372]LogModuleManager: Shutting down and abandoning module StringTableEditor (212)
[2018.01.20-10.14.21:954][372]LogModuleManager: Shutting down and abandoning module GameplayTasksEditor (210)
[2018.01.20-10.14.21:954][372]LogModuleManager: Shutting down and abandoning module BehaviorTreeEditor (208)
[2018.01.20-10.14.21:954][372]LogModuleManager: Shutting down and abandoning module FunctionalTesting (206)
[2018.01.20-10.14.21:954][372]LogModuleManager: Shutting down and abandoning module CollisionAnalyzer (204)
[2018.01.20-10.14.21:954][372]LogModuleManager: Shutting down and abandoning module WorkspaceMenuStructure (203)
[2018.01.20-10.14.21:954][372]LogModuleManager: Shutting down and abandoning module UMG (200)
[2018.01.20-10.14.21:954][372]LogModuleManager: Shutting down and abandoning module UMGEditor (199)
[2018.01.20-10.14.21:954][372]LogModuleManager: Shutting down and abandoning module Sequencer (198)
[2018.01.20-10.14.21:954][372]LogModuleManager: Shutting down and abandoning module MessageLog (195)
[2018.01.20-10.14.21:955][372]LogModuleManager: Shutting down and abandoning module SlateReflector (190)
[2018.01.20-10.14.21:955][372]LogModuleManager: Shutting down and abandoning module Slate (188)
[2018.01.20-10.14.21:955][372]LogModuleManager: Shutting down and abandoning module EditorStyle (186)
[2018.01.20-10.14.21:957][372]LogModuleManager: Shutting down and abandoning module MRMesh (184)
[2018.01.20-10.14.21:958][372]LogModuleManager: Shutting down and abandoning module SourceCodeAccess (182)
[2018.01.20-10.14.21:958][372]LogModuleManager: Shutting down and abandoning module HeadMountedDisplay (180)
[2018.01.20-10.14.21:958][372]LogModuleManager: Shutting down and abandoning module XAudio2 (178)
[2018.01.20-10.14.21:958][372]LogModuleManager: Shutting down and abandoning module Networking (176)
[2018.01.20-10.14.21:958][372]LogModuleManager: Shutting down and abandoning module Core (172)
[2018.01.20-10.14.21:958][372]LogModuleManager: Shutting down and abandoning module LevelSequence (168)
[2018.01.20-10.14.21:958][372]LogModuleManager: Shutting down and abandoning module DirectoryWatcher (166)
[2018.01.20-10.14.21:965][372]LogModuleManager: Shutting down and abandoning module KismetCompiler (164)
[2018.01.20-10.14.21:965][372]LogModuleManager: Shutting down and abandoning module MeshUtilities (162)
[2018.01.20-10.14.21:965][372]LogModuleManager: Shutting down and abandoning module MeshMergeUtilities (161)
[2018.01.20-10.14.21:965][372]LogModuleManager: Shutting down and abandoning module MeshReductionInterface (160)
[2018.01.20-10.14.21:965][372]LogModuleManager: Shutting down and abandoning module SimplygonSwarm (159)
[2018.01.20-10.14.21:965][372]LogModuleManager: Shutting down and abandoning module SimplygonMeshReduction (157)
[2018.01.20-10.14.21:965][372]LogModuleManager: Shutting down and abandoning module QuadricMeshReduction (155)
[2018.01.20-10.14.21:965][372]LogModuleManager: Shutting down and abandoning module MaterialBaking (151)
[2018.01.20-10.14.21:965][372]LogModuleManager: Shutting down and abandoning module DerivedDataCache (148)
[2018.01.20-10.14.21:994][372]LogDerivedDataCache: Shutdown
[2018.01.20-10.14.21:994][372]LogModuleManager: Shutting down and abandoning module TargetPlatform (146)
[2018.01.20-10.14.21:994][372]LogModuleManager: Shutting down and abandoning module VulkanShaderFormat (145)
[2018.01.20-10.14.21:994][372]LogModuleManager: Shutting down and abandoning module ShaderFormatVectorVM (143)
[2018.01.20-10.14.21:994][372]LogModuleManager: Shutting down and abandoning module ShaderFormatOpenGL (141)
[2018.01.20-10.14.21:994][372]LogModuleManager: Shutting down and abandoning module ShaderFormatD3D (139)
[2018.01.20-10.14.21:994][372]LogModuleManager: Shutting down and abandoning module MetalShaderFormat (137)
[2018.01.20-10.14.21:994][372]LogModuleManager: Shutting down and abandoning module TextureFormatUncompressed (135)
[2018.01.20-10.14.21:994][372]LogModuleManager: Shutting down and abandoning module TextureFormatPVR (133)
[2018.01.20-10.14.21:994][372]LogModuleManager: Shutting down and abandoning module TextureFormatDXT (131)
[2018.01.20-10.14.21:994][372]LogModuleManager: Shutting down and abandoning module TextureFormatIntelISPCTexComp (129)
[2018.01.20-10.14.21:994][372]LogModuleManager: Shutting down and abandoning module TextureFormatASTC (127)
[2018.01.20-10.14.21:994][372]LogModuleManager: Shutting down and abandoning module ImageWrapper (126)
[2018.01.20-10.14.21:994][372]LogModuleManager: Shutting down and abandoning module TextureFormatAndroid (123)
[2018.01.20-10.14.21:994][372]LogModuleManager: Shutting down and abandoning module AudioFormatOpus (121)
[2018.01.20-10.14.21:995][372]LogModuleManager: Shutting down and abandoning module AudioFormatOgg (119)
[2018.01.20-10.14.21:995][372]LogModuleManager: Shutting down and abandoning module AudioFormatADPCM (117)
[2018.01.20-10.14.21:995][372]LogModuleManager: Shutting down and abandoning module LinuxTargetPlatform (115)
[2018.01.20-10.14.21:995][372]LogModuleManager: Shutting down and abandoning module LinuxServerTargetPlatform (113)
[2018.01.20-10.14.21:995][372]LogModuleManager: Shutting down and abandoning module LinuxNoEditorTargetPlatform (111)
[2018.01.20-10.14.21:995][372]LogModuleManager: Shutting down and abandoning module LinuxClientTargetPlatform (109)
[2018.01.20-10.14.21:995][372]LogModuleManager: Shutting down and abandoning module TVOSTargetPlatform (107)
[2018.01.20-10.14.21:995][372]LogModuleManager: Shutting down and abandoning module Messaging (105)
[2018.01.20-10.14.21:995][372]LogModuleManager: Shutting down and abandoning module IOSTargetPlatform (103)
[2018.01.20-10.14.21:995][372]LogModuleManager: Shutting down and abandoning module HTML5TargetPlatform (101)
[2018.01.20-10.14.21:995][372]LogModuleManager: Shutting down and abandoning module AndroidTargetPlatform (99)
[2018.01.20-10.14.21:995][372]LogModuleManager: Shutting down and abandoning module Android_PVRTCTargetPlatform (97)
[2018.01.20-10.14.21:995][372]LogModuleManager: Shutting down and abandoning module Android_MultiTargetPlatform (95)
[2018.01.20-10.14.21:995][372]LogModuleManager: Shutting down and abandoning module Android_ETC2TargetPlatform (93)
[2018.01.20-10.14.21:995][372]LogModuleManager: Shutting down and abandoning module Android_ETC1TargetPlatform (91)
[2018.01.20-10.14.21:995][372]LogModuleManager: Shutting down and abandoning module Android_DXTTargetPlatform (89)
[2018.01.20-10.14.21:995][372]LogModuleManager: Shutting down and abandoning module Android_ATCTargetPlatform (87)
[2018.01.20-10.14.21:995][372]LogModuleManager: Shutting down and abandoning module Android_ASTCTargetPlatform (85)
[2018.01.20-10.14.21:995][372]LogModuleManager: Shutting down and abandoning module WindowsTargetPlatform (83)
[2018.01.20-10.14.21:995][372]LogModuleManager: Shutting down and abandoning module WindowsServerTargetPlatform (81)
[2018.01.20-10.14.21:995][372]LogModuleManager: Shutting down and abandoning module WindowsNoEditorTargetPlatform (79)
[2018.01.20-10.14.21:995][372]LogModuleManager: Shutting down and abandoning module WindowsClientTargetPlatform (77)
[2018.01.20-10.14.21:995][372]LogModuleManager: Shutting down and abandoning module MacTargetPlatform (75)
[2018.01.20-10.14.21:995][372]LogModuleManager: Shutting down and abandoning module MacServerTargetPlatform (73)
[2018.01.20-10.14.21:995][372]LogModuleManager: Shutting down and abandoning module MacNoEditorTargetPlatform (71)
[2018.01.20-10.14.21:995][372]LogModuleManager: Shutting down and abandoning module MacClientTargetPlatform (69)
[2018.01.20-10.14.21:995][372]LogModuleManager: Shutting down and abandoning module AllDesktopTargetPlatform (67)
[2018.01.20-10.14.21:995][372]LogModuleManager: Shutting down and abandoning module InputCore (64)
[2018.01.20-10.14.21:995][372]LogModuleManager: Shutting down and abandoning module Settings (62)
[2018.01.20-10.14.21:996][372]LogModuleManager: Shutting down and abandoning module PhysXCooking (60)
[2018.01.20-10.14.21:996][372]LogModuleManager: Shutting down and abandoning module SteamVR (58)
[2018.01.20-10.14.21:996][372]LogModuleManager: Shutting down and abandoning module OculusHMD (56)
[2018.01.20-10.14.21:996][372]LogModuleManager: Shutting down and abandoning module ExampleDeviceProfileSelector (54)
[2018.01.20-10.14.21:996][372]LogModuleManager: Shutting down and abandoning module AppleARKit (52)
[2018.01.20-10.14.21:996][372]LogModuleManager: Shutting down and abandoning module AugmentedReality (51)
[2018.01.20-10.14.21:996][372]LogModuleManager: Shutting down and abandoning module OnlineBlueprintSupport (48)
[2018.01.20-10.14.21:996][372]LogModuleManager: Shutting down and abandoning module OnlineSubsystem (44)
[2018.01.20-10.14.21:996][372]LogModuleManager: Shutting down and abandoning module XMPP (43)
[2018.01.20-10.14.21:996][372]LogModuleManager: Shutting down and abandoning module HTTP (41)
[2018.01.20-10.14.21:996][372]LogHttp: Display: Http module shutting down, but needs to wait on 1 outstanding Http requests:
[2018.01.20-10.14.21:996][372]LogHttp: Display: 	verb=[POST] url=[https://datarouter.ol.epicgames.com/datarouter/api/v1/public/data?SessionID=%7B5652DD27-4D89-F2ED-34AB-84958198F541%7D&AppID=UEEditor.Rocket.Release&AppVersion=4.18.3-3832480%2B%2B%2BUE4%2BRelease-4.18&UserID=81c28c7e4510db99c1cc39b6d8b61089%7Cdfb84846bd18458ea4123b3e7e2ad85b%7C4f22a1ce-a3e3-4795-805e-303ad6fdc865&AppEnvironment=datacollector-binary&UploadType=eteventstream] status=Processing
[2018.01.20-10.14.22:019][372]LogModuleManager: Shutting down and abandoning module SSL (40)
[2018.01.20-10.14.22:021][372]LogModuleManager: Shutting down and abandoning module AnimationModifiers (36)
[2018.01.20-10.14.22:021][372]LogModuleManager: Shutting down and abandoning module PropertyEditor (35)
[2018.01.20-10.14.22:022][372]LogModuleManager: Shutting down and abandoning module AudioEditor (32)
[2018.01.20-10.14.22:022][372]LogModuleManager: Shutting down and abandoning module TextureCompressor (30)
[2018.01.20-10.14.22:022][372]LogModuleManager: Shutting down and abandoning module ShaderCore (28)
[2018.01.20-10.14.22:022][372]LogModuleManager: Shutting down and abandoning module Landscape (26)
[2018.01.20-10.14.22:022][372]LogModuleManager: Shutting down and abandoning module SlateRHIRenderer (24)
[2018.01.20-10.14.22:036][372]LogModuleManager: Shutting down and abandoning module OpenGLDrv (22)
[2018.01.20-10.14.22:036][372]LogModuleManager: Shutting down and abandoning module D3D11RHI (20)
[2018.01.20-10.14.22:036][372]LogModuleManager: Shutting down and abandoning module AnimGraphRuntime (18)
[2018.01.20-10.14.22:036][372]LogModuleManager: Shutting down and abandoning module Renderer (16)
[2018.01.20-10.14.22:036][372]LogModuleManager: Shutting down and abandoning module Engine (14)
[2018.01.20-10.14.22:036][372]LogModuleManager: Shutting down and abandoning module CoreUObject (12)
[2018.01.20-10.14.22:036][372]LogModuleManager: Shutting down and abandoning module NetworkFile (10)
[2018.01.20-10.14.22:036][372]LogModuleManager: Shutting down and abandoning module CookedIterativeFile (8)
[2018.01.20-10.14.22:036][372]LogModuleManager: Shutting down and abandoning module StreamingFile (6)
[2018.01.20-10.14.22:036][372]LogModuleManager: Shutting down and abandoning module SandboxFile (4)
[2018.01.20-10.14.22:036][372]LogModuleManager: Shutting down and abandoning module PakFile (2)
[2018.01.20-10.14.22:041][372]LogExit: Exiting.
[2018.01.20-10.14.22:066][372]Log file closed, 01/20/18 18:14:22
