Log file open, 01/19/18 12:57:54
LogWindows: Failed to load 'aqProf.dll' (GetLastError=126)
LogWindows: File 'aqProf.dll' does not exist
LogWindows: Failed to load 'VSPerf140.dll' (GetLastError=126)
LogWindows: File 'VSPerf140.dll' does not exist
LogWindows: Failed to load 'VtuneApi.dll' (GetLastError=126)
LogWindows: File 'VtuneApi.dll' does not exist
LogWindows: Failed to load 'VtuneApi32e.dll' (GetLastError=126)
LogWindows: File 'VtuneApi32e.dll' does not exist
LogInit: Display: Running engine for game: Life
LogPlatformFile: Not using cached read wrapper
LogInit: Display: RandInit(-635400354) SRandInit(-635400354).
LogInit: Read version file with build ID '3709383'
LogInit: Overriding engine version to CL 3832480, compatible CL 3709383
LogInit: Registered custom module enumerator with build ID '3709383'
LogTaskGraph: Started task graph with 5 named threads and 14 total threads with 3 sets of task threads.
LogStats: Stats thread started at 0.278796
LogD3D11RHI: Aftermath initialized
LogModuleManager: Display: Found up-to-date module file ../../../Engine/Plugins/2D/Paper2D/Binaries/Win64/UE4Editor-Paper2D.dll (API version 3709383).
LogModuleManager: Display: Found up-to-date module file ../../../Engine/Plugins/2D/Paper2D/Binaries/Win64/UE4Editor-Paper2DEditor.dll (API version 3709383).
LogModuleManager: Display: Found up-to-date module file ../../../Engine/Plugins/2D/Paper2D/Binaries/Win64/UE4Editor-PaperSpriteSheetImporter.dll (API version 3709383).
LogModuleManager: Display: Found up-to-date module file ../../../Engine/Plugins/2D/Paper2D/Binaries/Win64/UE4Editor-PaperTiledImporter.dll (API version 3709383).
LogModuleManager: Display: Found up-to-date module file ../../../Engine/Plugins/2D/Paper2D/Binaries/Win64/UE4Editor-SmartSnapping.dll (API version 3709383).
LogModuleManager: Display: Found up-to-date module file ../../../Engine/Plugins/Blendables/LightPropagationVolume/Binaries/Win64/UE4Editor-LightPropagationVolumeRuntime.dll (API version 3709383).
LogModuleManager: Display: Found up-to-date module file ../../../Engine/Plugins/Blendables/LightPropagationVolume/Binaries/Win64/UE4Editor-LightPropagationVolumeEditor.dll (API version 3709383).
LogModuleManager: Display: Found up-to-date module file ../../../Engine/Plugins/Developer/GitSourceControl/Binaries/Win64/UE4Editor-GitSourceControl.dll (API version 3709383).
LogModuleManager: Display: Found up-to-date module file ../../../Engine/Plugins/Developer/PerforceSourceControl/Binaries/Win64/UE4Editor-PerforceSourceControl.dll (API version 3709383).
LogModuleManager: Display: Found up-to-date module file ../../../Engine/Plugins/Developer/SubversionSourceControl/Binaries/Win64/UE4Editor-SubversionSourceControl.dll (API version 3709383).
LogModuleManager: Display: Found up-to-date module file ../../../Engine/Plugins/Developer/UObjectPlugin/Binaries/Win64/UE4Editor-UObjectPlugin.dll (API version 3709383).
LogModuleManager: Display: Found up-to-date module file ../../../Engine/Plugins/Developer/VisualStudioCodeSourceCodeAccess/Binaries/Win64/UE4Editor-VisualStudioCodeSourceCodeAccess.dll (API version 3709383).
LogModuleManager: Display: Found up-to-date module file ../../../Engine/Plugins/Developer/VisualStudioSourceCodeAccess/Binaries/Win64/UE4Editor-VisualStudioSourceCodeAccess.dll (API version 3709383).
LogModuleManager: Display: Found up-to-date module file ../../../Engine/Plugins/Editor/AssetManagerEditor/Binaries/Win64/UE4Editor-AssetManagerEditor.dll (API version 3709383).
LogModuleManager: Display: Found up-to-date module file ../../../Engine/Plugins/Editor/AudioCapture/Binaries/Win64/UE4Editor-AudioCapture.dll (API version 3709383).
LogModuleManager: Display: Found up-to-date module file ../../../Engine/Plugins/Editor/FacialAnimation/Binaries/Win64/UE4Editor-FacialAnimation.dll (API version 3709383).
LogModuleManager: Display: Found up-to-date module file ../../../Engine/Plugins/Editor/FacialAnimation/Binaries/Win64/UE4Editor-FacialAnimationEditor.dll (API version 3709383).
LogModuleManager: Display: Found up-to-date module file ../../../Engine/Plugins/Editor/GameplayTagsEditor/Binaries/Win64/UE4Editor-GameplayTagsEditor.dll (API version 3709383).
LogModuleManager: Display: Found up-to-date module file ../../../Engine/Plugins/Editor/MobileLauncherProfileWizard/Binaries/Win64/UE4Editor-MobileLauncherProfileWizard.dll (API version 3709383).
LogModuleManager: Display: Found up-to-date module file ../../../Engine/Plugins/Editor/PluginBrowser/Binaries/Win64/UE4Editor-PluginBrowser.dll (API version 3709383).
LogModuleManager: Display: Found up-to-date module file ../../../Engine/Plugins/Editor/SpeedTreeImporter/Binaries/Win64/UE4Editor-SpeedTreeImporter.dll (API version 3709383).
LogModuleManager: Display: Found up-to-date module file ../../../Engine/Plugins/Experimental/AlembicImporter/Binaries/Win64/UE4Editor-AlembicImporter.dll (API version 3709383).
LogModuleManager: Display: Found up-to-date module file ../../../Engine/Plugins/Experimental/AlembicImporter/Binaries/Win64/UE4Editor-AlembicLibrary.dll (API version 3709383).
LogModuleManager: Display: Found up-to-date module file ../../../Engine/Plugins/Experimental/CharacterAI/Binaries/Win64/UE4Editor-CharacterAI.dll (API version 3709383).
LogModuleManager: Display: Found up-to-date module file ../../../Engine/Plugins/Experimental/HTML5Networking/Binaries/Win64/UE4Editor-HTML5Networking.dll (API version 3709383).
LogModuleManager: Display: Found up-to-date module file ../../../Engine/Plugins/Media/AndroidMedia/Binaries/Win64/UE4Editor-AndroidMediaEditor.dll (API version 3709383).
LogModuleManager: Display: Found up-to-date module file ../../../Engine/Plugins/Media/AndroidMedia/Binaries/Win64/UE4Editor-AndroidMediaFactory.dll (API version 3709383).
LogModuleManager: Display: Found up-to-date module file ../../../Engine/Plugins/Media/AvfMedia/Binaries/Win64/UE4Editor-AvfMediaEditor.dll (API version 3709383).
LogModuleManager: Display: Found up-to-date module file ../../../Engine/Plugins/Media/AvfMedia/Binaries/Win64/UE4Editor-AvfMediaFactory.dll (API version 3709383).
LogModuleManager: Display: Found up-to-date module file ../../../Engine/Plugins/Media/AvfMedia/Binaries/Win64/UE4Editor-AvfMediaFactory.dll (API version 3709383).
LogModuleManager: Display: Found up-to-date module file ../../../Engine/Plugins/Media/ImgMedia/Binaries/Win64/UE4Editor-ImgMedia.dll (API version 3709383).
LogModuleManager: Display: Found up-to-date module file ../../../Engine/Plugins/Media/ImgMedia/Binaries/Win64/UE4Editor-ImgMediaEditor.dll (API version 3709383).
LogModuleManager: Display: Found up-to-date module file ../../../Engine/Plugins/Media/ImgMedia/Binaries/Win64/UE4Editor-ImgMediaFactory.dll (API version 3709383).
LogModuleManager: Display: Found up-to-date module file ../../../Engine/Plugins/Media/ImgMedia/Binaries/Win64/UE4Editor-ImgMediaFactory.dll (API version 3709383).
LogModuleManager: Display: Found up-to-date module file ../../../Engine/Plugins/Media/ImgMedia/Binaries/Win64/UE4Editor-OpenExrWrapper.dll (API version 3709383).
LogModuleManager: Display: Found up-to-date module file ../../../Engine/Plugins/Media/MediaCompositing/Binaries/Win64/UE4Editor-MediaCompositing.dll (API version 3709383).
LogModuleManager: Display: Found up-to-date module file ../../../Engine/Plugins/Media/MediaCompositing/Binaries/Win64/UE4Editor-MediaCompositingEditor.dll (API version 3709383).
LogModuleManager: Display: Found up-to-date module file ../../../Engine/Plugins/Media/MediaPlayerEditor/Binaries/Win64/UE4Editor-MediaPlayerEditor.dll (API version 3709383).
LogModuleManager: Display: Found up-to-date module file ../../../Engine/Plugins/Media/WmfMedia/Binaries/Win64/UE4Editor-WmfMedia.dll (API version 3709383).
LogModuleManager: Display: Found up-to-date module file ../../../Engine/Plugins/Media/WmfMedia/Binaries/Win64/UE4Editor-WmfMediaEditor.dll (API version 3709383).
LogModuleManager: Display: Found up-to-date module file ../../../Engine/Plugins/Media/WmfMedia/Binaries/Win64/UE4Editor-WmfMediaFactory.dll (API version 3709383).
LogModuleManager: Display: Found up-to-date module file ../../../Engine/Plugins/Media/WmfMedia/Binaries/Win64/UE4Editor-WmfMediaFactory.dll (API version 3709383).
LogModuleManager: Display: Found up-to-date module file ../../../Engine/Plugins/Messaging/TcpMessaging/Binaries/Win64/UE4Editor-TcpMessaging.dll (API version 3709383).
LogModuleManager: Display: Found up-to-date module file ../../../Engine/Plugins/Messaging/UdpMessaging/Binaries/Win64/UE4Editor-UdpMessaging.dll (API version 3709383).
LogModuleManager: Display: Found up-to-date module file ../../../Engine/Plugins/MovieScene/ActorSequence/Binaries/Win64/UE4Editor-ActorSequence.dll (API version 3709383).
LogModuleManager: Display: Found up-to-date module file ../../../Engine/Plugins/MovieScene/LevelSequenceEditor/Binaries/Win64/UE4Editor-LevelSequenceEditor.dll (API version 3709383).
LogModuleManager: Display: Found up-to-date module file ../../../Engine/Plugins/MovieScene/MatineeToLevelSequence/Binaries/Win64/UE4Editor-MatineeToLevelSequence.dll (API version 3709383).
LogModuleManager: Display: Found up-to-date module file ../../../Engine/Plugins/Online/OnlineSubsystem/Binaries/Win64/UE4Editor-OnlineSubsystem.dll (API version 3709383).
LogModuleManager: Display: Found up-to-date module file ../../../Engine/Plugins/Runtime/AndroidPermission/Binaries/Win64/UE4Editor-AndroidPermission.dll (API version 3709383).
LogModuleManager: Display: Found up-to-date module file ../../../Engine/Plugins/Online/OnlineSubsystemNull/Binaries/Win64/UE4Editor-OnlineSubsystemNull.dll (API version 3709383).
LogModuleManager: Display: Found up-to-date module file ../../../Engine/Plugins/Online/OnlineSubsystemUtils/Binaries/Win64/UE4Editor-OnlineSubsystemUtils.dll (API version 3709383).
LogModuleManager: Display: Found up-to-date module file ../../../Engine/Plugins/Online/OnlineSubsystemUtils/Binaries/Win64/UE4Editor-OnlineBlueprintSupport.dll (API version 3709383).
LogModuleManager: Display: Found up-to-date module file ../../../Engine/Plugins/Runtime/AndroidDeviceProfileSelector/Binaries/Win64/UE4Editor-AndroidDeviceProfileSelector.dll (API version 3709383).
LogModuleManager: Display: Found up-to-date module file ../../../Engine/Plugins/Runtime/AppleARKit/Binaries/Win64/UE4Editor-AppleARKit.dll (API version 3709383).
LogModuleManager: Display: Found up-to-date module file ../../../Engine/Plugins/Runtime/ArchVisCharacter/Binaries/Win64/UE4Editor-ArchVisCharacter.dll (API version 3709383).
LogModuleManager: Display: Found up-to-date module file ../../../Engine/Plugins/Runtime/CableComponent/Binaries/Win64/UE4Editor-CableComponent.dll (API version 3709383).
LogModuleManager: Display: Found up-to-date module file ../../../Engine/Plugins/Runtime/CustomMeshComponent/Binaries/Win64/UE4Editor-CustomMeshComponent.dll (API version 3709383).
LogModuleManager: Display: Found up-to-date module file ../../../Engine/Plugins/Runtime/ExampleDeviceProfileSelector/Binaries/Win64/UE4Editor-ExampleDeviceProfileSelector.dll (API version 3709383).
LogModuleManager: Display: Found up-to-date module file ../../../Engine/Plugins/Runtime/ImmediatePhysics/Binaries/Win64/UE4Editor-ImmediatePhysics.dll (API version 3709383).
LogModuleManager: Display: Found up-to-date module file ../../../Engine/Plugins/Runtime/ImmediatePhysics/Binaries/Win64/UE4Editor-ImmediatePhysicsEditor.dll (API version 3709383).
LogModuleManager: Display: Found up-to-date module file ../../../Engine/Plugins/Runtime/LocationServicesBPLibrary/Binaries/Win64/UE4Editor-LocationServicesBPLibrary.dll (API version 3709383).
LogModuleManager: Display: Found up-to-date module file ../../../Engine/Plugins/Runtime/MobilePatchingUtils/Binaries/Win64/UE4Editor-MobilePatchingUtils.dll (API version 3709383).
LogModuleManager: Display: Found up-to-date module file ../../../Engine/Plugins/Runtime/Oculus/OculusVR/Binaries/Win64/UE4Editor-OculusHMD.dll (API version 3709383).
LogModuleManager: Display: Found up-to-date module file ../../../Engine/Plugins/Runtime/Oculus/OculusVR/Binaries/Win64/UE4Editor-OculusInput.dll (API version 3709383).
LogModuleManager: Display: Found up-to-date module file ../../../Engine/Plugins/Runtime/Oculus/OculusVR/Binaries/Win64/UE4Editor-OculusEditor.dll (API version 3709383).
LogModuleManager: Display: Found up-to-date module file ../../../Engine/Plugins/Runtime/PhysXVehicles/Binaries/Win64/UE4Editor-PhysXVehicles.dll (API version 3709383).
LogModuleManager: Display: Found up-to-date module file ../../../Engine/Plugins/Runtime/PhysXVehicles/Binaries/Win64/UE4Editor-PhysXVehiclesEditor.dll (API version 3709383).
LogModuleManager: Display: Found up-to-date module file ../../../Engine/Plugins/Runtime/ProceduralMeshComponent/Binaries/Win64/UE4Editor-ProceduralMeshComponent.dll (API version 3709383).
LogModuleManager: Display: Found up-to-date module file ../../../Engine/Plugins/Runtime/ProceduralMeshComponent/Binaries/Win64/UE4Editor-ProceduralMeshComponentEditor.dll (API version 3709383).
LogModuleManager: Display: Found up-to-date module file ../../../Engine/Plugins/Runtime/RuntimePhysXCooking/Binaries/Win64/UE4Editor-RuntimePhysXCooking.dll (API version 3709383).
LogModuleManager: Display: Found up-to-date module file ../../../Engine/Plugins/Runtime/Steam/SteamVR/Binaries/Win64/UE4Editor-SteamVR.dll (API version 3709383).
LogModuleManager: Display: Found up-to-date module file ../../../Engine/Plugins/Runtime/Steam/SteamVR/Binaries/Win64/UE4Editor-SteamVRController.dll (API version 3709383).
LogModuleManager: Display: Found up-to-date module file ../../../Engine/Plugins/Runtime/WindowsMoviePlayer/Binaries/Win64/UE4Editor-WindowsMoviePlayer.dll (API version 3709383).
LogPluginManager: Mounting plugin Paper2D
LogPluginManager: Mounting plugin LightPropagationVolume
LogPluginManager: Mounting plugin CodeLiteSourceCodeAccess
LogPluginManager: Mounting plugin GitSourceControl
LogPluginManager: Mounting plugin KDevelopSourceCodeAccess
LogPluginManager: Mounting plugin NullSourceCodeAccess
LogPluginManager: Mounting plugin PerforceSourceControl
LogPluginManager: Mounting plugin SubversionSourceControl
LogPluginManager: Mounting plugin UObjectPlugin
LogPluginManager: Mounting plugin VisualStudioCodeSourceCodeAccess
LogPluginManager: Mounting plugin VisualStudioSourceCodeAccess
LogPluginManager: Mounting plugin XCodeSourceCodeAccess
LogPluginManager: Mounting plugin AssetManagerEditor
LogPluginManager: Mounting plugin AudioCapture
LogPluginManager: Mounting plugin FacialAnimation
LogPluginManager: Mounting plugin GameplayTagsEditor
LogPluginManager: Mounting plugin MobileLauncherProfileWizard
LogPluginManager: Mounting plugin PluginBrowser
LogPluginManager: Mounting plugin SpeedTreeImporter
LogPluginManager: Mounting plugin AlembicImporter
LogPluginManager: Mounting plugin CharacterAI
LogPluginManager: Mounting plugin HTML5Networking
LogPluginManager: Mounting plugin AndroidMedia
LogPluginManager: Mounting plugin AvfMedia
LogPluginManager: Mounting plugin ImgMedia
LogPluginManager: Mounting plugin MediaCompositing
LogPluginManager: Mounting plugin MediaPlayerEditor
LogPluginManager: Mounting plugin WmfMedia
LogPluginManager: Mounting plugin TcpMessaging
LogPluginManager: Mounting plugin UdpMessaging
LogPluginManager: Mounting plugin ActorSequence
LogPluginManager: Mounting plugin LevelSequenceEditor
LogPluginManager: Mounting plugin MatineeToLevelSequence
LogPluginManager: Mounting plugin OnlineSubsystemGooglePlay
LogPluginManager: Mounting plugin OnlineSubsystemIOS
LogPluginManager: Mounting plugin OnlineSubsystem
LogPluginManager: Mounting plugin OnlineSubsystemNull
LogPluginManager: Mounting plugin OnlineSubsystemUtils
LogPluginManager: Mounting plugin AndroidDeviceProfileSelector
LogPluginManager: Mounting plugin AndroidMoviePlayer
LogPluginManager: Mounting plugin AndroidPermission
LogPluginManager: Mounting plugin AppleARKit
LogPluginManager: Mounting plugin AppleMoviePlayer
LogPluginManager: Mounting plugin ArchVisCharacter
LogPluginManager: Mounting plugin CableComponent
LogPluginManager: Mounting plugin CustomMeshComponent
LogPluginManager: Mounting plugin ExampleDeviceProfileSelector
LogPluginManager: Mounting plugin GoogleCloudMessaging
LogPluginManager: Mounting plugin ImmediatePhysics
LogPluginManager: Mounting plugin IOSDeviceProfileSelector
LogPluginManager: Mounting plugin LinuxDeviceProfileSelector
LogPluginManager: Mounting plugin LocationServicesBPLibrary
LogPluginManager: Mounting plugin MobilePatchingUtils
LogPluginManager: Mounting plugin OculusVR
LogPluginManager: Plugin shader directory ../../../Engine/Plugins/Runtime/Oculus/OculusVR/Shaders found
LogPluginManager: Mapping shader source directory ../../../Engine/Plugins/Runtime/Oculus/OculusVR/Shaders to virtual directory /Plugin/OculusVR
LogPluginManager: Mounting plugin PhysXVehicles
LogPluginManager: Mounting plugin ProceduralMeshComponent
LogPluginManager: Mounting plugin RuntimePhysXCooking
LogPluginManager: Mounting plugin SteamVR
LogPluginManager: Mounting plugin WindowsMoviePlayer
LogInit: Using libcurl 7.47.1
LogInit:  - built for x86_64-pc-win32
LogInit:  - supports SSL with OpenSSL/1.0.2g
LogInit:  - supports HTTP deflate (compression) using libz 1.2.8
LogInit:  - other features:
LogInit:      CURL_VERSION_SSL
LogInit:      CURL_VERSION_LIBZ
LogInit:      CURL_VERSION_IPV6
LogInit:      CURL_VERSION_ASYNCHDNS
LogInit:      CURL_VERSION_LARGEFILE
LogInit:      CURL_VERSION_IDN
LogInit:  CurlRequestOptions (configurable via config and command line):
LogInit:  - bVerifyPeer = false  - Libcurl will NOT verify peer certificate
LogInit:  - bUseHttpProxy = false  - Libcurl will NOT use HTTP proxy
LogInit:  - bDontReuseConnections = false  - Libcurl will reuse connections
LogInit:  - CertBundlePath = nullptr  - Libcurl will use whatever was configured at build time.
LogInit: Build: ++UE4+Release-4.18-CL-3832480
LogInit: Engine Version: 4.18.3-3832480+++UE4+Release-4.18
LogInit: Compatible Engine Version: 4.18.0-3709383+++UE4+Release-4.18
LogInit: Net CL: 3709383
LogDevObjectVersion: Number of dev versions registered: 16
LogDevObjectVersion:   Dev-Blueprints (B0D832E4-1F89-4F0D-ACCF-7EB736FD4AA2): 10
LogDevObjectVersion:   Dev-Build (E1C64328-A22C-4D53-A36C-8E866417BD8C): 0
LogDevObjectVersion:   Dev-Core (375EC13C-06E4-48FB-B500-84F0262A717E): 2
LogDevObjectVersion:   Dev-Editor (E4B068ED-F494-42E9-A231-DA0B2E46BB41): 20
LogDevObjectVersion:   Dev-Framework (CFFC743F-43B0-4480-9391-14DF171D2073): 30
LogDevObjectVersion:   Dev-Mobile (B02B49B5-BB20-44E9-A304-32B752E40360): 0
LogDevObjectVersion:   Dev-Networking (A4E4105C-59A1-49B5-A7C5-40C4547EDFEE): 0
LogDevObjectVersion:   Dev-Online (39C831C9-5AE6-47DC-9A44-9C173E1C8E7C): 0
LogDevObjectVersion:   Dev-Physics (78F01B33-EBEA-4F98-B9B4-84EACCB95AA2): 0
LogDevObjectVersion:   Dev-Platform (6631380F-2D4D-43E0-8009-CF276956A95A): 0
LogDevObjectVersion:   Dev-Rendering (12F88B9F-8875-4AFC-A67C-D90C383ABD29): 20
LogDevObjectVersion:   Dev-Sequencer (7B5AE74C-D270-4C10-A958-57980B212A5A): 4
LogDevObjectVersion:   Dev-VR (D7296918-1DD6-4BDD-9DE2-64A83CC13884): 0
LogDevObjectVersion:   Dev-LoadTimes (C2A15278-BFE7-4AFE-6C17-90FF531DF755): 1
LogDevObjectVersion:   Private-Geometry (6EACA3D4-40EC-4CC1-B786-8BED09428FC5): 1
LogDevObjectVersion:   Dev-AnimPhys (29E575DD-E0A3-4627-9D10-D276232CDCEA): 12
LogInit: Compiled (64-bit): Jan 12 2018 02:04:55
LogInit: Compiled with Visual C++: 19.00.24215.01
LogInit: Build Configuration: Development
LogInit: Branch Name: ++UE4+Release-4.18
LogInit: Command line:  
LogInit: Base directory: D:/Epic Games/UE_4.18/Engine/Binaries/Win64/
LogInit: Installed Engine Build: 1
LogInit: Presizing for max 8388607 objects, including 0 objects not considered by GC, pre-allocating 0 bytes for permanent pool.
LogInit: Object subsystem initialized
[2018.01.19-04.57.59:445][  0]LogInit: Selected Device Profile: [Windows]
[2018.01.19-04.57.59:445][  0]LogInit: Applying CVar settings loaded from the selected device profile: [Windows]
[2018.01.19-04.57.59:522][  0]LogInit: Computer: DESKTOP-LSRTGJ7
[2018.01.19-04.57.59:522][  0]LogInit: User: ShangdaWu
[2018.01.19-04.57.59:522][  0]LogInit: CPU Page size=4096, Cores=4
[2018.01.19-04.57.59:522][  0]LogInit: High frequency timer resolution =2.648438 MHz
[2018.01.19-04.57.59:522][  0]LogMemory: Memory total: Physical=7.9GB (8GB approx)
[2018.01.19-04.57.59:522][  0]LogMemory: Platform Memory Stats for Windows
[2018.01.19-04.57.59:522][  0]LogMemory: Process Physical Memory: 275.85 MB used, 275.85 MB peak
[2018.01.19-04.57.59:522][  0]LogMemory: Process Virtual Memory: 269.78 MB used, 269.78 MB peak
[2018.01.19-04.57.59:522][  0]LogMemory: Physical Memory: 3771.94 MB used,  4300.88 MB free, 8072.82 MB total
[2018.01.19-04.57.59:522][  0]LogMemory: Virtual Memory: 677.40 MB used,  4300.88 MB free, 134217728.00 MB total
[2018.01.19-04.58.01:570][  0]LogInit: Overriding language with editor language configuration option (en).
[2018.01.19-04.58.01:570][  0]LogInit: Overriding locale with editor locale configuration option (en).
[2018.01.19-04.58.02:759][  0]LogInit: Setting process to per monitor DPI aware
[2018.01.19-04.58.06:531][  0]LogD3D11RHI: D3D11 adapters:
[2018.01.19-04.58.06:586][  0]LogD3D11RHI:    0. 'NVIDIA GeForce GTX 1060' (Feature Level 11_0)
[2018.01.19-04.58.06:586][  0]LogD3D11RHI:       6061/0/4036 MB DedicatedVideo/DedicatedSystem/SharedSystem, Outputs:2, VendorId:0x10de
[2018.01.19-04.58.06:594][  0]LogD3D11RHI:    1. 'Intel(R) HD Graphics 530' (Feature Level 11_0)
[2018.01.19-04.58.06:594][  0]LogD3D11RHI:       128/0/4036 MB DedicatedVideo/DedicatedSystem/SharedSystem, Outputs:0, VendorId:0x8086
[2018.01.19-04.58.06:599][  0]LogD3D11RHI:    2. 'Microsoft Basic Render Driver' (Feature Level 11_0)
[2018.01.19-04.58.06:599][  0]LogD3D11RHI:       0/0/4036 MB DedicatedVideo/DedicatedSystem/SharedSystem, Outputs:0, VendorId:0x1414
[2018.01.19-04.58.06:599][  0]LogD3D11RHI: Chosen D3D11 Adapter: 0
[2018.01.19-04.58.06:606][  0]LogD3D11RHI: Creating new Direct3DDevice
[2018.01.19-04.58.06:606][  0]LogD3D11RHI:     GPU DeviceId: 0x1c20 (for the marketing name, search the web for "GPU Device Id")
[2018.01.19-04.58.06:606][  0]LogWindows: EnumDisplayDevices:
[2018.01.19-04.58.06:606][  0]LogWindows:    0. 'Intel(R) HD Graphics 530' (P:1 D:1)
[2018.01.19-04.58.06:608][  0]LogWindows:    1. 'Intel(R) HD Graphics 530' (P:0 D:0)
[2018.01.19-04.58.06:608][  0]LogWindows:    2. 'Intel(R) HD Graphics 530' (P:0 D:0)
[2018.01.19-04.58.06:608][  0]LogWindows:    3. 'NVIDIA GeForce GTX 1060' (P:0 D:1)
[2018.01.19-04.58.06:608][  0]LogWindows:    4. 'NVIDIA GeForce GTX 1060' (P:0 D:0)
[2018.01.19-04.58.06:608][  0]LogWindows:    5. 'NVIDIA GeForce GTX 1060' (P:0 D:0)
[2018.01.19-04.58.06:608][  0]LogWindows:    6. 'NVIDIA GeForce GTX 1060' (P:0 D:0)
[2018.01.19-04.58.06:608][  0]LogWindows: DebugString: GetVideoDriverDetailsInvalid PrimaryIsNotTheChoosenAdapter GetVideoDriverDetailsInvalid PrimaryIsNotTheChoosenAdapter GetVideoDriverDetailsInvalid PrimaryIsNotTheChoosenAdapter GetVideoDriverDetailsInvalid PrimaryIsNotTheChoosenAdapter GetVideoDriverDetailsInvalid PrimaryIsNotTheChoosenAdapter GetVideoDriverDetailsInvalid PrimaryIsNotTheChoosenAdapter GetVideoDriverDetailsInvalid PrimaryIsNotTheChoosenAdapter FoundDriverCount:0 
[2018.01.19-04.58.06:608][  0]LogD3D11RHI:     Adapter Name: NVIDIA GeForce GTX 1060
[2018.01.19-04.58.06:608][  0]LogD3D11RHI:   Driver Version: Unknown (internal:Unknown, unified:Unknown)
[2018.01.19-04.58.06:608][  0]LogD3D11RHI:      Driver Date: Unknown
[2018.01.19-04.58.06:608][  0]LogRHI: Texture pool is 4242 MB (70% of 6061 MB)
[2018.01.19-04.58.06:639][  0]LogD3D11RHI: Async texture creation enabled
[2018.01.19-04.58.06:654][  0]LogD3D11RHI: GPU Timing Frequency: 1000.000000 (Debug: 2 1)
[2018.01.19-04.58.06:698][  0]LogShaderCompilers: Guid format shader working directory is 41 characters bigger than the processId version (E:/UE/Life/Intermediate/Shaders/WorkingDirectory/9872/).
[2018.01.19-04.58.06:698][  0]LogShaderCompilers: Cleaned the shader compiler working directory 'C:/Users/Shangda.Wu/AppData/Local/Temp/UnrealShaderWorkingDir/8ABD206A4D96247838EF12B5E2B5E60A/'.
[2018.01.19-04.58.06:698][  0]LogShaderCompilers: Display: Using Local Shader Compiler.
[2018.01.19-04.58.09:942][  0]LogTemp: Display: Loaded TP AllDesktopTargetPlatform
[2018.01.19-04.58.09:980][  0]LogTemp: Display: Loaded TP MacClientTargetPlatform
[2018.01.19-04.58.10:021][  0]LogTemp: Display: Loaded TP MacNoEditorTargetPlatform
[2018.01.19-04.58.10:059][  0]LogTemp: Display: Loaded TP MacServerTargetPlatform
[2018.01.19-04.58.10:128][  0]LogTemp: Display: Loaded TP MacTargetPlatform
[2018.01.19-04.58.10:165][  0]LogTemp: Display: Loaded TP WindowsClientTargetPlatform
[2018.01.19-04.58.10:205][  0]LogTemp: Display: Loaded TP WindowsNoEditorTargetPlatform
[2018.01.19-04.58.10:245][  0]LogTemp: Display: Loaded TP WindowsServerTargetPlatform
[2018.01.19-04.58.10:277][  0]LogTemp: Display: Loaded TP WindowsTargetPlatform
[2018.01.19-04.58.10:316][  0]LogTemp: Display: Loaded TP Android_ASTCTargetPlatform
[2018.01.19-04.58.10:356][  0]LogTemp: Display: Loaded TP Android_ATCTargetPlatform
[2018.01.19-04.58.10:396][  0]LogTemp: Display: Loaded TP Android_DXTTargetPlatform
[2018.01.19-04.58.10:438][  0]LogTemp: Display: Loaded TP Android_ETC1TargetPlatform
[2018.01.19-04.58.10:476][  0]LogTemp: Display: Loaded TP Android_ETC2TargetPlatform
[2018.01.19-04.58.10:552][  0]LogTemp: Display: Loaded TP Android_MultiTargetPlatform
[2018.01.19-04.58.10:552][  0]LogTemp: Display: Loaded TP Android_PVRTCTargetPlatform
[2018.01.19-04.58.10:642][  0]LogTemp: Display: Loaded TP AndroidTargetPlatform
[2018.01.19-04.58.10:675][  0]LogTemp: Display: Loaded TP HTML5TargetPlatform
[2018.01.19-04.58.10:828][  0]LogTemp: Display: Loaded TP IOSTargetPlatform
[2018.01.19-04.58.10:853][  0]LogTemp: Display: Loaded TP TVOSTargetPlatform
[2018.01.19-04.58.10:892][  0]LogTemp: Display: Loaded TP LinuxClientTargetPlatform
[2018.01.19-04.58.10:930][  0]LogTemp: Display: Loaded TP LinuxNoEditorTargetPlatform
[2018.01.19-04.58.10:968][  0]LogTemp: Display: Loaded TP LinuxServerTargetPlatform
[2018.01.19-04.58.11:038][  0]LogTemp: Display: Loaded TP LinuxTargetPlatform
[2018.01.19-04.58.11:038][  0]LogTargetPlatformManager: Display: Building Assets For Windows
[2018.01.19-04.58.12:330][  0]LogDerivedDataCache: Display: Max Cache Size: 512 MB
[2018.01.19-04.58.12:663][  0]LogDerivedDataCache: Loaded boot cache 0.33s 78MB C:/Users/Shangda.Wu/AppData/Local/UnrealEngine/4.18/DerivedDataCache/Boot.ddc.
[2018.01.19-04.58.12:663][  0]LogDerivedDataCache: Display: Loaded Boot cache: C:/Users/Shangda.Wu/AppData/Local/UnrealEngine/4.18/DerivedDataCache/Boot.ddc
[2018.01.19-04.58.12:663][  0]LogDerivedDataCache: FDerivedDataBackendGraph:  Pak pak cache file E:/UE/Life/DerivedDataCache/DDC.ddp not found, will not use a pak cache.
[2018.01.19-04.58.12:663][  0]LogDerivedDataCache: Unable to find inner node Pak for hierarchical cache Hierarchy.
[2018.01.19-04.58.12:663][  0]LogDerivedDataCache: FDerivedDataBackendGraph:  CompressedPak pak cache file E:/UE/Life/DerivedDataCache/Compressed.ddp not found, will not use a pak cache.
[2018.01.19-04.58.12:663][  0]LogDerivedDataCache: Unable to find inner node CompressedPak for hierarchical cache Hierarchy.
[2018.01.19-04.58.12:746][  0]LogDerivedDataCache: Display: Pak cache opened for reading ../../../Engine/DerivedDataCache/Compressed.ddp.
[2018.01.19-04.58.12:763][  0]LogDerivedDataCache: Using Local data cache path C:/Users/Shangda.Wu/AppData/Local/UnrealEngine/Common/DerivedDataCache: Writable
[2018.01.19-04.58.12:773][  0]LogMaterial: Verifying Global Shaders for PCD3D_SM5
[2018.01.19-04.58.12:773][  0]LogSlate: Using Freetype 2.6.0
[2018.01.19-04.58.12:877][  0]LogSlate: SlateFontCache - WITH_FREETYPE: 1, WITH_HARFBUZZ: 1
[2018.01.19-04.58.12:877][  0]LogSlate: SlateFontCache - WITH_FREETYPE: 1, WITH_HARFBUZZ: 1
[2018.01.19-04.58.19:467][  0]LogInit: Selected Device Profile: [Windows]
[2018.01.19-04.58.20:647][  0]LogSimplygon: Simplygon DLL not present - disabling.
[2018.01.19-04.58.20:715][  0]LogMeshReduction: Using SimplygonSwarm for distributed automatic mesh merging
[2018.01.19-04.58.20:715][  0]LogMeshReduction: Using QuadricMeshReduction for automatic static mesh reduction
[2018.01.19-04.58.20:715][  0]LogMeshReduction: No automatic skeletal mesh reduction module available
[2018.01.19-04.58.20:715][  0]LogMeshReduction: No automatic mesh merging module available
[2018.01.19-04.58.20:715][  0]LogMeshMerging: No automatic mesh merging module available
[2018.01.19-04.58.20:940][  0]LogNetVersion: Life , NetCL: 3709383, EngineNetVer: 2, GameNetVer: 0 (Checksum: 383070129)
[2018.01.19-04.58.21:710][  0]LogAssetRegistry: FAssetRegistry took 0.0261 seconds to start up
[2018.01.19-04.58.30:567][  0]LogPackageLocalizationCache: Processed 7 localized package path(s) for 1 prioritized culture(s) in 0.047036 seconds
[2018.01.19-04.58.30:572][  0]LogUObjectArray: 35870 objects as part of root set at end of initial load.
[2018.01.19-04.58.30:572][  0]LogUObjectAllocator: 7363696 out of 0 bytes used by permanent object pool.
[2018.01.19-04.58.30:572][  0]LogUObjectArray: CloseDisregardForGC: 0/0 objects in disregard for GC pool
[2018.01.19-04.58.30:607][  0]LogInit: WinSock: version 1.1 (2.2), MaxSocks=32767, MaxUdp=65467
[2018.01.19-04.58.45:344][  0]LogTcpMessaging: Initializing TcpMessaging bridge
[2018.01.19-04.58.45:378][  0]LogUdpMessaging: Initializing bridge on interface 0.0.0.0:0 to multicast group 230.0.0.1:6666.
[2018.01.19-04.58.45:379][  0]FUdpSocketBuilder: Failed to subscribe UdpMessageMulticastSocket to multicast group 230.0.0.1
[2018.01.19-04.58.45:379][  0]FUdpSocketBuilder: Failed to create and initialize socket UdpMessageMulticastSocket (last error: 0)
[2018.01.19-04.58.45:379][  0]LogUdpMessaging: Warning: StartTransport failed to create multicast socket on 0.0.0.0:0, joined to 230.0.0.1:6666 with TTL 1
[2018.01.19-04.58.46:669][  0]LogMaterial: Uniform references updated for custom material expression Custom.
[2018.01.19-04.58.47:263][  0]SourceControl: Source control is disabled
[2018.01.19-04.58.47:264][  0]SourceControl: Source control is disabled
[2018.01.19-04.58.47:308][  0]SourceControl: Source control is disabled
[2018.01.19-04.58.47:351][  0]SourceControl: Source control is disabled
[2018.01.19-04.58.48:393][  0]LogAndroidPermission: UAndroidPermissionCallbackProxy::GetInstance
[2018.01.19-04.58.48:641][  0]LogOcInput: OculusInput pre-init called
[2018.01.19-04.58.49:098][  0]LogEngine: Initializing Engine...
[2018.01.19-04.58.49:101][  0]LogHMD: Failed to initialize OpenVR with code 110
[2018.01.19-04.58.50:053][  0]LogStats: UGameplayTagsManager::ConstructGameplayTagTree: Construct from data asset -  0.000 s
[2018.01.19-04.58.50:053][  0]LogStats: UGameplayTagsManager::ConstructGameplayTagTree: GameplayTagTreeChangedEvent.Broadcast -  0.000 s
[2018.01.19-04.58.50:301][  0]LogAIModule: Creating AISystem for world Untitled
[2018.01.19-04.58.50:331][  0]LogInit: XAudio2 using 'DELL U2417H-4 (NVIDIA High Definition Audio)' : 2 channels at 48 kHz using 16 bits per sample (channel mask 0x3)
[2018.01.19-04.58.50:366][  0]LogInit: FAudioDevice initialized.
[2018.01.19-04.58.50:458][  0]LogDerivedDataCache: Saved boot cache 0.09s 78MB C:/Users/Shangda.Wu/AppData/Local/UnrealEngine/4.18/DerivedDataCache/Boot.ddc.
[2018.01.19-04.58.50:490][  0]LogInit: Texture streaming: Enabled
[2018.01.19-04.58.50:599][  0]LogEngineSessionManager: EngineSessionManager initialized
[2018.01.19-04.58.50:740][  0]LogInit: Transaction tracking system initialized
[2018.01.19-04.58.51:113][  0]BlueprintLog: New page: Editor Load
[2018.01.19-04.58.52:637][  0]LocalizationService: Localization service is disabled
[2018.01.19-04.58.53:986][  0]LogConsoleResponse: Display: 
[2018.01.19-04.58.57:024][  0]LogCook: Display: Max memory allowance for cook 16384mb min free memory 0mb
[2018.01.19-04.58.57:024][  0]LogCook: Display: Mobile HDR setting 1
[2018.01.19-04.58.57:024][  0]LogGameplayTags: Display: UGameplayTagsManager::DoneAddingNativeTags. DelegateIsBound: 0
[2018.01.19-04.58.57:498][  0]LogFileCache: Scanning file cache for directory 'E:/UE/Life/Content/' took 0.02s
[2018.01.19-04.58.59:305][  0]SourceControl: Source control is disabled
[2018.01.19-04.58.59:305][  0]Cmd: MAP LOAD FILE="E:/UE/Life/Content/Game_Scenes/Game_Scenes.umap" TEMPLATE=0 SHOWPROGRESS=1 FEATURELEVEL=3
[2018.01.19-04.58.59:306][  0]LightingResults: New page: Lighting Build
[2018.01.19-04.58.59:345][  0]MapCheck: New page: Map Check
[2018.01.19-04.58.59:345][  0]LightingResults: New page: Lighting Build
[2018.01.19-04.58.59:507][  0]LogProperty: Error: UStructProperty::Serialize Loading: Property 'StructProperty /Game/Game_Data/BP_Data_Player_Backpack.BP_Data_Player_Backpack_C:Backpack.Backpack'. Unknown structure.
[2018.01.19-04.58.59:507][  0]LogClass: Warning: Property Backpack of Backpack has a struct type mismatch (tag STRUCT_REINST_BP_DefinedStruct_Backpack_6 != prop FallbackStruct) in package:  E:/UE/Life/Content/Game_Data/BP_Data_Player_Backpack.uasset. If that struct got renamed, add an entry to ActiveStructRedirects.
[2018.01.19-04.58.59:508][  0]LogClass: Warning: Property Backpack of Backpack has a struct type mismatch (tag FallbackStruct != prop BP_DefinedStruct_Backpack) in package:  FObjectReader. If that struct got renamed, add an entry to ActiveStructRedirects.
[2018.01.19-04.59.00:429][  0]LogProperty: Error: UStructProperty::Serialize Loading: Property 'StructProperty /Game/Game_UMG/BP_Backpack.BP_Backpack_C:ExecuteUbergraph_BP_Backpack.CallFunc_Array_Get_Item'. Unknown structure.
[2018.01.19-04.59.01:160][  0]LogAIModule: Creating AISystem for world Game_Scenes
[2018.01.19-04.59.01:163][  0]LogEditorServer: Finished looking for orphan Actors (0.000 secs)
[2018.01.19-04.59.01:179][  0]Cmd: MAP CHECKDEP NOCLEARLOG
[2018.01.19-04.59.01:224][  0]MapCheck: Map check complete: 0 Error(s), 0 Warning(s), took 45.246ms to complete.
[2018.01.19-04.59.01:224][  0]LogFileHelpers: Loading map 'Game_Scenes' took 1.919
[2018.01.19-04.59.01:597][  0]LogCollectionManager: Loaded 0 collections in 0.001235 seconds
[2018.01.19-04.59.01:673][  0]LogFileCache: Scanning file cache for directory 'E:/UE/Life/Saved/Collections/' took 0.01s
[2018.01.19-04.59.01:673][  0]LogFileCache: Scanning file cache for directory 'E:/UE/Life/Content/Developers/ShangdaWu/Collections/' took 0.01s
[2018.01.19-04.59.01:673][  0]LogFileCache: Scanning file cache for directory 'E:/UE/Life/Content/Collections/' took 0.01s
[2018.01.19-04.59.01:673][  0]LogCollectionManager: Rebuilt the GUID cache for 0 collections in 0.000000 seconds
[2018.01.19-04.59.01:686][  0]LogContentBrowser: Native class hierarchy populated in 0.0130 seconds. Added 2363 classes and 519 folders.
[2018.01.19-04.59.01:752][  0]LogContentBrowser: Native class hierarchy updated for 'WidgetCarousel' in 0.0004 seconds. Added 0 classes and 0 folders.
[2018.01.19-04.59.02:670][  0]LogContentBrowser: Native class hierarchy updated for 'AddContentDialog' in 0.0003 seconds. Added 0 classes and 0 folders.
[2018.01.19-04.59.02:777][  0]LogContentBrowser: Native class hierarchy updated for 'SceneOutliner' in 0.0003 seconds. Added 1 classes and 2 folders.
[2018.01.19-04.59.02:873][  0]LogSlate: Took 0.019299 seconds to synchronously load lazily loaded font '../../../Engine/Content/Slate/Fonts/Roboto-Regular.ttf' (155K)
[2018.01.19-04.59.02:890][  0]LogSlate: Took 0.015164 seconds to synchronously load lazily loaded font '../../../Engine/Content/Slate/Fonts/Roboto-Bold.ttf' (160K)
[2018.01.19-04.59.02:909][  0]LogSlate: Took 0.013489 seconds to synchronously load lazily loaded font '../../../Engine/Content/Editor/Slate/Fonts/FontAwesome.ttf' (139K)
[2018.01.19-04.59.03:216][  0]LogRenderer: Reallocating scene render targets to support 1208x508 Format 10 NumSamples 1 (Frame:1).
[2018.01.19-04.59.03:529][  0]LogContentBrowser: Native class hierarchy updated for 'HierarchicalLODOutliner' in 0.0003 seconds. Added 1 classes and 2 folders.
[2018.01.19-04.59.03:529][  0]LogLoad: (Engine Initialization) Total time: 81.45 seconds
[2018.01.19-04.59.03:529][  0]LogLoad: (Engine Initialization) Total Blueprint compile time: 0.00 seconds
[2018.01.19-04.59.03:529][  0]LogExternalProfiler: No external profilers were discovered.  External profiling features will not be available.
[2018.01.19-04.59.03:898][  0]LogContentStreaming: Texture pool size now 1000 MB
[2018.01.19-04.59.04:024][  0]LogSlate: Took 0.016755 seconds to synchronously load lazily loaded font '../../../Engine/Content/Slate/Fonts/Roboto-Light.ttf' (159K)
[2018.01.19-04.59.04:217][  1]LogAssetRegistry: Asset discovery search completed in 42.5291 seconds
[2018.01.19-04.59.04:219][  1]LogCollectionManager: Rebuilt the object cache for 0 collections in 0.000000 seconds (found 0 objects)
[2018.01.19-04.59.04:219][  1]LogCollectionManager: Fixed up redirectors for 0 collections in 0.000076 seconds (updated 0 objects)
[2018.01.19-04.59.04:880][  3]LogSlate: Took 0.000317 seconds to synchronously load lazily loaded font '../../../Engine/Content/Slate/Fonts/Roboto-Light.ttf' (159K)
[2018.01.19-10.38.14:445][673]LogSlate: Took 0.007045 seconds to synchronously load lazily loaded font '../../../Engine/Content/Slate/Fonts/Roboto-Light.ttf' (159K)
[2018.01.19-10.38.15:159][673]LogSlate: Took 0.004247 seconds to synchronously load lazily loaded font '../../../Engine/Content/Slate/Fonts/Roboto-Regular.ttf' (155K)
[2018.01.19-10.38.20:114][673]LogContentBrowser: Native class hierarchy updated for 'BlueprintGraph' in 0.0016 seconds. Added 116 classes and 0 folders.
[2018.01.19-10.38.23:311][673]LogSlate: Took 0.016182 seconds to synchronously load lazily loaded font '../../../Engine/Content/Editor/Slate/Fonts/Roboto-BoldCondensed.ttf' (158K)
[2018.01.19-10.38.23:598][673]LogSlate: Took 0.056024 seconds to synchronously load lazily loaded font '../../../Engine/Content/Slate/Fonts/DroidSansFallback.ttf' (3848K)
[2018.01.19-10.38.40:550][609]LogTemp: Repeating last play command: New Editor Window (PIE)
[2018.01.19-10.38.40:847][609]LogPlayLevel: PlayLevel: No blueprints needed recompiling
[2018.01.19-10.38.40:894][609]PIE: New page: PIE session: Game_Scenes (Jan 20, 2018, 2:38:40 AM)
[2018.01.19-10.38.40:913][609]LogPlayLevel: Creating play world package: /Game/Game_Scenes/UEDPIE_0_Game_Scenes
[2018.01.19-10.38.40:933][609]LogPlayLevel: PIE: StaticDuplicateObject took: (0.019475s)
[2018.01.19-10.38.40:934][609]LogAIModule: Creating AISystem for world Game_Scenes
[2018.01.19-10.38.40:940][609]LogPlayLevel: PIE: World Init took: (0.007507s)
[2018.01.19-10.38.40:945][609]LogPlayLevel: PIE: Created PIE world by copying editor world from /Game/Game_Scenes/Game_Scenes.Game_Scenes to /Game/Game_Scenes/UEDPIE_0_Game_Scenes.Game_Scenes (0.031964s)
[2018.01.19-10.38.41:099][609]LogInit: XAudio2 using 'DELL U2417H-4 (NVIDIA High Definition Audio)' : 2 channels at 48 kHz using 16 bits per sample (channel mask 0x3)
[2018.01.19-10.38.41:114][609]LogInit: FAudioDevice initialized.
[2018.01.19-10.38.41:250][609]LogLoad: Game class is 'Shangda_Wu_GameMode_C'
[2018.01.19-10.38.41:287][609]LogWorld: Bringing World /Game/Game_Scenes/UEDPIE_0_Game_Scenes.Game_Scenes up for play (max tick rate 60) at 2018.01.19-18.38.41
[2018.01.19-10.38.41:318][609]LogWorld: Bringing up level for play took: 0.032869
[2018.01.19-10.38.41:752][609]LogContentBrowser: Native class hierarchy updated for 'MovieSceneCapture' in 0.0005 seconds. Added 11 classes and 0 folders.
[2018.01.19-10.38.41:924][609]LogBlueprintUserMessages: [Shangda_Wu_Pawn_C_0] 读取玩家数据表
[2018.01.19-10.38.41:968][609]LogBlueprintUserMessages: [Shangda_Wu_Pawn_C_0] 读取玩家背包数据表
[2018.01.19-10.38.42:250][609]PIE: Play in editor start time for /Game/Game_Scenes/UEDPIE_0_Game_Scenes 1.925
[2018.01.19-10.38.42:505][609]LogRenderer: Reallocating scene render targets to support 1292x756 Format 10 NumSamples 1 (Frame:1).
[2018.01.19-10.39.48:134][ 21]BlueprintLog: New page: Compile BP_PlayerDock
[2018.01.19-10.39.49:184][ 40]LogTemp: Repeating last play command: New Editor Window (PIE)
[2018.01.19-10.39.49:206][ 40]LogPlayLevel: PlayLevel: No blueprints needed recompiling
[2018.01.19-10.39.49:206][ 40]PIE: New page: PIE session: Game_Scenes (Jan 20, 2018, 2:39:49 AM)
[2018.01.19-10.39.49:206][ 40]LogPlayLevel: Creating play world package: /Game/Game_Scenes/UEDPIE_0_Game_Scenes
[2018.01.19-10.39.49:208][ 40]LogPlayLevel: PIE: StaticDuplicateObject took: (0.000629s)
[2018.01.19-10.39.49:208][ 40]LogAIModule: Creating AISystem for world Game_Scenes
[2018.01.19-10.39.49:208][ 40]LogPlayLevel: PIE: World Init took: (0.000548s)
[2018.01.19-10.39.49:208][ 40]LogPlayLevel: PIE: Created PIE world by copying editor world from /Game/Game_Scenes/Game_Scenes.Game_Scenes to /Game/Game_Scenes/UEDPIE_0_Game_Scenes.Game_Scenes (0.001378s)
[2018.01.19-10.39.49:238][ 40]LogInit: XAudio2 using 'DELL U2417H-4 (NVIDIA High Definition Audio)' : 2 channels at 48 kHz using 16 bits per sample (channel mask 0x3)
[2018.01.19-10.39.49:245][ 40]LogInit: FAudioDevice initialized.
[2018.01.19-10.39.49:306][ 40]LogLoad: Game class is 'Shangda_Wu_GameMode_C'
[2018.01.19-10.39.49:307][ 40]LogWorld: Bringing World /Game/Game_Scenes/UEDPIE_0_Game_Scenes.Game_Scenes up for play (max tick rate 60) at 2018.01.19-18.39.49
[2018.01.19-10.39.49:308][ 40]LogWorld: Bringing up level for play took: 0.000470
[2018.01.19-10.39.49:309][ 40]LogBlueprintUserMessages: [Shangda_Wu_Pawn_C_0] 读取玩家数据表
[2018.01.19-10.39.49:309][ 40]LogBlueprintUserMessages: [Shangda_Wu_Pawn_C_0] 读取玩家背包数据表
[2018.01.19-10.39.49:385][ 40]PIE: Play in editor start time for /Game/Game_Scenes/UEDPIE_0_Game_Scenes 1.06
[2018.01.19-10.40.18:089][ 77]Cmd: OBJ SAVEPACKAGE PACKAGE="/Game/Game_UMG/BP_PlayerDock" FILE="E:/UE/Life/Content/Game_UMG/BP_PlayerDock.uasset" SILENT=true
[2018.01.19-10.40.18:432][ 77]LogSavePackage: Save=295.17ms
[2018.01.19-10.40.18:432][ 77]LogSavePackage: Moving 'E:/UE/Life/Saved/BP_PlayerDock4412FBB5494F8E3F0BBDFD8C5789D04F.tmp' to 'E:/UE/Life/Content/Game_UMG/BP_PlayerDock.uasset'
[2018.01.19-10.40.18:441][ 77]LogSavePackage: Display: Finished SavePackage E:/UE/Life/Content/Game_UMG/BP_PlayerDock.uasset
[2018.01.19-10.41.39:122][342]BlueprintLog: New page: Compile BP_Player_Level
[2018.01.19-10.41.40:154][365]LogTemp: Repeating last play command: New Editor Window (PIE)
[2018.01.19-10.41.40:181][365]LogPlayLevel: PlayLevel: No blueprints needed recompiling
[2018.01.19-10.41.40:182][365]PIE: New page: PIE session: Game_Scenes (Jan 20, 2018, 2:41:40 AM)
[2018.01.19-10.41.40:182][365]LogPlayLevel: Creating play world package: /Game/Game_Scenes/UEDPIE_0_Game_Scenes
[2018.01.19-10.41.40:182][365]LogPlayLevel: PIE: StaticDuplicateObject took: (0.000710s)
[2018.01.19-10.41.40:183][365]LogAIModule: Creating AISystem for world Game_Scenes
[2018.01.19-10.41.40:183][365]LogPlayLevel: PIE: World Init took: (0.000565s)
[2018.01.19-10.41.40:183][365]LogPlayLevel: PIE: Created PIE world by copying editor world from /Game/Game_Scenes/Game_Scenes.Game_Scenes to /Game/Game_Scenes/UEDPIE_0_Game_Scenes.Game_Scenes (0.001605s)
[2018.01.19-10.41.40:214][365]LogInit: XAudio2 using 'DELL U2417H-4 (NVIDIA High Definition Audio)' : 2 channels at 48 kHz using 16 bits per sample (channel mask 0x3)
[2018.01.19-10.41.40:222][365]LogInit: FAudioDevice initialized.
[2018.01.19-10.41.40:284][365]LogLoad: Game class is 'Shangda_Wu_GameMode_C'
[2018.01.19-10.41.40:285][365]LogWorld: Bringing World /Game/Game_Scenes/UEDPIE_0_Game_Scenes.Game_Scenes up for play (max tick rate 60) at 2018.01.19-18.41.40
[2018.01.19-10.41.40:286][365]LogWorld: Bringing up level for play took: 0.001078
[2018.01.19-10.41.40:288][365]LogBlueprintUserMessages: [Shangda_Wu_Pawn_C_0] 读取玩家数据表
[2018.01.19-10.41.40:288][365]LogBlueprintUserMessages: [Shangda_Wu_Pawn_C_0] 读取玩家背包数据表
[2018.01.19-10.41.40:369][365]PIE: Play in editor start time for /Game/Game_Scenes/UEDPIE_0_Game_Scenes 0.044
[2018.01.19-10.42.05:523][131]Cmd: OBJ SAVEPACKAGE PACKAGE="/Game/Game_UMG/BP_Player_Level" FILE="E:/UE/Life/Content/Game_UMG/BP_Player_Level.uasset" SILENT=true
[2018.01.19-10.42.05:562][131]LogSavePackage: Save=32.52ms
[2018.01.19-10.42.05:562][131]LogSavePackage: Moving 'E:/UE/Life/Saved/BP_Player_Level246F0F554113A6D65FBBCCB50D0F5E5E.tmp' to 'E:/UE/Life/Content/Game_UMG/BP_Player_Level.uasset'
[2018.01.19-10.42.05:564][131]LogSavePackage: Display: Finished SavePackage E:/UE/Life/Content/Game_UMG/BP_Player_Level.uasset
[2018.01.19-11.44.07:823][ 89]LogAudio: Warning: Current Audio Device with ID {0.0.0.00000000}.{4becc90c-88fe-4c08-bfb2-2a5598f9bb42} was removed. Shutting down audio device.
[2018.01.19-11.44.07:967][ 89]LogInit: XAudio2 using '扬声器 (Realtek High Definition Audio)' : 2 channels at 48 kHz using 32 bits per sample (channel mask 0x3)
[2018.01.19-11.50.48:666][287]LogHttp: Warning: 0000023E8F5E3280: request failed, libcurl error: 6 (Couldn't resolve host name)
[2018.01.19-11.50.48:667][287]LogHttp: Warning: 0000023E8F5E3280: libcurl info message cache 0 (Found bundle for host datarouter.ol.epicgames.com: 0x23e42c57fb8 [can pipeline])
[2018.01.19-11.50.48:667][287]LogHttp: Warning: 0000023E8F5E3280: libcurl info message cache 1 (Re-using existing connection! (#53) with host datarouter.ol.epicgames.com)
[2018.01.19-11.50.48:667][287]LogHttp: Warning: 0000023E8F5E3280: libcurl info message cache 2 (Connected to datarouter.ol.epicgames.com (34.230.221.186) port 443 (#53))
[2018.01.19-11.50.48:667][287]LogHttp: Warning: 0000023E8F5E3280: libcurl info message cache 3 (upload completely sent off: 373 out of 373 bytes)
[2018.01.19-11.50.48:667][287]LogHttp: Warning: 0000023E8F5E3280: libcurl info message cache 4 (SSL read: error:00000000:lib(0):func(0):reason(0), errno 10054)
[2018.01.19-11.50.48:667][287]LogHttp: Warning: 0000023E8F5E3280: libcurl info message cache 5 (Connection died, retrying a fresh connect)
[2018.01.19-11.50.48:667][287]LogHttp: Warning: 0000023E8F5E3280: libcurl info message cache 6 (Closing connection 53)
[2018.01.19-11.50.48:667][287]LogHttp: Warning: 0000023E8F5E3280: libcurl info message cache 7 (Issue another request to this URL: 'https://datarouter.ol.epicgames.com/datarouter/api/v1/public/data?SessionID=%7B532E44DD-4DBD-6BC8-0391-4795F75CC618%7D&AppID=UEEditor.Rocket.Release&AppVersion=4.18.3-3832480%2B%2B%2BUE4%2BRelease-4.18&UserID=81c28c7e4510db99c1cc39b6d8b61089%7Cdfb84846bd18458ea4123b3e7e2ad85b%7C4f22a1ce-a3e3-4795-805e-303ad6fdc865&AppEnvironment=datacollector-binary&UploadType=eteventstream')
[2018.01.19-11.50.48:667][287]LogHttp: Warning: 0000023E8F5E3280: libcurl info message cache 8 (Could not resolve host: datarouter.ol.epicgames.com)
[2018.01.19-11.50.48:667][287]LogHttp: Warning: 0000023E8F5E3280: libcurl info message cache 9 (Closing connection 54)
[2018.01.19-11.52.49:325][649]LogHttp: Warning: 0000023E8F5E3E80: request failed, libcurl error: 6 (Couldn't resolve host name)
[2018.01.19-11.52.49:325][649]LogHttp: Warning: 0000023E8F5E3E80: libcurl info message cache 0 (Could not resolve host: datarouter.ol.epicgames.com)
[2018.01.19-11.52.49:325][649]LogHttp: Warning: 0000023E8F5E3E80: libcurl info message cache 1 (Closing connection 55)
[2018.01.19-11.54.49:658][ 10]LogHttp: Warning: 0000023E8F5E3E80: request failed, libcurl error: 6 (Couldn't resolve host name)
[2018.01.19-11.54.49:659][ 10]LogHttp: Warning: 0000023E8F5E3E80: libcurl info message cache 0 (Could not resolve host: datarouter.ol.epicgames.com)
[2018.01.19-11.54.49:659][ 10]LogHttp: Warning: 0000023E8F5E3E80: libcurl info message cache 1 (Closing connection 56)
[2018.01.19-11.56.49:992][371]LogHttp: Warning: 0000023E8F5E3E80: request failed, libcurl error: 6 (Couldn't resolve host name)
[2018.01.19-11.56.49:992][371]LogHttp: Warning: 0000023E8F5E3E80: libcurl info message cache 0 (Could not resolve host: datarouter.ol.epicgames.com)
[2018.01.19-11.56.49:992][371]LogHttp: Warning: 0000023E8F5E3E80: libcurl info message cache 1 (Closing connection 57)
[2018.01.19-11.58.50:326][732]LogHttp: Warning: 0000023E8F5E3E80: request failed, libcurl error: 6 (Couldn't resolve host name)
[2018.01.19-11.58.50:326][732]LogHttp: Warning: 0000023E8F5E3E80: libcurl info message cache 0 (Could not resolve host: datarouter.ol.epicgames.com)
[2018.01.19-11.58.50:326][732]LogHttp: Warning: 0000023E8F5E3E80: libcurl info message cache 1 (Closing connection 58)
[2018.01.19-12.00.50:661][ 93]LogHttp: Warning: 0000023E8F5E3E80: request failed, libcurl error: 6 (Couldn't resolve host name)
[2018.01.19-12.00.50:661][ 93]LogHttp: Warning: 0000023E8F5E3E80: libcurl info message cache 0 (Could not resolve host: datarouter.ol.epicgames.com)
[2018.01.19-12.00.50:662][ 93]LogHttp: Warning: 0000023E8F5E3E80: libcurl info message cache 1 (Closing connection 59)
[2018.01.19-12.02.50:994][454]LogHttp: Warning: 0000023E8F5E3E80: request failed, libcurl error: 6 (Couldn't resolve host name)
[2018.01.19-12.02.50:994][454]LogHttp: Warning: 0000023E8F5E3E80: libcurl info message cache 0 (Could not resolve host: datarouter.ol.epicgames.com)
[2018.01.19-12.02.50:994][454]LogHttp: Warning: 0000023E8F5E3E80: libcurl info message cache 1 (Closing connection 60)
[2018.01.19-12.04.51:327][815]LogHttp: Warning: 0000023E8F5E3E80: request failed, libcurl error: 6 (Couldn't resolve host name)
[2018.01.19-12.04.51:328][815]LogHttp: Warning: 0000023E8F5E3E80: libcurl info message cache 0 (Could not resolve host: datarouter.ol.epicgames.com)
[2018.01.19-12.04.51:328][815]LogHttp: Warning: 0000023E8F5E3E80: libcurl info message cache 1 (Closing connection 61)
[2018.01.19-12.06.51:662][176]LogHttp: Warning: 0000023E8F5E3E80: request failed, libcurl error: 6 (Couldn't resolve host name)
[2018.01.19-12.06.51:663][176]LogHttp: Warning: 0000023E8F5E3E80: libcurl info message cache 0 (Could not resolve host: datarouter.ol.epicgames.com)
[2018.01.19-12.06.51:663][176]LogHttp: Warning: 0000023E8F5E3E80: libcurl info message cache 1 (Closing connection 62)
[2018.01.19-12.08.51:995][537]LogHttp: Warning: 0000023E8F5E3E80: request failed, libcurl error: 6 (Couldn't resolve host name)
[2018.01.19-12.08.51:995][537]LogHttp: Warning: 0000023E8F5E3E80: libcurl info message cache 0 (Could not resolve host: datarouter.ol.epicgames.com)
[2018.01.19-12.08.51:995][537]LogHttp: Warning: 0000023E8F5E3E80: libcurl info message cache 1 (Closing connection 63)
[2018.01.19-12.10.52:334][898]LogHttp: Warning: 0000023E8F5E3E80: request failed, libcurl error: 6 (Couldn't resolve host name)
[2018.01.19-12.10.52:334][898]LogHttp: Warning: 0000023E8F5E3E80: libcurl info message cache 0 (Could not resolve host: datarouter.ol.epicgames.com)
[2018.01.19-12.10.52:334][898]LogHttp: Warning: 0000023E8F5E3E80: libcurl info message cache 1 (Closing connection 64)
[2018.01.19-12.12.52:998][260]LogHttp: Warning: 0000023E8F5E2980: request failed, libcurl error: 6 (Couldn't resolve host name)
[2018.01.19-12.12.52:998][260]LogHttp: Warning: 0000023E8F5E2980: libcurl info message cache 0 (Could not resolve host: datarouter.ol.epicgames.com)
[2018.01.19-12.12.52:998][260]LogHttp: Warning: 0000023E8F5E2980: libcurl info message cache 1 (Closing connection 65)
[2018.01.19-12.14.53:330][621]LogHttp: Warning: 0000023E8F5E2980: request failed, libcurl error: 6 (Couldn't resolve host name)
[2018.01.19-12.14.53:330][621]LogHttp: Warning: 0000023E8F5E2980: libcurl info message cache 0 (Could not resolve host: datarouter.ol.epicgames.com)
[2018.01.19-12.14.53:330][621]LogHttp: Warning: 0000023E8F5E2980: libcurl info message cache 1 (Closing connection 66)
[2018.01.19-12.16.53:671][982]LogHttp: Warning: 0000023E8F5E2980: request failed, libcurl error: 6 (Couldn't resolve host name)
[2018.01.19-12.16.53:671][982]LogHttp: Warning: 0000023E8F5E2980: libcurl info message cache 0 (Could not resolve host: datarouter.ol.epicgames.com)
[2018.01.19-12.16.53:672][982]LogHttp: Warning: 0000023E8F5E2980: libcurl info message cache 1 (Closing connection 67)
[2018.01.19-12.18.53:999][343]LogHttp: Warning: 0000023E8F5E2980: request failed, libcurl error: 6 (Couldn't resolve host name)
[2018.01.19-12.18.53:999][343]LogHttp: Warning: 0000023E8F5E2980: libcurl info message cache 0 (Could not resolve host: datarouter.ol.epicgames.com)
[2018.01.19-12.18.53:999][343]LogHttp: Warning: 0000023E8F5E2980: libcurl info message cache 1 (Closing connection 68)
[2018.01.19-12.20.54:668][705]LogHttp: Warning: 0000023E8F5E3E80: request failed, libcurl error: 6 (Couldn't resolve host name)
[2018.01.19-12.20.54:669][705]LogHttp: Warning: 0000023E8F5E3E80: libcurl info message cache 0 (Could not resolve host: datarouter.ol.epicgames.com)
[2018.01.19-12.20.54:669][705]LogHttp: Warning: 0000023E8F5E3E80: libcurl info message cache 1 (Closing connection 69)
[2018.01.19-12.22.55:004][ 66]LogHttp: Warning: 0000023E8F5E3E80: request failed, libcurl error: 6 (Couldn't resolve host name)
[2018.01.19-12.22.55:004][ 66]LogHttp: Warning: 0000023E8F5E3E80: libcurl info message cache 0 (Could not resolve host: datarouter.ol.epicgames.com)
[2018.01.19-12.22.55:005][ 66]LogHttp: Warning: 0000023E8F5E3E80: libcurl info message cache 1 (Closing connection 70)
[2018.01.19-12.24.55:668][428]LogHttp: Warning: 0000023E8F5E3D00: request failed, libcurl error: 6 (Couldn't resolve host name)
[2018.01.19-12.24.55:668][428]LogHttp: Warning: 0000023E8F5E3D00: libcurl info message cache 0 (Could not resolve host: datarouter.ol.epicgames.com)
[2018.01.19-12.24.55:668][428]LogHttp: Warning: 0000023E8F5E3D00: libcurl info message cache 1 (Closing connection 71)
[2018.01.19-12.26.55:999][789]LogHttp: Warning: 0000023E8F5E3D00: request failed, libcurl error: 6 (Couldn't resolve host name)
[2018.01.19-12.26.55:999][789]LogHttp: Warning: 0000023E8F5E3D00: libcurl info message cache 0 (Could not resolve host: datarouter.ol.epicgames.com)
[2018.01.19-12.26.55:999][789]LogHttp: Warning: 0000023E8F5E3D00: libcurl info message cache 1 (Closing connection 72)
[2018.01.19-12.28.56:336][150]LogHttp: Warning: 0000023E8F5E3D00: request failed, libcurl error: 6 (Couldn't resolve host name)
[2018.01.19-12.28.56:336][150]LogHttp: Warning: 0000023E8F5E3D00: libcurl info message cache 0 (Could not resolve host: datarouter.ol.epicgames.com)
[2018.01.19-12.28.56:336][150]LogHttp: Warning: 0000023E8F5E3D00: libcurl info message cache 1 (Closing connection 73)
[2018.01.19-12.30.57:000][512]LogHttp: Warning: 0000023E8F5E2B00: request failed, libcurl error: 6 (Couldn't resolve host name)
[2018.01.19-12.30.57:000][512]LogHttp: Warning: 0000023E8F5E2B00: libcurl info message cache 0 (Could not resolve host: datarouter.ol.epicgames.com)
[2018.01.19-12.30.57:000][512]LogHttp: Warning: 0000023E8F5E2B00: libcurl info message cache 1 (Closing connection 74)
[2018.01.19-12.32.57:333][873]LogHttp: Warning: 0000023E8F5E2B00: request failed, libcurl error: 6 (Couldn't resolve host name)
[2018.01.19-12.32.57:333][873]LogHttp: Warning: 0000023E8F5E2B00: libcurl info message cache 0 (Could not resolve host: datarouter.ol.epicgames.com)
[2018.01.19-12.32.57:333][873]LogHttp: Warning: 0000023E8F5E2B00: libcurl info message cache 1 (Closing connection 75)
[2018.01.19-12.34.57:668][234]LogHttp: Warning: 0000023E8F5E2B00: request failed, libcurl error: 6 (Couldn't resolve host name)
[2018.01.19-12.34.57:668][234]LogHttp: Warning: 0000023E8F5E2B00: libcurl info message cache 0 (Could not resolve host: datarouter.ol.epicgames.com)
[2018.01.19-12.34.57:668][234]LogHttp: Warning: 0000023E8F5E2B00: libcurl info message cache 1 (Closing connection 76)
[2018.01.19-12.36.58:000][595]LogHttp: Warning: 0000023E8F5E2B00: request failed, libcurl error: 6 (Couldn't resolve host name)
[2018.01.19-12.36.58:000][595]LogHttp: Warning: 0000023E8F5E2B00: libcurl info message cache 0 (Could not resolve host: datarouter.ol.epicgames.com)
[2018.01.19-12.36.58:001][595]LogHttp: Warning: 0000023E8F5E2B00: libcurl info message cache 1 (Closing connection 77)
[2018.01.19-12.38.58:337][956]LogHttp: Warning: 0000023E8F5E2B00: request failed, libcurl error: 6 (Couldn't resolve host name)
[2018.01.19-12.38.58:337][956]LogHttp: Warning: 0000023E8F5E2B00: libcurl info message cache 0 (Could not resolve host: datarouter.ol.epicgames.com)
[2018.01.19-12.38.58:337][956]LogHttp: Warning: 0000023E8F5E2B00: libcurl info message cache 1 (Closing connection 78)
[2018.01.19-12.40.58:671][317]LogHttp: Warning: 0000023E8F5E2B00: request failed, libcurl error: 6 (Couldn't resolve host name)
[2018.01.19-12.40.58:671][317]LogHttp: Warning: 0000023E8F5E2B00: libcurl info message cache 0 (Could not resolve host: datarouter.ol.epicgames.com)
[2018.01.19-12.40.58:671][317]LogHttp: Warning: 0000023E8F5E2B00: libcurl info message cache 1 (Closing connection 79)
[2018.01.19-12.42.59:001][678]LogHttp: Warning: 0000023E8F5E2B00: request failed, libcurl error: 6 (Couldn't resolve host name)
[2018.01.19-12.42.59:001][678]LogHttp: Warning: 0000023E8F5E2B00: libcurl info message cache 0 (Could not resolve host: datarouter.ol.epicgames.com)
[2018.01.19-12.42.59:001][678]LogHttp: Warning: 0000023E8F5E2B00: libcurl info message cache 1 (Closing connection 80)
[2018.01.19-12.44.59:339][ 39]LogHttp: Warning: 0000023E8F5E2B00: request failed, libcurl error: 6 (Couldn't resolve host name)
[2018.01.19-12.44.59:339][ 39]LogHttp: Warning: 0000023E8F5E2B00: libcurl info message cache 0 (Could not resolve host: datarouter.ol.epicgames.com)
[2018.01.19-12.44.59:339][ 39]LogHttp: Warning: 0000023E8F5E2B00: libcurl info message cache 1 (Closing connection 81)
[2018.01.19-12.47.00:009][401]LogHttp: Warning: 0000023E8F5E3E80: request failed, libcurl error: 6 (Couldn't resolve host name)
[2018.01.19-12.47.00:009][401]LogHttp: Warning: 0000023E8F5E3E80: libcurl info message cache 0 (Could not resolve host: datarouter.ol.epicgames.com)
[2018.01.19-12.47.00:009][401]LogHttp: Warning: 0000023E8F5E3E80: libcurl info message cache 1 (Closing connection 82)
[2018.01.19-12.49.00:672][763]LogHttp: Warning: 0000023E8F5E3B80: request failed, libcurl error: 6 (Couldn't resolve host name)
[2018.01.19-12.49.00:672][763]LogHttp: Warning: 0000023E8F5E3B80: libcurl info message cache 0 (Could not resolve host: datarouter.ol.epicgames.com)
[2018.01.19-12.49.00:672][763]LogHttp: Warning: 0000023E8F5E3B80: libcurl info message cache 1 (Closing connection 83)
[2018.01.19-12.51.01:342][125]LogHttp: Warning: 0000023E8F5E2C80: request failed, libcurl error: 6 (Couldn't resolve host name)
[2018.01.19-12.51.01:342][125]LogHttp: Warning: 0000023E8F5E2C80: libcurl info message cache 0 (Could not resolve host: datarouter.ol.epicgames.com)
[2018.01.19-12.51.01:342][125]LogHttp: Warning: 0000023E8F5E2C80: libcurl info message cache 1 (Closing connection 84)
[2018.01.19-12.53.02:005][487]LogHttp: Warning: 0000023E8F5E3700: request failed, libcurl error: 6 (Couldn't resolve host name)
[2018.01.19-12.53.02:005][487]LogHttp: Warning: 0000023E8F5E3700: libcurl info message cache 0 (Could not resolve host: datarouter.ol.epicgames.com)
[2018.01.19-12.53.02:005][487]LogHttp: Warning: 0000023E8F5E3700: libcurl info message cache 1 (Closing connection 85)
[2018.01.19-12.55.02:340][848]LogHttp: Warning: 0000023E8F5E3700: request failed, libcurl error: 6 (Couldn't resolve host name)
[2018.01.19-12.55.02:340][848]LogHttp: Warning: 0000023E8F5E3700: libcurl info message cache 0 (Could not resolve host: datarouter.ol.epicgames.com)
[2018.01.19-12.55.02:340][848]LogHttp: Warning: 0000023E8F5E3700: libcurl info message cache 1 (Closing connection 86)
[2018.01.19-12.57.03:004][210]LogHttp: Warning: 0000023E8F5E3B80: request failed, libcurl error: 6 (Couldn't resolve host name)
[2018.01.19-12.57.03:005][210]LogHttp: Warning: 0000023E8F5E3B80: libcurl info message cache 0 (Could not resolve host: datarouter.ol.epicgames.com)
[2018.01.19-12.57.03:005][210]LogHttp: Warning: 0000023E8F5E3B80: libcurl info message cache 1 (Closing connection 87)
[2018.01.19-12.59.03:345][571]LogHttp: Warning: 0000023E8F5E3B80: request failed, libcurl error: 6 (Couldn't resolve host name)
[2018.01.19-12.59.03:346][571]LogHttp: Warning: 0000023E8F5E3B80: libcurl info message cache 0 (Could not resolve host: datarouter.ol.epicgames.com)
[2018.01.19-12.59.03:346][571]LogHttp: Warning: 0000023E8F5E3B80: libcurl info message cache 1 (Closing connection 88)
[2018.01.19-13.01.04:012][933]LogHttp: Warning: 0000023E8F5E3280: request failed, libcurl error: 6 (Couldn't resolve host name)
[2018.01.19-13.01.04:012][933]LogHttp: Warning: 0000023E8F5E3280: libcurl info message cache 0 (Could not resolve host: datarouter.ol.epicgames.com)
[2018.01.19-13.01.04:012][933]LogHttp: Warning: 0000023E8F5E3280: libcurl info message cache 1 (Closing connection 89)
[2018.01.19-13.03.04:675][295]LogHttp: Warning: 0000023E8F5E3700: request failed, libcurl error: 6 (Couldn't resolve host name)
[2018.01.19-13.03.04:675][295]LogHttp: Warning: 0000023E8F5E3700: libcurl info message cache 0 (Could not resolve host: datarouter.ol.epicgames.com)
[2018.01.19-13.03.04:675][295]LogHttp: Warning: 0000023E8F5E3700: libcurl info message cache 1 (Closing connection 90)
[2018.01.19-13.05.05:343][657]LogHttp: Warning: 0000023E8F5E2F80: request failed, libcurl error: 6 (Couldn't resolve host name)
[2018.01.19-13.05.05:344][657]LogHttp: Warning: 0000023E8F5E2F80: libcurl info message cache 0 (Could not resolve host: datarouter.ol.epicgames.com)
[2018.01.19-13.05.05:344][657]LogHttp: Warning: 0000023E8F5E2F80: libcurl info message cache 1 (Closing connection 91)
[2018.01.19-13.07.06:005][ 19]LogHttp: Warning: 0000023E8F5E3D00: request failed, libcurl error: 6 (Couldn't resolve host name)
[2018.01.19-13.07.06:005][ 19]LogHttp: Warning: 0000023E8F5E3D00: libcurl info message cache 0 (Could not resolve host: datarouter.ol.epicgames.com)
[2018.01.19-13.07.06:005][ 19]LogHttp: Warning: 0000023E8F5E3D00: libcurl info message cache 1 (Closing connection 92)
[2018.01.19-13.09.06:344][380]LogHttp: Warning: 0000023E8F5E3D00: request failed, libcurl error: 6 (Couldn't resolve host name)
[2018.01.19-13.09.06:344][380]LogHttp: Warning: 0000023E8F5E3D00: libcurl info message cache 0 (Could not resolve host: datarouter.ol.epicgames.com)
[2018.01.19-13.09.06:344][380]LogHttp: Warning: 0000023E8F5E3D00: libcurl info message cache 1 (Closing connection 93)
[2018.01.19-13.11.07:008][742]LogHttp: Warning: 0000023E8F5E3700: request failed, libcurl error: 6 (Couldn't resolve host name)
[2018.01.19-13.11.07:008][742]LogHttp: Warning: 0000023E8F5E3700: libcurl info message cache 0 (Could not resolve host: datarouter.ol.epicgames.com)
[2018.01.19-13.11.07:008][742]LogHttp: Warning: 0000023E8F5E3700: libcurl info message cache 1 (Closing connection 94)
[2018.01.19-13.13.07:339][103]LogHttp: Warning: 0000023E8F5E3700: request failed, libcurl error: 6 (Couldn't resolve host name)
[2018.01.19-13.13.07:339][103]LogHttp: Warning: 0000023E8F5E3700: libcurl info message cache 0 (Could not resolve host: datarouter.ol.epicgames.com)
[2018.01.19-13.13.07:339][103]LogHttp: Warning: 0000023E8F5E3700: libcurl info message cache 1 (Closing connection 95)
[2018.01.19-13.15.07:672][464]LogHttp: Warning: 0000023E8F5E3700: request failed, libcurl error: 6 (Couldn't resolve host name)
[2018.01.19-13.15.07:672][464]LogHttp: Warning: 0000023E8F5E3700: libcurl info message cache 0 (Could not resolve host: datarouter.ol.epicgames.com)
[2018.01.19-13.15.07:672][464]LogHttp: Warning: 0000023E8F5E3700: libcurl info message cache 1 (Closing connection 96)
[2018.01.19-13.17.08:009][825]LogHttp: Warning: 0000023E8F5E3700: request failed, libcurl error: 6 (Couldn't resolve host name)
[2018.01.19-13.17.08:009][825]LogHttp: Warning: 0000023E8F5E3700: libcurl info message cache 0 (Could not resolve host: datarouter.ol.epicgames.com)
[2018.01.19-13.17.08:009][825]LogHttp: Warning: 0000023E8F5E3700: libcurl info message cache 1 (Closing connection 97)
[2018.01.19-13.19.08:339][186]LogHttp: Warning: 0000023E8F5E3700: request failed, libcurl error: 6 (Couldn't resolve host name)
[2018.01.19-13.19.08:339][186]LogHttp: Warning: 0000023E8F5E3700: libcurl info message cache 0 (Could not resolve host: datarouter.ol.epicgames.com)
[2018.01.19-13.19.08:339][186]LogHttp: Warning: 0000023E8F5E3700: libcurl info message cache 1 (Closing connection 98)
[2018.01.19-13.21.08:673][547]LogHttp: Warning: 0000023E8F5E3700: request failed, libcurl error: 6 (Couldn't resolve host name)
[2018.01.19-13.21.08:673][547]LogHttp: Warning: 0000023E8F5E3700: libcurl info message cache 0 (Could not resolve host: datarouter.ol.epicgames.com)
[2018.01.19-13.21.08:673][547]LogHttp: Warning: 0000023E8F5E3700: libcurl info message cache 1 (Closing connection 99)
[2018.01.19-13.23.09:006][908]LogHttp: Warning: 0000023E8F5E3700: request failed, libcurl error: 6 (Couldn't resolve host name)
[2018.01.19-13.23.09:006][908]LogHttp: Warning: 0000023E8F5E3700: libcurl info message cache 0 (Could not resolve host: datarouter.ol.epicgames.com)
[2018.01.19-13.23.09:006][908]LogHttp: Warning: 0000023E8F5E3700: libcurl info message cache 1 (Closing connection 100)
[2018.01.19-13.25.09:340][269]LogHttp: Warning: 0000023E8F5E3700: request failed, libcurl error: 6 (Couldn't resolve host name)
[2018.01.19-13.25.09:340][269]LogHttp: Warning: 0000023E8F5E3700: libcurl info message cache 0 (Could not resolve host: datarouter.ol.epicgames.com)
[2018.01.19-13.25.09:340][269]LogHttp: Warning: 0000023E8F5E3700: libcurl info message cache 1 (Closing connection 101)
[2018.01.19-13.27.09:675][630]LogHttp: Warning: 0000023E8F5E3700: request failed, libcurl error: 6 (Couldn't resolve host name)
[2018.01.19-13.27.09:675][630]LogHttp: Warning: 0000023E8F5E3700: libcurl info message cache 0 (Could not resolve host: datarouter.ol.epicgames.com)
[2018.01.19-13.27.09:675][630]LogHttp: Warning: 0000023E8F5E3700: libcurl info message cache 1 (Closing connection 102)
[2018.01.19-13.29.10:013][991]LogHttp: Warning: 0000023E8F5E3700: request failed, libcurl error: 6 (Couldn't resolve host name)
[2018.01.19-13.29.10:013][991]LogHttp: Warning: 0000023E8F5E3700: libcurl info message cache 0 (Could not resolve host: datarouter.ol.epicgames.com)
[2018.01.19-13.29.10:013][991]LogHttp: Warning: 0000023E8F5E3700: libcurl info message cache 1 (Closing connection 103)
[2018.01.19-13.31.10:678][353]LogHttp: Warning: 0000023E8F5E3E80: request failed, libcurl error: 6 (Couldn't resolve host name)
[2018.01.19-13.31.10:678][353]LogHttp: Warning: 0000023E8F5E3E80: libcurl info message cache 0 (Could not resolve host: datarouter.ol.epicgames.com)
[2018.01.19-13.31.10:678][353]LogHttp: Warning: 0000023E8F5E3E80: libcurl info message cache 1 (Closing connection 104)
[2018.01.19-13.33.11:011][714]LogHttp: Warning: 0000023E8F5E3E80: request failed, libcurl error: 6 (Couldn't resolve host name)
[2018.01.19-13.33.11:012][714]LogHttp: Warning: 0000023E8F5E3E80: libcurl info message cache 0 (Could not resolve host: datarouter.ol.epicgames.com)
[2018.01.19-13.33.11:012][714]LogHttp: Warning: 0000023E8F5E3E80: libcurl info message cache 1 (Closing connection 105)
[2018.01.19-13.35.11:675][ 76]LogHttp: Warning: 0000023E8F5E3B80: request failed, libcurl error: 6 (Couldn't resolve host name)
[2018.01.19-13.35.11:676][ 76]LogHttp: Warning: 0000023E8F5E3B80: libcurl info message cache 0 (Could not resolve host: datarouter.ol.epicgames.com)
[2018.01.19-13.35.11:676][ 76]LogHttp: Warning: 0000023E8F5E3B80: libcurl info message cache 1 (Closing connection 106)
[2018.01.19-13.37.12:010][437]LogHttp: Warning: 0000023E8F5E3B80: request failed, libcurl error: 6 (Couldn't resolve host name)
[2018.01.19-13.37.12:010][437]LogHttp: Warning: 0000023E8F5E3B80: libcurl info message cache 0 (Could not resolve host: datarouter.ol.epicgames.com)
[2018.01.19-13.37.12:010][437]LogHttp: Warning: 0000023E8F5E3B80: libcurl info message cache 1 (Closing connection 107)
[2018.01.19-13.39.12:346][798]LogHttp: Warning: 0000023E8F5E3B80: request failed, libcurl error: 6 (Couldn't resolve host name)
[2018.01.19-13.39.12:346][798]LogHttp: Warning: 0000023E8F5E3B80: libcurl info message cache 0 (Could not resolve host: datarouter.ol.epicgames.com)
[2018.01.19-13.39.12:346][798]LogHttp: Warning: 0000023E8F5E3B80: libcurl info message cache 1 (Closing connection 108)
[2018.01.19-13.41.12:680][159]LogHttp: Warning: 0000023E8F5E3B80: request failed, libcurl error: 6 (Couldn't resolve host name)
[2018.01.19-13.41.12:680][159]LogHttp: Warning: 0000023E8F5E3B80: libcurl info message cache 0 (Could not resolve host: datarouter.ol.epicgames.com)
[2018.01.19-13.41.12:680][159]LogHttp: Warning: 0000023E8F5E3B80: libcurl info message cache 1 (Closing connection 109)
[2018.01.19-13.43.13:012][520]LogHttp: Warning: 0000023E8F5E3B80: request failed, libcurl error: 6 (Couldn't resolve host name)
[2018.01.19-13.43.13:012][520]LogHttp: Warning: 0000023E8F5E3B80: libcurl info message cache 0 (Could not resolve host: datarouter.ol.epicgames.com)
[2018.01.19-13.43.13:012][520]LogHttp: Warning: 0000023E8F5E3B80: libcurl info message cache 1 (Closing connection 110)
[2018.01.19-13.45.13:679][882]LogHttp: Warning: 0000023E8F5E3280: request failed, libcurl error: 6 (Couldn't resolve host name)
[2018.01.19-13.45.13:679][882]LogHttp: Warning: 0000023E8F5E3280: libcurl info message cache 0 (Could not resolve host: datarouter.ol.epicgames.com)
[2018.01.19-13.45.13:679][882]LogHttp: Warning: 0000023E8F5E3280: libcurl info message cache 1 (Closing connection 111)
[2018.01.19-13.47.14:349][244]LogHttp: Warning: 0000023E8F5E2B00: request failed, libcurl error: 6 (Couldn't resolve host name)
[2018.01.19-13.47.14:349][244]LogHttp: Warning: 0000023E8F5E2B00: libcurl info message cache 0 (Could not resolve host: datarouter.ol.epicgames.com)
[2018.01.19-13.47.14:349][244]LogHttp: Warning: 0000023E8F5E2B00: libcurl info message cache 1 (Closing connection 112)
[2018.01.19-13.49.14:683][605]LogHttp: Warning: 0000023E8F5E2B00: request failed, libcurl error: 6 (Couldn't resolve host name)
[2018.01.19-13.49.14:684][605]LogHttp: Warning: 0000023E8F5E2B00: libcurl info message cache 0 (Could not resolve host: datarouter.ol.epicgames.com)
[2018.01.19-13.49.14:684][605]LogHttp: Warning: 0000023E8F5E2B00: libcurl info message cache 1 (Closing connection 113)
[2018.01.19-13.51.15:348][967]LogHttp: Warning: 0000023E8F5E3B80: request failed, libcurl error: 6 (Couldn't resolve host name)
[2018.01.19-13.51.15:348][967]LogHttp: Warning: 0000023E8F5E3B80: libcurl info message cache 0 (Could not resolve host: datarouter.ol.epicgames.com)
[2018.01.19-13.51.15:348][967]LogHttp: Warning: 0000023E8F5E3B80: libcurl info message cache 1 (Closing connection 114)
[2018.01.19-13.53.15:678][328]LogHttp: Warning: 0000023E8F5E3B80: request failed, libcurl error: 6 (Couldn't resolve host name)
[2018.01.19-13.53.15:678][328]LogHttp: Warning: 0000023E8F5E3B80: libcurl info message cache 0 (Could not resolve host: datarouter.ol.epicgames.com)
[2018.01.19-13.53.15:678][328]LogHttp: Warning: 0000023E8F5E3B80: libcurl info message cache 1 (Closing connection 115)
[2018.01.19-13.55.16:014][689]LogHttp: Warning: 0000023E8F5E3B80: request failed, libcurl error: 6 (Couldn't resolve host name)
[2018.01.19-13.55.16:014][689]LogHttp: Warning: 0000023E8F5E3B80: libcurl info message cache 0 (Could not resolve host: datarouter.ol.epicgames.com)
[2018.01.19-13.55.16:014][689]LogHttp: Warning: 0000023E8F5E3B80: libcurl info message cache 1 (Closing connection 116)
[2018.01.19-13.57.16:349][ 50]LogHttp: Warning: 0000023E8F5E3B80: request failed, libcurl error: 6 (Couldn't resolve host name)
[2018.01.19-13.57.16:349][ 50]LogHttp: Warning: 0000023E8F5E3B80: libcurl info message cache 0 (Could not resolve host: datarouter.ol.epicgames.com)
[2018.01.19-13.57.16:349][ 50]LogHttp: Warning: 0000023E8F5E3B80: libcurl info message cache 1 (Closing connection 117)
[2018.01.19-13.59.17:020][412]LogHttp: Warning: 0000023E8F5E2B00: request failed, libcurl error: 6 (Couldn't resolve host name)
[2018.01.19-13.59.17:021][412]LogHttp: Warning: 0000023E8F5E2B00: libcurl info message cache 0 (Could not resolve host: datarouter.ol.epicgames.com)
[2018.01.19-13.59.17:021][412]LogHttp: Warning: 0000023E8F5E2B00: libcurl info message cache 1 (Closing connection 118)
[2018.01.19-14.01.17:688][774]LogHttp: Warning: 0000023E8F5E2C80: request failed, libcurl error: 6 (Couldn't resolve host name)
[2018.01.19-14.01.17:688][774]LogHttp: Warning: 0000023E8F5E2C80: libcurl info message cache 0 (Could not resolve host: datarouter.ol.epicgames.com)
[2018.01.19-14.01.17:688][774]LogHttp: Warning: 0000023E8F5E2C80: libcurl info message cache 1 (Closing connection 119)
[2018.01.19-14.03.18:347][136]LogHttp: Warning: 0000023E8F5E2F80: request failed, libcurl error: 6 (Couldn't resolve host name)
[2018.01.19-14.03.18:347][136]LogHttp: Warning: 0000023E8F5E2F80: libcurl info message cache 0 (Could not resolve host: datarouter.ol.epicgames.com)
[2018.01.19-14.03.18:347][136]LogHttp: Warning: 0000023E8F5E2F80: libcurl info message cache 1 (Closing connection 120)
[2018.01.19-14.05.18:688][497]LogHttp: Warning: 0000023E8F5E2F80: request failed, libcurl error: 6 (Couldn't resolve host name)
[2018.01.19-14.05.18:688][497]LogHttp: Warning: 0000023E8F5E2F80: libcurl info message cache 0 (Could not resolve host: datarouter.ol.epicgames.com)
[2018.01.19-14.05.18:688][497]LogHttp: Warning: 0000023E8F5E2F80: libcurl info message cache 1 (Closing connection 121)
