Log file open, 01/02/18 09:28:56
LogWindows: Failed to load 'aqProf.dll' (GetLastError=126)
LogWindows: File 'aqProf.dll' does not exist
LogWindows: Failed to load 'VSPerf140.dll' (GetLastError=126)
LogWindows: File 'VSPerf140.dll' does not exist
LogWindows: Failed to load 'VtuneApi.dll' (GetLastError=126)
LogWindows: File 'VtuneApi.dll' does not exist
LogWindows: Failed to load 'VtuneApi32e.dll' (GetLastError=126)
LogWindows: File 'VtuneApi32e.dll' does not exist
LogInit: Display: Running engine for game: Life
LogPlatformFile: Not using cached read wrapper
LogInit: Display: RandInit(2098598494) SRandInit(2098598494).
LogInit: Read version file with build ID '3709383'
LogInit: Overriding engine version to CL 3794801, compatible CL 3709383
LogInit: Registered custom module enumerator with build ID '3709383'
LogTaskGraph: Started task graph with 5 named threads and 14 total threads with 3 sets of task threads.
LogStats: Stats thread started at 0.286181
LogD3D11RHI: Aftermath initialized
LogModuleManager: Display: Found up-to-date module file ../../../Engine/Plugins/2D/Paper2D/Binaries/Win64/UE4Editor-Paper2D.dll (API version 3709383).
LogModuleManager: Display: Found up-to-date module file ../../../Engine/Plugins/2D/Paper2D/Binaries/Win64/UE4Editor-Paper2DEditor.dll (API version 3709383).
LogModuleManager: Display: Found up-to-date module file ../../../Engine/Plugins/2D/Paper2D/Binaries/Win64/UE4Editor-PaperSpriteSheetImporter.dll (API version 3709383).
LogModuleManager: Display: Found up-to-date module file ../../../Engine/Plugins/2D/Paper2D/Binaries/Win64/UE4Editor-PaperTiledImporter.dll (API version 3709383).
LogModuleManager: Display: Found up-to-date module file ../../../Engine/Plugins/2D/Paper2D/Binaries/Win64/UE4Editor-SmartSnapping.dll (API version 3709383).
LogModuleManager: Display: Found up-to-date module file ../../../Engine/Plugins/Blendables/LightPropagationVolume/Binaries/Win64/UE4Editor-LightPropagationVolumeRuntime.dll (API version 3709383).
LogModuleManager: Display: Found up-to-date module file ../../../Engine/Plugins/Blendables/LightPropagationVolume/Binaries/Win64/UE4Editor-LightPropagationVolumeEditor.dll (API version 3709383).
LogModuleManager: Display: Found up-to-date module file ../../../Engine/Plugins/Developer/GitSourceControl/Binaries/Win64/UE4Editor-GitSourceControl.dll (API version 3709383).
LogModuleManager: Display: Found up-to-date module file ../../../Engine/Plugins/Developer/PerforceSourceControl/Binaries/Win64/UE4Editor-PerforceSourceControl.dll (API version 3709383).
LogModuleManager: Display: Found up-to-date module file ../../../Engine/Plugins/Developer/SubversionSourceControl/Binaries/Win64/UE4Editor-SubversionSourceControl.dll (API version 3709383).
LogModuleManager: Display: Found up-to-date module file ../../../Engine/Plugins/Developer/UObjectPlugin/Binaries/Win64/UE4Editor-UObjectPlugin.dll (API version 3709383).
LogModuleManager: Display: Found up-to-date module file ../../../Engine/Plugins/Developer/VisualStudioCodeSourceCodeAccess/Binaries/Win64/UE4Editor-VisualStudioCodeSourceCodeAccess.dll (API version 3709383).
LogModuleManager: Display: Found up-to-date module file ../../../Engine/Plugins/Developer/VisualStudioSourceCodeAccess/Binaries/Win64/UE4Editor-VisualStudioSourceCodeAccess.dll (API version 3709383).
LogModuleManager: Display: Found up-to-date module file ../../../Engine/Plugins/Editor/AssetManagerEditor/Binaries/Win64/UE4Editor-AssetManagerEditor.dll (API version 3709383).
LogModuleManager: Display: Found up-to-date module file ../../../Engine/Plugins/Editor/AudioCapture/Binaries/Win64/UE4Editor-AudioCapture.dll (API version 3709383).
LogModuleManager: Display: Found up-to-date module file ../../../Engine/Plugins/Editor/FacialAnimation/Binaries/Win64/UE4Editor-FacialAnimation.dll (API version 3709383).
LogModuleManager: Display: Found up-to-date module file ../../../Engine/Plugins/Editor/FacialAnimation/Binaries/Win64/UE4Editor-FacialAnimationEditor.dll (API version 3709383).
LogModuleManager: Display: Found up-to-date module file ../../../Engine/Plugins/Editor/GameplayTagsEditor/Binaries/Win64/UE4Editor-GameplayTagsEditor.dll (API version 3709383).
LogModuleManager: Display: Found up-to-date module file ../../../Engine/Plugins/Editor/MobileLauncherProfileWizard/Binaries/Win64/UE4Editor-MobileLauncherProfileWizard.dll (API version 3709383).
LogModuleManager: Display: Found up-to-date module file ../../../Engine/Plugins/Editor/PluginBrowser/Binaries/Win64/UE4Editor-PluginBrowser.dll (API version 3709383).
LogModuleManager: Display: Found up-to-date module file ../../../Engine/Plugins/Editor/SpeedTreeImporter/Binaries/Win64/UE4Editor-SpeedTreeImporter.dll (API version 3709383).
LogModuleManager: Display: Found up-to-date module file ../../../Engine/Plugins/Experimental/AlembicImporter/Binaries/Win64/UE4Editor-AlembicImporter.dll (API version 3709383).
LogModuleManager: Display: Found up-to-date module file ../../../Engine/Plugins/Experimental/AlembicImporter/Binaries/Win64/UE4Editor-AlembicLibrary.dll (API version 3709383).
LogModuleManager: Display: Found up-to-date module file ../../../Engine/Plugins/Experimental/CharacterAI/Binaries/Win64/UE4Editor-CharacterAI.dll (API version 3709383).
LogModuleManager: Display: Found up-to-date module file ../../../Engine/Plugins/Experimental/HTML5Networking/Binaries/Win64/UE4Editor-HTML5Networking.dll (API version 3709383).
LogModuleManager: Display: Found up-to-date module file ../../../Engine/Plugins/Media/AndroidMedia/Binaries/Win64/UE4Editor-AndroidMediaEditor.dll (API version 3709383).
LogModuleManager: Display: Found up-to-date module file ../../../Engine/Plugins/Media/AndroidMedia/Binaries/Win64/UE4Editor-AndroidMediaFactory.dll (API version 3709383).
LogModuleManager: Display: Found up-to-date module file ../../../Engine/Plugins/Media/AvfMedia/Binaries/Win64/UE4Editor-AvfMediaEditor.dll (API version 3709383).
LogModuleManager: Display: Found up-to-date module file ../../../Engine/Plugins/Media/AvfMedia/Binaries/Win64/UE4Editor-AvfMediaFactory.dll (API version 3709383).
LogModuleManager: Display: Found up-to-date module file ../../../Engine/Plugins/Media/AvfMedia/Binaries/Win64/UE4Editor-AvfMediaFactory.dll (API version 3709383).
LogModuleManager: Display: Found up-to-date module file ../../../Engine/Plugins/Media/ImgMedia/Binaries/Win64/UE4Editor-ImgMedia.dll (API version 3709383).
LogModuleManager: Display: Found up-to-date module file ../../../Engine/Plugins/Media/ImgMedia/Binaries/Win64/UE4Editor-ImgMediaEditor.dll (API version 3709383).
LogModuleManager: Display: Found up-to-date module file ../../../Engine/Plugins/Media/ImgMedia/Binaries/Win64/UE4Editor-ImgMediaFactory.dll (API version 3709383).
LogModuleManager: Display: Found up-to-date module file ../../../Engine/Plugins/Media/ImgMedia/Binaries/Win64/UE4Editor-ImgMediaFactory.dll (API version 3709383).
LogModuleManager: Display: Found up-to-date module file ../../../Engine/Plugins/Media/ImgMedia/Binaries/Win64/UE4Editor-OpenExrWrapper.dll (API version 3709383).
LogModuleManager: Display: Found up-to-date module file ../../../Engine/Plugins/Media/MediaCompositing/Binaries/Win64/UE4Editor-MediaCompositing.dll (API version 3709383).
LogModuleManager: Display: Found up-to-date module file ../../../Engine/Plugins/Media/MediaCompositing/Binaries/Win64/UE4Editor-MediaCompositingEditor.dll (API version 3709383).
LogModuleManager: Display: Found up-to-date module file ../../../Engine/Plugins/Media/MediaPlayerEditor/Binaries/Win64/UE4Editor-MediaPlayerEditor.dll (API version 3709383).
LogModuleManager: Display: Found up-to-date module file ../../../Engine/Plugins/Media/WmfMedia/Binaries/Win64/UE4Editor-WmfMedia.dll (API version 3709383).
LogModuleManager: Display: Found up-to-date module file ../../../Engine/Plugins/Media/WmfMedia/Binaries/Win64/UE4Editor-WmfMediaEditor.dll (API version 3709383).
LogModuleManager: Display: Found up-to-date module file ../../../Engine/Plugins/Media/WmfMedia/Binaries/Win64/UE4Editor-WmfMediaFactory.dll (API version 3709383).
LogModuleManager: Display: Found up-to-date module file ../../../Engine/Plugins/Media/WmfMedia/Binaries/Win64/UE4Editor-WmfMediaFactory.dll (API version 3709383).
LogModuleManager: Display: Found up-to-date module file ../../../Engine/Plugins/Messaging/TcpMessaging/Binaries/Win64/UE4Editor-TcpMessaging.dll (API version 3709383).
LogModuleManager: Display: Found up-to-date module file ../../../Engine/Plugins/Messaging/UdpMessaging/Binaries/Win64/UE4Editor-UdpMessaging.dll (API version 3709383).
LogModuleManager: Display: Found up-to-date module file ../../../Engine/Plugins/MovieScene/ActorSequence/Binaries/Win64/UE4Editor-ActorSequence.dll (API version 3709383).
LogModuleManager: Display: Found up-to-date module file ../../../Engine/Plugins/MovieScene/LevelSequenceEditor/Binaries/Win64/UE4Editor-LevelSequenceEditor.dll (API version 3709383).
LogModuleManager: Display: Found up-to-date module file ../../../Engine/Plugins/MovieScene/MatineeToLevelSequence/Binaries/Win64/UE4Editor-MatineeToLevelSequence.dll (API version 3709383).
LogModuleManager: Display: Found up-to-date module file ../../../Engine/Plugins/Online/OnlineSubsystem/Binaries/Win64/UE4Editor-OnlineSubsystem.dll (API version 3709383).
LogModuleManager: Display: Found up-to-date module file ../../../Engine/Plugins/Runtime/AndroidPermission/Binaries/Win64/UE4Editor-AndroidPermission.dll (API version 3709383).
LogModuleManager: Display: Found up-to-date module file ../../../Engine/Plugins/Online/OnlineSubsystemNull/Binaries/Win64/UE4Editor-OnlineSubsystemNull.dll (API version 3709383).
LogModuleManager: Display: Found up-to-date module file ../../../Engine/Plugins/Online/OnlineSubsystemUtils/Binaries/Win64/UE4Editor-OnlineSubsystemUtils.dll (API version 3709383).
LogModuleManager: Display: Found up-to-date module file ../../../Engine/Plugins/Online/OnlineSubsystemUtils/Binaries/Win64/UE4Editor-OnlineBlueprintSupport.dll (API version 3709383).
LogModuleManager: Display: Found up-to-date module file ../../../Engine/Plugins/Runtime/AndroidDeviceProfileSelector/Binaries/Win64/UE4Editor-AndroidDeviceProfileSelector.dll (API version 3709383).
LogModuleManager: Display: Found up-to-date module file ../../../Engine/Plugins/Runtime/AppleARKit/Binaries/Win64/UE4Editor-AppleARKit.dll (API version 3709383).
LogModuleManager: Display: Found up-to-date module file ../../../Engine/Plugins/Runtime/ArchVisCharacter/Binaries/Win64/UE4Editor-ArchVisCharacter.dll (API version 3709383).
LogModuleManager: Display: Found up-to-date module file ../../../Engine/Plugins/Runtime/CableComponent/Binaries/Win64/UE4Editor-CableComponent.dll (API version 3709383).
LogModuleManager: Display: Found up-to-date module file ../../../Engine/Plugins/Runtime/CustomMeshComponent/Binaries/Win64/UE4Editor-CustomMeshComponent.dll (API version 3709383).
LogModuleManager: Display: Found up-to-date module file ../../../Engine/Plugins/Runtime/ExampleDeviceProfileSelector/Binaries/Win64/UE4Editor-ExampleDeviceProfileSelector.dll (API version 3709383).
LogModuleManager: Display: Found up-to-date module file ../../../Engine/Plugins/Runtime/ImmediatePhysics/Binaries/Win64/UE4Editor-ImmediatePhysics.dll (API version 3709383).
LogModuleManager: Display: Found up-to-date module file ../../../Engine/Plugins/Runtime/ImmediatePhysics/Binaries/Win64/UE4Editor-ImmediatePhysicsEditor.dll (API version 3709383).
LogModuleManager: Display: Found up-to-date module file ../../../Engine/Plugins/Runtime/LocationServicesBPLibrary/Binaries/Win64/UE4Editor-LocationServicesBPLibrary.dll (API version 3709383).
LogModuleManager: Display: Found up-to-date module file ../../../Engine/Plugins/Runtime/MobilePatchingUtils/Binaries/Win64/UE4Editor-MobilePatchingUtils.dll (API version 3709383).
LogModuleManager: Display: Found up-to-date module file ../../../Engine/Plugins/Runtime/Oculus/OculusVR/Binaries/Win64/UE4Editor-OculusHMD.dll (API version 3709383).
LogModuleManager: Display: Found up-to-date module file ../../../Engine/Plugins/Runtime/Oculus/OculusVR/Binaries/Win64/UE4Editor-OculusInput.dll (API version 3709383).
LogModuleManager: Display: Found up-to-date module file ../../../Engine/Plugins/Runtime/Oculus/OculusVR/Binaries/Win64/UE4Editor-OculusEditor.dll (API version 3709383).
LogModuleManager: Display: Found up-to-date module file ../../../Engine/Plugins/Runtime/PhysXVehicles/Binaries/Win64/UE4Editor-PhysXVehicles.dll (API version 3709383).
LogModuleManager: Display: Found up-to-date module file ../../../Engine/Plugins/Runtime/PhysXVehicles/Binaries/Win64/UE4Editor-PhysXVehiclesEditor.dll (API version 3709383).
LogModuleManager: Display: Found up-to-date module file ../../../Engine/Plugins/Runtime/ProceduralMeshComponent/Binaries/Win64/UE4Editor-ProceduralMeshComponent.dll (API version 3709383).
LogModuleManager: Display: Found up-to-date module file ../../../Engine/Plugins/Runtime/ProceduralMeshComponent/Binaries/Win64/UE4Editor-ProceduralMeshComponentEditor.dll (API version 3709383).
LogModuleManager: Display: Found up-to-date module file ../../../Engine/Plugins/Runtime/RuntimePhysXCooking/Binaries/Win64/UE4Editor-RuntimePhysXCooking.dll (API version 3709383).
LogModuleManager: Display: Found up-to-date module file ../../../Engine/Plugins/Runtime/Steam/SteamVR/Binaries/Win64/UE4Editor-SteamVR.dll (API version 3709383).
LogModuleManager: Display: Found up-to-date module file ../../../Engine/Plugins/Runtime/Steam/SteamVR/Binaries/Win64/UE4Editor-SteamVRController.dll (API version 3709383).
LogModuleManager: Display: Found up-to-date module file ../../../Engine/Plugins/Runtime/WindowsMoviePlayer/Binaries/Win64/UE4Editor-WindowsMoviePlayer.dll (API version 3709383).
LogPluginManager: Mounting plugin Paper2D
LogPluginManager: Mounting plugin LightPropagationVolume
LogPluginManager: Mounting plugin CodeLiteSourceCodeAccess
LogPluginManager: Mounting plugin GitSourceControl
LogPluginManager: Mounting plugin KDevelopSourceCodeAccess
LogPluginManager: Mounting plugin NullSourceCodeAccess
LogPluginManager: Mounting plugin PerforceSourceControl
LogPluginManager: Mounting plugin SubversionSourceControl
LogPluginManager: Mounting plugin UObjectPlugin
LogPluginManager: Mounting plugin VisualStudioCodeSourceCodeAccess
LogPluginManager: Mounting plugin VisualStudioSourceCodeAccess
LogPluginManager: Mounting plugin XCodeSourceCodeAccess
LogPluginManager: Mounting plugin AssetManagerEditor
LogPluginManager: Mounting plugin AudioCapture
LogPluginManager: Mounting plugin FacialAnimation
LogPluginManager: Mounting plugin GameplayTagsEditor
LogPluginManager: Mounting plugin MobileLauncherProfileWizard
LogPluginManager: Mounting plugin PluginBrowser
LogPluginManager: Mounting plugin SpeedTreeImporter
LogPluginManager: Mounting plugin AlembicImporter
LogPluginManager: Mounting plugin CharacterAI
LogPluginManager: Mounting plugin HTML5Networking
LogPluginManager: Mounting plugin AndroidMedia
LogPluginManager: Mounting plugin AvfMedia
LogPluginManager: Mounting plugin ImgMedia
LogPluginManager: Mounting plugin MediaCompositing
LogPluginManager: Mounting plugin MediaPlayerEditor
LogPluginManager: Mounting plugin WmfMedia
LogPluginManager: Mounting plugin TcpMessaging
LogPluginManager: Mounting plugin UdpMessaging
LogPluginManager: Mounting plugin ActorSequence
LogPluginManager: Mounting plugin LevelSequenceEditor
LogPluginManager: Mounting plugin MatineeToLevelSequence
LogPluginManager: Mounting plugin OnlineSubsystemGooglePlay
LogPluginManager: Mounting plugin OnlineSubsystemIOS
LogPluginManager: Mounting plugin OnlineSubsystem
LogPluginManager: Mounting plugin OnlineSubsystemNull
LogPluginManager: Mounting plugin OnlineSubsystemUtils
LogPluginManager: Mounting plugin AndroidDeviceProfileSelector
LogPluginManager: Mounting plugin AndroidMoviePlayer
LogPluginManager: Mounting plugin AndroidPermission
LogPluginManager: Mounting plugin AppleARKit
LogPluginManager: Mounting plugin AppleMoviePlayer
LogPluginManager: Mounting plugin ArchVisCharacter
LogPluginManager: Mounting plugin CableComponent
LogPluginManager: Mounting plugin CustomMeshComponent
LogPluginManager: Mounting plugin ExampleDeviceProfileSelector
LogPluginManager: Mounting plugin GoogleCloudMessaging
LogPluginManager: Mounting plugin ImmediatePhysics
LogPluginManager: Mounting plugin IOSDeviceProfileSelector
LogPluginManager: Mounting plugin LinuxDeviceProfileSelector
LogPluginManager: Mounting plugin LocationServicesBPLibrary
LogPluginManager: Mounting plugin MobilePatchingUtils
LogPluginManager: Mounting plugin OculusVR
LogPluginManager: Plugin shader directory ../../../Engine/Plugins/Runtime/Oculus/OculusVR/Shaders found
LogPluginManager: Mapping shader source directory ../../../Engine/Plugins/Runtime/Oculus/OculusVR/Shaders to virtual directory /Plugin/OculusVR
LogPluginManager: Mounting plugin PhysXVehicles
LogPluginManager: Mounting plugin ProceduralMeshComponent
LogPluginManager: Mounting plugin RuntimePhysXCooking
LogPluginManager: Mounting plugin SteamVR
LogPluginManager: Mounting plugin WindowsMoviePlayer
LogInit: Using libcurl 7.47.1
LogInit:  - built for x86_64-pc-win32
LogInit:  - supports SSL with OpenSSL/1.0.2g
LogInit:  - supports HTTP deflate (compression) using libz 1.2.8
LogInit:  - other features:
LogInit:      CURL_VERSION_SSL
LogInit:      CURL_VERSION_LIBZ
LogInit:      CURL_VERSION_IPV6
LogInit:      CURL_VERSION_ASYNCHDNS
LogInit:      CURL_VERSION_LARGEFILE
LogInit:      CURL_VERSION_IDN
LogInit:  CurlRequestOptions (configurable via config and command line):
LogInit:  - bVerifyPeer = false  - Libcurl will NOT verify peer certificate
LogInit:  - bUseHttpProxy = false  - Libcurl will NOT use HTTP proxy
LogInit:  - bDontReuseConnections = false  - Libcurl will reuse connections
LogInit:  - CertBundlePath = nullptr  - Libcurl will use whatever was configured at build time.
LogInit: Build: ++UE4+Release-4.18-CL-3794801
LogInit: Engine Version: 4.18.2-3794801+++UE4+Release-4.18
LogInit: Compatible Engine Version: 4.18.0-3709383+++UE4+Release-4.18
LogInit: Net CL: 3709383
LogDevObjectVersion: Number of dev versions registered: 16
LogDevObjectVersion:   Dev-Blueprints (B0D832E4-1F89-4F0D-ACCF-7EB736FD4AA2): 10
LogDevObjectVersion:   Dev-Build (E1C64328-A22C-4D53-A36C-8E866417BD8C): 0
LogDevObjectVersion:   Dev-Core (375EC13C-06E4-48FB-B500-84F0262A717E): 2
LogDevObjectVersion:   Dev-Editor (E4B068ED-F494-42E9-A231-DA0B2E46BB41): 20
LogDevObjectVersion:   Dev-Framework (CFFC743F-43B0-4480-9391-14DF171D2073): 30
LogDevObjectVersion:   Dev-Mobile (B02B49B5-BB20-44E9-A304-32B752E40360): 0
LogDevObjectVersion:   Dev-Networking (A4E4105C-59A1-49B5-A7C5-40C4547EDFEE): 0
LogDevObjectVersion:   Dev-Online (39C831C9-5AE6-47DC-9A44-9C173E1C8E7C): 0
LogDevObjectVersion:   Dev-Physics (78F01B33-EBEA-4F98-B9B4-84EACCB95AA2): 0
LogDevObjectVersion:   Dev-Platform (6631380F-2D4D-43E0-8009-CF276956A95A): 0
LogDevObjectVersion:   Dev-Rendering (12F88B9F-8875-4AFC-A67C-D90C383ABD29): 20
LogDevObjectVersion:   Dev-Sequencer (7B5AE74C-D270-4C10-A958-57980B212A5A): 4
LogDevObjectVersion:   Dev-VR (D7296918-1DD6-4BDD-9DE2-64A83CC13884): 0
LogDevObjectVersion:   Dev-LoadTimes (C2A15278-BFE7-4AFE-6C17-90FF531DF755): 1
LogDevObjectVersion:   Private-Geometry (6EACA3D4-40EC-4CC1-B786-8BED09428FC5): 1
LogDevObjectVersion:   Dev-AnimPhys (29E575DD-E0A3-4627-9D10-D276232CDCEA): 12
LogInit: Compiled (64-bit): Dec  8 2017 02:04:53
LogInit: Compiled with Visual C++: 19.00.24215.01
LogInit: Build Configuration: Development
LogInit: Branch Name: ++UE4+Release-4.18
LogInit: Command line:  
LogInit: Base directory: D:/Epic Games/UE_4.18/Engine/Binaries/Win64/
LogInit: Installed Engine Build: 1
LogInit: Presizing for max 8388607 objects, including 0 objects not considered by GC, pre-allocating 0 bytes for permanent pool.
LogInit: Object subsystem initialized
[2018.01.02-01.28.58:596][  0]LogInit: Selected Device Profile: [Windows]
[2018.01.02-01.28.58:596][  0]LogInit: Applying CVar settings loaded from the selected device profile: [Windows]
[2018.01.02-01.28.58:674][  0]LogInit: Computer: DESKTOP-LSRTGJ7
[2018.01.02-01.28.58:674][  0]LogInit: User: ShangdaWu
[2018.01.02-01.28.58:674][  0]LogInit: CPU Page size=4096, Cores=4
[2018.01.02-01.28.58:674][  0]LogInit: High frequency timer resolution =2.648441 MHz
[2018.01.02-01.28.58:675][  0]LogMemory: Memory total: Physical=7.9GB (8GB approx)
[2018.01.02-01.28.58:675][  0]LogMemory: Platform Memory Stats for Windows
[2018.01.02-01.28.58:675][  0]LogMemory: Process Physical Memory: 272.08 MB used, 272.08 MB peak
[2018.01.02-01.28.58:675][  0]LogMemory: Process Virtual Memory: 269.64 MB used, 269.64 MB peak
[2018.01.02-01.28.58:675][  0]LogMemory: Physical Memory: 3084.29 MB used,  4988.53 MB free, 8072.82 MB total
[2018.01.02-01.28.58:675][  0]LogMemory: Virtual Memory: 643.53 MB used,  4988.53 MB free, 134217728.00 MB total
[2018.01.02-01.28.59:502][  0]LogInit: Overriding language with editor language configuration option (en).
[2018.01.02-01.28.59:503][  0]LogInit: Overriding locale with editor locale configuration option (en).
[2018.01.02-01.29.00:703][  0]LogInit: Setting process to per monitor DPI aware
[2018.01.02-01.29.06:602][  0]LogD3D11RHI: D3D11 adapters:
[2018.01.02-01.29.08:129][  0]LogD3D11RHI:    0. 'NVIDIA GeForce GTX 1060' (Feature Level 11_0)
[2018.01.02-01.29.08:129][  0]LogD3D11RHI:       6061/0/4036 MB DedicatedVideo/DedicatedSystem/SharedSystem, Outputs:2, VendorId:0x10de
[2018.01.02-01.29.08:149][  0]LogD3D11RHI:    1. 'Intel(R) HD Graphics 530' (Feature Level 11_0)
[2018.01.02-01.29.08:149][  0]LogD3D11RHI:       128/0/4036 MB DedicatedVideo/DedicatedSystem/SharedSystem, Outputs:0, VendorId:0x8086
[2018.01.02-01.29.08:154][  0]LogD3D11RHI:    2. 'Microsoft Basic Render Driver' (Feature Level 11_0)
[2018.01.02-01.29.08:154][  0]LogD3D11RHI:       0/0/4036 MB DedicatedVideo/DedicatedSystem/SharedSystem, Outputs:0, VendorId:0x1414
[2018.01.02-01.29.08:154][  0]LogD3D11RHI: Chosen D3D11 Adapter: 0
[2018.01.02-01.29.08:169][  0]LogD3D11RHI: Creating new Direct3DDevice
[2018.01.02-01.29.08:169][  0]LogD3D11RHI:     GPU DeviceId: 0x1c20 (for the marketing name, search the web for "GPU Device Id")
[2018.01.02-01.29.08:169][  0]LogWindows: EnumDisplayDevices:
[2018.01.02-01.29.08:169][  0]LogWindows:    0. 'Intel(R) HD Graphics 530' (P:1 D:1)
[2018.01.02-01.29.08:170][  0]LogWindows:    1. 'Intel(R) HD Graphics 530' (P:0 D:0)
[2018.01.02-01.29.08:170][  0]LogWindows:    2. 'Intel(R) HD Graphics 530' (P:0 D:0)
[2018.01.02-01.29.08:171][  0]LogWindows:    3. 'NVIDIA GeForce GTX 1060' (P:0 D:1)
[2018.01.02-01.29.08:171][  0]LogWindows:    4. 'NVIDIA GeForce GTX 1060' (P:0 D:0)
[2018.01.02-01.29.08:171][  0]LogWindows:    5. 'NVIDIA GeForce GTX 1060' (P:0 D:0)
[2018.01.02-01.29.08:172][  0]LogWindows:    6. 'NVIDIA GeForce GTX 1060' (P:0 D:0)
[2018.01.02-01.29.08:172][  0]LogWindows: DebugString: PrimaryIsNotTheChoosenAdapter PrimaryIsNotTheChoosenAdapter PrimaryIsNotTheChoosenAdapter FoundDriverCount:4 
[2018.01.02-01.29.08:172][  0]LogD3D11RHI:     Adapter Name: NVIDIA GeForce GTX 1060
[2018.01.02-01.29.08:172][  0]LogD3D11RHI:   Driver Version: 388.43 (internal:23.21.13.8843, unified:388.43)
[2018.01.02-01.29.08:172][  0]LogD3D11RHI:      Driver Date: 11-27-2017
[2018.01.02-01.29.08:172][  0]LogRHI: Texture pool is 4242 MB (70% of 6061 MB)
[2018.01.02-01.29.08:232][  0]LogD3D11RHI: Async texture creation enabled
[2018.01.02-01.29.08:247][  0]LogD3D11RHI: GPU Timing Frequency: 1000.000000 (Debug: 2 1)
[2018.01.02-01.29.08:292][  0]LogShaderCompilers: Guid format shader working directory is 41 characters bigger than the processId version (E:/UE/Life/Intermediate/Shaders/WorkingDirectory/7712/).
[2018.01.02-01.29.08:292][  0]LogShaderCompilers: Cleaned the shader compiler working directory 'C:/Users/Shangda.Wu/AppData/Local/Temp/UnrealShaderWorkingDir/A8C2B2DF4B4B7532DCED3C958EA26D77/'.
[2018.01.02-01.29.08:293][  0]LogShaderCompilers: Display: Using Local Shader Compiler.
[2018.01.02-01.29.14:020][  0]LogTemp: Display: Loaded TP AllDesktopTargetPlatform
[2018.01.02-01.29.14:092][  0]LogTemp: Display: Loaded TP MacClientTargetPlatform
[2018.01.02-01.29.14:162][  0]LogTemp: Display: Loaded TP MacNoEditorTargetPlatform
[2018.01.02-01.29.14:230][  0]LogTemp: Display: Loaded TP MacServerTargetPlatform
[2018.01.02-01.29.14:307][  0]LogTemp: Display: Loaded TP MacTargetPlatform
[2018.01.02-01.29.14:401][  0]LogTemp: Display: Loaded TP WindowsClientTargetPlatform
[2018.01.02-01.29.14:526][  0]LogTemp: Display: Loaded TP WindowsNoEditorTargetPlatform
[2018.01.02-01.29.14:609][  0]LogTemp: Display: Loaded TP WindowsServerTargetPlatform
[2018.01.02-01.29.14:666][  0]LogTemp: Display: Loaded TP WindowsTargetPlatform
[2018.01.02-01.29.14:781][  0]LogTemp: Display: Loaded TP Android_ASTCTargetPlatform
[2018.01.02-01.29.14:902][  0]LogTemp: Display: Loaded TP Android_ATCTargetPlatform
[2018.01.02-01.29.15:024][  0]LogTemp: Display: Loaded TP Android_DXTTargetPlatform
[2018.01.02-01.29.15:145][  0]LogTemp: Display: Loaded TP Android_ETC1TargetPlatform
[2018.01.02-01.29.15:268][  0]LogTemp: Display: Loaded TP Android_ETC2TargetPlatform
[2018.01.02-01.29.15:413][  0]LogTemp: Display: Loaded TP Android_MultiTargetPlatform
[2018.01.02-01.29.15:413][  0]LogTemp: Display: Loaded TP Android_PVRTCTargetPlatform
[2018.01.02-01.29.15:487][  0]LogTemp: Display: Loaded TP AndroidTargetPlatform
[2018.01.02-01.29.15:551][  0]LogTemp: Display: Loaded TP HTML5TargetPlatform
[2018.01.02-01.29.15:809][  0]LogTemp: Display: Loaded TP IOSTargetPlatform
[2018.01.02-01.29.15:871][  0]LogTemp: Display: Loaded TP TVOSTargetPlatform
[2018.01.02-01.29.15:970][  0]LogTemp: Display: Loaded TP LinuxClientTargetPlatform
[2018.01.02-01.29.16:042][  0]LogTemp: Display: Loaded TP LinuxNoEditorTargetPlatform
[2018.01.02-01.29.16:111][  0]LogTemp: Display: Loaded TP LinuxServerTargetPlatform
[2018.01.02-01.29.16:185][  0]LogTemp: Display: Loaded TP LinuxTargetPlatform
[2018.01.02-01.29.16:185][  0]LogTargetPlatformManager: Display: Building Assets For Windows
[2018.01.02-01.29.17:718][  0]LogDerivedDataCache: Display: Max Cache Size: 512 MB
[2018.01.02-01.29.17:991][  0]LogDerivedDataCache: Loaded boot cache 0.27s 78MB C:/Users/Shangda.Wu/AppData/Local/UnrealEngine/4.18/DerivedDataCache/Boot.ddc.
[2018.01.02-01.29.17:991][  0]LogDerivedDataCache: Display: Loaded Boot cache: C:/Users/Shangda.Wu/AppData/Local/UnrealEngine/4.18/DerivedDataCache/Boot.ddc
[2018.01.02-01.29.17:991][  0]LogDerivedDataCache: FDerivedDataBackendGraph:  Pak pak cache file E:/UE/Life/DerivedDataCache/DDC.ddp not found, will not use a pak cache.
[2018.01.02-01.29.17:991][  0]LogDerivedDataCache: Unable to find inner node Pak for hierarchical cache Hierarchy.
[2018.01.02-01.29.17:991][  0]LogDerivedDataCache: FDerivedDataBackendGraph:  CompressedPak pak cache file E:/UE/Life/DerivedDataCache/Compressed.ddp not found, will not use a pak cache.
[2018.01.02-01.29.17:991][  0]LogDerivedDataCache: Unable to find inner node CompressedPak for hierarchical cache Hierarchy.
[2018.01.02-01.29.18:061][  0]LogDerivedDataCache: Display: Pak cache opened for reading ../../../Engine/DerivedDataCache/Compressed.ddp.
[2018.01.02-01.29.18:075][  0]LogDerivedDataCache: Using Local data cache path C:/Users/Shangda.Wu/AppData/Local/UnrealEngine/Common/DerivedDataCache: Writable
[2018.01.02-01.29.18:108][  0]LogMaterial: Verifying Global Shaders for PCD3D_SM5
[2018.01.02-01.29.18:109][  0]LogSlate: Using Freetype 2.6.0
[2018.01.02-01.29.18:146][  0]LogSlate: SlateFontCache - WITH_FREETYPE: 1, WITH_HARFBUZZ: 1
[2018.01.02-01.29.18:146][  0]LogSlate: SlateFontCache - WITH_FREETYPE: 1, WITH_HARFBUZZ: 1
[2018.01.02-01.29.20:983][  0]LogInit: Selected Device Profile: [Windows]
[2018.01.02-01.29.21:643][  0]LogSimplygon: Simplygon DLL not present - disabling.
[2018.01.02-01.29.21:716][  0]LogMeshReduction: Using SimplygonSwarm for distributed automatic mesh merging
[2018.01.02-01.29.21:716][  0]LogMeshReduction: Using QuadricMeshReduction for automatic static mesh reduction
[2018.01.02-01.29.21:716][  0]LogMeshReduction: No automatic skeletal mesh reduction module available
[2018.01.02-01.29.21:716][  0]LogMeshReduction: No automatic mesh merging module available
[2018.01.02-01.29.21:716][  0]LogMeshMerging: No automatic mesh merging module available
[2018.01.02-01.29.21:795][  0]LogNetVersion: Life , NetCL: 3709383, EngineNetVer: 2, GameNetVer: 0 (Checksum: 383070129)
[2018.01.02-01.29.22:181][  0]LogAssetRegistry: FAssetRegistry took 0.0310 seconds to start up
[2018.01.02-01.29.22:966][  0]LogPackageLocalizationCache: Processed 7 localized package path(s) for 1 prioritized culture(s) in 0.038671 seconds
[2018.01.02-01.29.22:974][  0]LogUObjectArray: 35900 objects as part of root set at end of initial load.
[2018.01.02-01.29.22:975][  0]LogUObjectAllocator: 7372016 out of 0 bytes used by permanent object pool.
[2018.01.02-01.29.22:975][  0]LogUObjectArray: CloseDisregardForGC: 0/0 objects in disregard for GC pool
[2018.01.02-01.29.23:035][  0]LogInit: WinSock: version 1.1 (2.2), MaxSocks=32767, MaxUdp=65467
[2018.01.02-01.29.27:307][  0]LogTcpMessaging: Initializing TcpMessaging bridge
[2018.01.02-01.29.27:388][  0]LogUdpMessaging: Initializing bridge on interface 0.0.0.0:0 to multicast group 230.0.0.1:6666.
[2018.01.02-01.29.28:319][  0]LogMaterial: Uniform references updated for custom material expression Custom.
[2018.01.02-01.29.28:884][  0]SourceControl: Source control is disabled
[2018.01.02-01.29.28:884][  0]SourceControl: Source control is disabled
[2018.01.02-01.29.28:951][  0]SourceControl: Source control is disabled
[2018.01.02-01.29.29:017][  0]SourceControl: Source control is disabled
[2018.01.02-01.29.30:122][  0]LogAndroidPermission: UAndroidPermissionCallbackProxy::GetInstance
[2018.01.02-01.29.30:546][  0]LogOcInput: OculusInput pre-init called
[2018.01.02-01.29.31:059][  0]LogEngine: Initializing Engine...
[2018.01.02-01.29.31:063][  0]LogHMD: Failed to initialize OpenVR with code 110
[2018.01.02-01.29.31:484][  0]LogStats: UGameplayTagsManager::ConstructGameplayTagTree: Construct from data asset -  0.000 s
[2018.01.02-01.29.31:484][  0]LogStats: UGameplayTagsManager::ConstructGameplayTagTree: GameplayTagTreeChangedEvent.Broadcast -  0.000 s
[2018.01.02-01.29.31:657][  0]LogAIModule: Creating AISystem for world Untitled
[2018.01.02-01.29.31:684][  0]LogInit: XAudio2 using 'DELL U2417H-0 (NVIDIA High Definition Audio)' : 2 channels at 48 kHz using 16 bits per sample (channel mask 0x3)
[2018.01.02-01.29.31:732][  0]LogInit: FAudioDevice initialized.
[2018.01.02-01.29.31:877][  0]LogDerivedDataCache: Saved boot cache 0.15s 78MB C:/Users/Shangda.Wu/AppData/Local/UnrealEngine/4.18/DerivedDataCache/Boot.ddc.
[2018.01.02-01.29.31:920][  0]LogInit: Texture streaming: Enabled
[2018.01.02-01.29.32:056][  0]LogEngineSessionManager: EngineSessionManager initialized
[2018.01.02-01.29.32:290][  0]LogInit: Transaction tracking system initialized
[2018.01.02-01.29.32:715][  0]BlueprintLog: New page: Editor Load
[2018.01.02-01.29.33:912][  0]LocalizationService: Localization service is disabled
[2018.01.02-01.29.34:876][  0]LogConsoleResponse: Display: 
[2018.01.02-01.29.35:166][  0]LogCook: Display: Max memory allowance for cook 16384mb min free memory 0mb
[2018.01.02-01.29.35:166][  0]LogCook: Display: Mobile HDR setting 1
[2018.01.02-01.29.35:166][  0]LogGameplayTags: Display: UGameplayTagsManager::DoneAddingNativeTags. DelegateIsBound: 0
[2018.01.02-01.29.35:637][  0]LogFileCache: Scanning file cache for directory 'E:/UE/Life/Content/' took 0.01s
[2018.01.02-01.29.36:896][  0]SourceControl: Source control is disabled
[2018.01.02-01.29.36:896][  0]Cmd: MAP LOAD FILE="E:/UE/Life/Content/Game_Scenes/Game_Scenes.umap" TEMPLATE=0 SHOWPROGRESS=1 FEATURELEVEL=3
[2018.01.02-01.29.36:897][  0]LightingResults: New page: Lighting Build
[2018.01.02-01.29.36:967][  0]MapCheck: New page: Map Check
[2018.01.02-01.29.36:967][  0]LightingResults: New page: Lighting Build
[2018.01.02-01.29.37:915][  0]LogAIModule: Creating AISystem for world Game_Scenes
[2018.01.02-01.29.37:916][  0]LogEditorServer: Finished looking for orphan Actors (0.000 secs)
[2018.01.02-01.29.37:937][  0]Cmd: MAP CHECKDEP NOCLEARLOG
[2018.01.02-01.29.38:001][  0]MapCheck: Map check complete: 0 Error(s), 0 Warning(s), took 64.021ms to complete.
[2018.01.02-01.29.38:001][  0]LogFileHelpers: Loading map 'Game_Scenes' took 1.105
[2018.01.02-01.29.38:328][  0]LogCollectionManager: Loaded 0 collections in 0.001548 seconds
[2018.01.02-01.29.38:444][  0]LogFileCache: Scanning file cache for directory 'E:/UE/Life/Saved/Collections/' took 0.01s
[2018.01.02-01.29.38:444][  0]LogFileCache: Scanning file cache for directory 'E:/UE/Life/Content/Developers/ShangdaWu/Collections/' took 0.01s
[2018.01.02-01.29.38:444][  0]LogFileCache: Scanning file cache for directory 'E:/UE/Life/Content/Collections/' took 0.01s
[2018.01.02-01.29.38:444][  0]LogCollectionManager: Rebuilt the GUID cache for 0 collections in 0.000001 seconds
[2018.01.02-01.29.38:460][  0]LogContentBrowser: Native class hierarchy populated in 0.0151 seconds. Added 2363 classes and 519 folders.
[2018.01.02-01.29.38:540][  0]LogContentBrowser: Native class hierarchy updated for 'WidgetCarousel' in 0.0007 seconds. Added 0 classes and 0 folders.
[2018.01.02-01.29.38:594][  0]LogContentBrowser: Native class hierarchy updated for 'AddContentDialog' in 0.0004 seconds. Added 0 classes and 0 folders.
[2018.01.02-01.29.38:647][  0]LogContentBrowser: Native class hierarchy updated for 'SceneOutliner' in 0.0004 seconds. Added 1 classes and 2 folders.
[2018.01.02-01.29.38:674][  0]LogSlate: Took 0.000375 seconds to synchronously load lazily loaded font '../../../Engine/Content/Slate/Fonts/Roboto-Regular.ttf' (155K)
[2018.01.02-01.29.38:681][  0]LogSlate: Took 0.000548 seconds to synchronously load lazily loaded font '../../../Engine/Content/Slate/Fonts/Roboto-Bold.ttf' (160K)
[2018.01.02-01.29.38:698][  0]LogSlate: Took 0.000445 seconds to synchronously load lazily loaded font '../../../Engine/Content/Editor/Slate/Fonts/FontAwesome.ttf' (139K)
[2018.01.02-01.29.38:886][  0]LogRenderer: Reallocating scene render targets to support 1208x508 Format 10 NumSamples 1 (Frame:1).
[2018.01.02-01.29.39:179][  0]LogContentBrowser: Native class hierarchy updated for 'HierarchicalLODOutliner' in 0.0007 seconds. Added 1 classes and 2 folders.
[2018.01.02-01.29.39:180][  0]LogLoad: (Engine Initialization) Total time: 46.84 seconds
[2018.01.02-01.29.39:180][  0]LogLoad: (Engine Initialization) Total Blueprint compile time: 0.00 seconds
[2018.01.02-01.29.39:180][  0]LogExternalProfiler: No external profilers were discovered.  External profiling features will not be available.
[2018.01.02-01.29.39:208][  0]LoadErrors: Error: /Game/Game_UMG/BP_PlayerDock : Failed import for ObjectProperty /Game/Game_UMG/BP_Battle_Panel.BP_Battle_Panel_C:BP_Rewar_Panel Referenced by export Function /Game/Game_UMG/BP_PlayerDock.BP_PlayerDock_C:ExecuteUbergraph_BP_PlayerDock
[2018.01.02-01.29.39:236][  0]LogContentStreaming: Texture pool size now 1000 MB
[2018.01.02-01.29.39:362][  0]LogSlate: Took 0.000240 seconds to synchronously load lazily loaded font '../../../Engine/Content/Slate/Fonts/Roboto-Light.ttf' (159K)
[2018.01.02-01.29.39:547][  2]LogAssetRegistry: Asset discovery search completed in 17.3887 seconds
[2018.01.02-01.29.39:552][  2]LogCollectionManager: Rebuilt the object cache for 0 collections in 0.000001 seconds (found 0 objects)
[2018.01.02-01.29.39:553][  2]LogCollectionManager: Fixed up redirectors for 0 collections in 0.000179 seconds (updated 0 objects)
[2018.01.02-01.30.23:878][963]LogSlate: Took 0.000213 seconds to synchronously load lazily loaded font '../../../Engine/Content/Slate/Fonts/Roboto-Light.ttf' (159K)
[2018.01.02-01.30.28:588][ 13]LogSlate: Took 0.000216 seconds to synchronously load lazily loaded font '../../../Engine/Content/Slate/Fonts/Roboto-Regular.ttf' (155K)
[2018.01.02-01.30.28:696][ 13]LogContentBrowser: Native class hierarchy updated for 'BlueprintGraph' in 0.0018 seconds. Added 116 classes and 0 folders.
[2018.01.02-01.30.30:003][ 13]LogSlate: Took 0.000240 seconds to synchronously load lazily loaded font '../../../Engine/Content/Slate/Fonts/Roboto-Light.ttf' (159K)
[2018.01.02-01.30.30:004][ 13]LogSlate: Took 0.000188 seconds to synchronously load lazily loaded font '../../../Engine/Content/Editor/Slate/Fonts/Roboto-BoldCondensed.ttf' (158K)
[2018.01.02-01.30.31:636][ 45]LogSlate: Took 0.012444 seconds to synchronously load lazily loaded font '../../../Engine/Content/Editor/Slate/Fonts/Roboto-Italic.ttf' (157K)
[2018.01.02-01.30.34:007][112]BlueprintLog: New page: Compile BP_BackpackSlot
[2018.01.02-01.30.34:093][112]LogBlueprint: Error: [Compiler BP_BackpackSlot] Can't connect pins  BP Item Introduction  and  Target : DEADCLASS BP Item Introduction C 2 Object Reference is not compatible with Object Reference.
[2018.01.02-01.30.34:093][112]LogBlueprint: Warning: [Compiler BP_BackpackSlot] Could not find a variable named "IntroductionSlot_Visibility" in 'BP_BackpackSlot'.
Make sure 'BP_BackpackSlot' has been compiled for  Set IntroductionSlot_Visibility
[2018.01.02-01.30.34:094][112]LogBlueprint: Error: [Compiler BP_BackpackSlot] Can't connect pins  Object  and  Return Value : This cast has an invalid target type (was the class deleted without a redirect?).
[2018.01.02-01.30.34:094][112]LogBlueprint: Error: [Compiler BP_BackpackSlot] Can't connect pins  Target  and  BP Item Introduction : Object Reference is not compatible with DEADCLASS BP Item Introduction C 2 Object Reference.
[2018.01.02-01.30.34:094][112]LogBlueprint: Warning: [Compiler BP_BackpackSlot] Could not find a variable named "Wrap_Box_Introduction" in 'BP_BackpackSlot'.
Make sure 'BP_BackpackSlot' has been compiled for  Get Wrap_Box_Introduction
[2018.01.02-01.30.34:094][112]LogBlueprint: Error: [Compiler BP_BackpackSlot] Can't connect pins  Return Value  and  Object : This cast has an invalid target type (was the class deleted without a redirect?).
[2018.01.02-01.30.34:099][112]LogBlueprint: Error: [Compiler BP_BackpackSlot] Can't connect pins  BP Item Introduction  and  Target : DEADCLASS BP Item Introduction C 2 Object Reference is not compatible with Object Reference.
[2018.01.02-01.30.34:099][112]LogBlueprint: Error: [Compiler BP_BackpackSlot] Can't connect pins  Target  and  BP Item Introduction : Object Reference is not compatible with DEADCLASS BP Item Introduction C 2 Object Reference.
[2018.01.02-01.30.34:099][112]LogBlueprint: Warning: [Compiler BP_BackpackSlot] Could not find a variable named "Wrap_Box_Introduction" in 'BP_BackpackSlot'.
Make sure 'BP_BackpackSlot' has been compiled for  Get Wrap_Box_Introduction
[2018.01.02-01.30.34:099][112]LogBlueprint: Error: [Compiler BP_BackpackSlot] Can't connect pins  Return Value  and  Object : This cast has an invalid target type (was the class deleted without a redirect?).
[2018.01.02-01.30.34:099][112]LogBlueprint: Error: [Compiler BP_BackpackSlot] Can't connect pins  Object  and  Return Value : This cast has an invalid target type (was the class deleted without a redirect?).
[2018.01.02-01.30.34:099][112]LogBlueprint: Warning: [Compiler BP_BackpackSlot] Could not find a variable named "IntroductionSlot_Visibility" in 'BP_BackpackSlot'.
Make sure 'BP_BackpackSlot' has been compiled for  Set IntroductionSlot_Visibility
[2018.01.02-01.30.34:102][112]LogBlueprint: Error: [Compiler BP_BackpackSlot] The property associated with  Wrap Box Introduction  could not be found
[2018.01.02-01.30.34:102][112]LogBlueprint: Error: [Compiler BP_BackpackSlot] The property associated with  Introduction Slot Visibility  could not be found
[2018.01.02-01.30.34:151][112]LogBlueprint: Warning: [Compiler BP_BackpackSlot] [0101.81] Compile of BP_BackpackSlot failed. 10 Fatal Issue(s) 4 Warning(s) [in 144 ms] (/Game/Game_UMG/BP_BackpackSlot.BP_BackpackSlot)
[2018.01.02-01.31.00:524][813]BlueprintLog: New page: Compile BP_BackpackSlot
[2018.01.02-01.31.06:889][976]Cmd: OBJ SAVEPACKAGE PACKAGE="/Game/Game_UMG/BP_BackpackSlot" FILE="E:/UE/Life/Content/Game_UMG/BP_BackpackSlot.uasset" SILENT=true
[2018.01.02-01.31.07:144][976]LogSavePackage: Save=172.36ms
[2018.01.02-01.31.07:144][976]LogSavePackage: Moving 'E:/UE/Life/Saved/BP_BackpackSlot0AD5C0C145AD89D1E97CA88366CDE601.tmp' to 'E:/UE/Life/Content/Game_UMG/BP_BackpackSlot.uasset'
[2018.01.02-01.31.07:146][976]LogSavePackage: Display: Finished SavePackage E:/UE/Life/Content/Game_UMG/BP_BackpackSlot.uasset
[2018.01.02-01.31.13:390][181]LogSlate: Took 0.109942 seconds to synchronously load lazily loaded font '../../../Engine/Content/Slate/Fonts/DroidSansFallback.ttf' (3848K)
[2018.01.02-01.31.16:191][256]BlueprintLog: New page: Compile BP_RealWorld
[2018.01.02-01.31.20:358][346]Cmd: OBJ SAVEPACKAGE PACKAGE="/Game/Game_UMG/BP_RealWorld" FILE="E:/UE/Life/Content/Game_UMG/BP_RealWorld.uasset" SILENT=true
[2018.01.02-01.31.20:410][346]LogSavePackage: Save=33.76ms
[2018.01.02-01.31.20:410][346]LogSavePackage: Moving 'E:/UE/Life/Saved/BP_RealWorld58F3ADF34C425AE603208FA1B1F5786A.tmp' to 'E:/UE/Life/Content/Game_UMG/BP_RealWorld.uasset'
[2018.01.02-01.31.20:414][346]LogSavePackage: Display: Finished SavePackage E:/UE/Life/Content/Game_UMG/BP_RealWorld.uasset
[2018.01.02-01.31.32:424][593]BlueprintLog: New page: Compile BP_PlayerDock
[2018.01.02-01.31.33:691][607]BlueprintLog: New page: Compile BP_PlayerDock
[2018.01.02-01.31.35:057][631]LogTemp: Repeating last play command: New Editor Window (PIE)
[2018.01.02-01.31.35:247][631]LogPlayLevel: PlayLevel: No blueprints needed recompiling
[2018.01.02-01.31.35:248][631]PIE: New page: PIE session: Game_Scenes (Jan 2, 2018, 5:31:35 PM)
[2018.01.02-01.31.35:249][631]LogPlayLevel: Creating play world package: /Game/Game_Scenes/UEDPIE_0_Game_Scenes
[2018.01.02-01.31.35:251][631]LogPlayLevel: PIE: StaticDuplicateObject took: (0.002016s)
[2018.01.02-01.31.35:252][631]LogAIModule: Creating AISystem for world Game_Scenes
[2018.01.02-01.31.35:253][631]LogPlayLevel: PIE: World Init took: (0.001681s)
[2018.01.02-01.31.35:253][631]LogPlayLevel: PIE: Created PIE world by copying editor world from /Game/Game_Scenes/Game_Scenes.Game_Scenes to /Game/Game_Scenes/UEDPIE_0_Game_Scenes.Game_Scenes (0.004349s)
[2018.01.02-01.31.35:309][631]LogInit: XAudio2 using 'DELL U2417H-0 (NVIDIA High Definition Audio)' : 2 channels at 48 kHz using 16 bits per sample (channel mask 0x3)
[2018.01.02-01.31.35:326][631]LogInit: FAudioDevice initialized.
[2018.01.02-01.31.35:487][631]LogLoad: Game class is 'Shangda_Wu_GameMode_C'
[2018.01.02-01.31.35:491][631]LogWorld: Bringing World /Game/Game_Scenes/UEDPIE_0_Game_Scenes.Game_Scenes up for play (max tick rate 60) at 2018.01.02-09.31.35
[2018.01.02-01.31.35:492][631]LogWorld: Bringing up level for play took: 0.001923
[2018.01.02-01.31.35:594][631]LogContentBrowser: Native class hierarchy updated for 'MovieSceneCapture' in 0.0005 seconds. Added 11 classes and 0 folders.
[2018.01.02-01.31.35:619][631]LogBlueprintUserMessages: [Shangda_Wu_Pawn_C_0] 读取玩家数据表
[2018.01.02-01.31.35:644][631]LogBlueprintUserMessages: [Shangda_Wu_Pawn_C_0] 读取玩家背包数据表
[2018.01.02-01.31.35:857][631]PIE: Play in editor start time for /Game/Game_Scenes/UEDPIE_0_Game_Scenes -0.259
[2018.01.02-01.31.36:031][631]LogRenderer: Reallocating scene render targets to support 1292x756 Format 10 NumSamples 1 (Frame:1).
[2018.01.02-01.31.42:126][697]LogBlueprintUserMessages: [BP_Battle_Panel] 可以对怪物发起攻击了
[2018.01.02-01.31.42:126][697]LogBlueprintUserMessages: [BP_Dice_C_0] Hello
[2018.01.02-01.31.42:126][697]LogBlueprintUserMessages: [BP_Dice_C_1] Hello
[2018.01.02-01.31.42:126][697]LogBlueprintUserMessages: [BP_Dice_C_2] Hello
[2018.01.02-01.31.42:126][697]LogBlueprintUserMessages: [BP_Dice_C_3] Hello
[2018.01.02-01.31.42:126][697]LogBlueprintUserMessages: [BP_Dice_C_4] Hello
[2018.01.02-01.31.42:126][697]LogBlueprintUserMessages: [BP_Dice_C_5] Hello
[2018.01.02-01.31.42:869][704]LogBlueprintUserMessages: [BP_Battle_Panel] 可以对怪物发起攻击了
[2018.01.02-01.31.42:869][704]LogBlueprintUserMessages: [BP_Dice_C_0] Hello
[2018.01.02-01.31.42:869][704]LogBlueprintUserMessages: [BP_Dice_C_1] Hello
[2018.01.02-01.31.42:869][704]LogBlueprintUserMessages: [BP_Dice_C_2] Hello
[2018.01.02-01.31.42:869][704]LogBlueprintUserMessages: [BP_Dice_C_3] Hello
[2018.01.02-01.31.42:869][704]LogBlueprintUserMessages: [BP_Dice_C_4] Hello
[2018.01.02-01.31.42:869][704]LogBlueprintUserMessages: [BP_Dice_C_5] Hello
[2018.01.02-01.31.43:538][711]LogBlueprintUserMessages: [BP_Battle_Panel] 可以对怪物发起攻击了
[2018.01.02-01.31.43:538][711]LogBlueprintUserMessages: [BP_Dice_C_0] Hello
[2018.01.02-01.31.43:538][711]LogBlueprintUserMessages: [BP_Dice_C_1] Hello
[2018.01.02-01.31.43:538][711]LogBlueprintUserMessages: [BP_Dice_C_2] Hello
[2018.01.02-01.31.43:538][711]LogBlueprintUserMessages: [BP_Dice_C_3] Hello
[2018.01.02-01.31.43:538][711]LogBlueprintUserMessages: [BP_Dice_C_4] Hello
[2018.01.02-01.31.43:539][711]LogBlueprintUserMessages: [BP_Dice_C_5] Hello
[2018.01.02-01.31.44:595][722]LogBlueprintUserMessages: [BP_Battle_Panel] 可以对怪物发起攻击了
[2018.01.02-01.31.44:595][722]LogBlueprintUserMessages: [BP_Dice_C_0] Hello
[2018.01.02-01.31.44:595][722]LogBlueprintUserMessages: [BP_Dice_C_1] Hello
[2018.01.02-01.31.44:595][722]LogBlueprintUserMessages: [BP_Dice_C_2] Hello
[2018.01.02-01.31.44:595][722]LogBlueprintUserMessages: [BP_Dice_C_3] Hello
[2018.01.02-01.31.44:595][722]LogBlueprintUserMessages: [BP_Dice_C_4] Hello
[2018.01.02-01.31.44:595][722]LogBlueprintUserMessages: [BP_Dice_C_5] Hello
[2018.01.02-01.31.46:371][740]LogBlueprintUserMessages: [BP_Battle_Panel] 可以对怪物发起攻击了
[2018.01.02-01.31.46:371][740]LogBlueprintUserMessages: [BP_Dice_C_0] Hello
[2018.01.02-01.31.46:371][740]LogBlueprintUserMessages: [BP_Dice_C_1] Hello
[2018.01.02-01.31.46:371][740]LogBlueprintUserMessages: [BP_Dice_C_2] Hello
[2018.01.02-01.31.46:371][740]LogBlueprintUserMessages: [BP_Dice_C_3] Hello
[2018.01.02-01.31.46:371][740]LogBlueprintUserMessages: [BP_Dice_C_4] Hello
[2018.01.02-01.31.46:371][740]LogBlueprintUserMessages: [BP_Dice_C_5] Hello
[2018.01.02-01.31.46:858][745]LogBlueprintUserMessages: [BP_Battle_Panel] 可以对怪物发起攻击了
[2018.01.02-01.31.46:858][745]LogBlueprintUserMessages: [BP_Dice_C_0] Hello
[2018.01.02-01.31.46:858][745]LogBlueprintUserMessages: [BP_Dice_C_1] Hello
[2018.01.02-01.31.46:858][745]LogBlueprintUserMessages: [BP_Dice_C_2] Hello
[2018.01.02-01.31.46:858][745]LogBlueprintUserMessages: [BP_Dice_C_3] Hello
[2018.01.02-01.31.46:858][745]LogBlueprintUserMessages: [BP_Dice_C_4] Hello
[2018.01.02-01.31.46:858][745]LogBlueprintUserMessages: [BP_Dice_C_5] Hello
[2018.01.02-01.31.47:299][750]LogBlueprintUserMessages: [BP_Battle_Panel] 可以对怪物发起攻击了
[2018.01.02-01.31.47:299][750]LogBlueprintUserMessages: [BP_Dice_C_0] Hello
[2018.01.02-01.31.47:299][750]LogBlueprintUserMessages: [BP_Dice_C_1] Hello
[2018.01.02-01.31.47:299][750]LogBlueprintUserMessages: [BP_Dice_C_2] Hello
[2018.01.02-01.31.47:299][750]LogBlueprintUserMessages: [BP_Dice_C_3] Hello
[2018.01.02-01.31.47:299][750]LogBlueprintUserMessages: [BP_Dice_C_4] Hello
[2018.01.02-01.31.47:299][750]LogBlueprintUserMessages: [BP_Dice_C_5] Hello
[2018.01.02-01.31.47:849][756]LogBlueprintUserMessages: [BP_Battle_Panel] 怪物发起了攻击
[2018.01.02-01.32.41:542][108]LogTemp: Repeating last play command: New Editor Window (PIE)
[2018.01.02-01.32.41:587][108]BlueprintLog: New page: Pre-Play auto-recompile
[2018.01.02-01.32.41:665][108]LogPlayLevel: [PlayLevel] Compiling BP_Battle_Panel before play...
[2018.01.02-01.32.41:936][108]LogPlayLevel: PlayLevel: Blueprint regeneration took 349 ms (1 blueprints)
[2018.01.02-01.32.41:937][108]PIE: New page: PIE session: Game_Scenes (Jan 2, 2018, 5:32:41 PM)
[2018.01.02-01.32.41:937][108]LogPlayLevel: Creating play world package: /Game/Game_Scenes/UEDPIE_0_Game_Scenes
[2018.01.02-01.32.41:939][108]LogPlayLevel: PIE: StaticDuplicateObject took: (0.002024s)
[2018.01.02-01.32.41:940][108]LogAIModule: Creating AISystem for world Game_Scenes
[2018.01.02-01.32.41:941][108]LogPlayLevel: PIE: World Init took: (0.001789s)
[2018.01.02-01.32.41:941][108]LogPlayLevel: PIE: Created PIE world by copying editor world from /Game/Game_Scenes/Game_Scenes.Game_Scenes to /Game/Game_Scenes/UEDPIE_0_Game_Scenes.Game_Scenes (0.004424s)
[2018.01.02-01.32.41:994][108]LogInit: XAudio2 using 'DELL U2417H-0 (NVIDIA High Definition Audio)' : 2 channels at 48 kHz using 16 bits per sample (channel mask 0x3)
[2018.01.02-01.32.42:010][108]LogInit: FAudioDevice initialized.
[2018.01.02-01.32.42:125][108]LogLoad: Game class is 'Shangda_Wu_GameMode_C'
[2018.01.02-01.32.42:128][108]LogWorld: Bringing World /Game/Game_Scenes/UEDPIE_0_Game_Scenes.Game_Scenes up for play (max tick rate 60) at 2018.01.02-09.32.42
[2018.01.02-01.32.42:129][108]LogWorld: Bringing up level for play took: 0.001393
[2018.01.02-01.32.42:132][108]LogBlueprintUserMessages: [Shangda_Wu_Pawn_C_0] 读取玩家数据表
[2018.01.02-01.32.42:133][108]LogBlueprintUserMessages: [Shangda_Wu_Pawn_C_0] 读取玩家背包数据表
[2018.01.02-01.32.42:342][108]PIE: Play in editor start time for /Game/Game_Scenes/UEDPIE_0_Game_Scenes 0.226
[2018.01.02-01.32.43:862][122]LogBlueprintUserMessages: [BP_Battle_Panel] 可以对怪物发起攻击了
[2018.01.02-01.32.43:863][122]LogBlueprintUserMessages: [BP_Dice_C_9] Hello
[2018.01.02-01.32.43:863][122]LogBlueprintUserMessages: [BP_Dice_C_10] Hello
[2018.01.02-01.32.43:863][122]LogBlueprintUserMessages: [BP_Dice_C_11] Hello
[2018.01.02-01.32.43:863][122]LogBlueprintUserMessages: [BP_Dice_C_12] Hello
[2018.01.02-01.32.43:863][122]LogBlueprintUserMessages: [BP_Dice_C_13] Hello
[2018.01.02-01.32.43:863][122]LogBlueprintUserMessages: [BP_Dice_C_14] Hello
[2018.01.02-01.32.44:105][125]LogBlueprintUserMessages: [BP_Battle_Panel] 可以对怪物发起攻击了
[2018.01.02-01.32.44:105][125]LogBlueprintUserMessages: [BP_Dice_C_9] Hello
[2018.01.02-01.32.44:105][125]LogBlueprintUserMessages: [BP_Dice_C_10] Hello
[2018.01.02-01.32.44:105][125]LogBlueprintUserMessages: [BP_Dice_C_11] Hello
[2018.01.02-01.32.44:105][125]LogBlueprintUserMessages: [BP_Dice_C_12] Hello
[2018.01.02-01.32.44:105][125]LogBlueprintUserMessages: [BP_Dice_C_13] Hello
[2018.01.02-01.32.44:105][125]LogBlueprintUserMessages: [BP_Dice_C_14] Hello
[2018.01.02-01.32.45:162][137]LogBlueprintUserMessages: [BP_Battle_Panel] 怪物发起了攻击
[2018.01.02-01.33.37:359][526]BlueprintLog: New page: Compile BP_Battle_Panel
[2018.01.02-01.33.38:108][539]LogTemp: Repeating last play command: New Editor Window (PIE)
[2018.01.02-01.33.38:171][539]LogPlayLevel: PlayLevel: No blueprints needed recompiling
[2018.01.02-01.33.38:171][539]PIE: New page: PIE session: Game_Scenes (Jan 2, 2018, 5:33:38 PM)
[2018.01.02-01.33.38:171][539]LogPlayLevel: Creating play world package: /Game/Game_Scenes/UEDPIE_0_Game_Scenes
[2018.01.02-01.33.38:173][539]LogPlayLevel: PIE: StaticDuplicateObject took: (0.001314s)
[2018.01.02-01.33.38:174][539]LogAIModule: Creating AISystem for world Game_Scenes
[2018.01.02-01.33.38:174][539]LogPlayLevel: PIE: World Init took: (0.001056s)
[2018.01.02-01.33.38:174][539]LogPlayLevel: PIE: Created PIE world by copying editor world from /Game/Game_Scenes/Game_Scenes.Game_Scenes to /Game/Game_Scenes/UEDPIE_0_Game_Scenes.Game_Scenes (0.002827s)
[2018.01.02-01.33.38:221][539]LogInit: XAudio2 using 'DELL U2417H-0 (NVIDIA High Definition Audio)' : 2 channels at 48 kHz using 16 bits per sample (channel mask 0x3)
[2018.01.02-01.33.38:232][539]LogInit: FAudioDevice initialized.
[2018.01.02-01.33.38:306][539]LogLoad: Game class is 'Shangda_Wu_GameMode_C'
[2018.01.02-01.33.38:308][539]LogWorld: Bringing World /Game/Game_Scenes/UEDPIE_0_Game_Scenes.Game_Scenes up for play (max tick rate 60) at 2018.01.02-09.33.38
[2018.01.02-01.33.38:308][539]LogWorld: Bringing up level for play took: 0.000872
[2018.01.02-01.33.38:310][539]LogBlueprintUserMessages: [Shangda_Wu_Pawn_C_0] 读取玩家数据表
[2018.01.02-01.33.38:311][539]LogBlueprintUserMessages: [Shangda_Wu_Pawn_C_0] 读取玩家背包数据表
[2018.01.02-01.33.38:422][539]PIE: Play in editor start time for /Game/Game_Scenes/UEDPIE_0_Game_Scenes 0.306
[2018.01.02-01.33.40:177][557]LogBlueprintUserMessages: [BP_Battle_Panel] 怪物发起了攻击
[2018.01.02-01.33.40:418][560]LogBlueprintUserMessages: [BP_Battle_Panel] 怪物发起了攻击
[2018.01.02-01.33.40:580][562]LogBlueprintUserMessages: [BP_Battle_Panel] 可以对怪物发起攻击了
[2018.01.02-01.33.40:580][562]LogBlueprintUserMessages: [BP_Dice_C_19] Hello
[2018.01.02-01.33.40:580][562]LogBlueprintUserMessages: [BP_Dice_C_20] Hello
[2018.01.02-01.33.40:580][562]LogBlueprintUserMessages: [BP_Dice_C_21] Hello
[2018.01.02-01.33.40:580][562]LogBlueprintUserMessages: [BP_Dice_C_22] Hello
[2018.01.02-01.33.40:580][562]LogBlueprintUserMessages: [BP_Dice_C_23] Hello
[2018.01.02-01.33.40:580][562]LogBlueprintUserMessages: [BP_Dice_C_24] Hello
[2018.01.02-01.33.40:810][565]LogBlueprintUserMessages: [BP_Battle_Panel] 可以对怪物发起攻击了
[2018.01.02-01.33.40:810][565]LogBlueprintUserMessages: [BP_Dice_C_19] Hello
[2018.01.02-01.33.40:810][565]LogBlueprintUserMessages: [BP_Dice_C_20] Hello
[2018.01.02-01.33.40:810][565]LogBlueprintUserMessages: [BP_Dice_C_21] Hello
[2018.01.02-01.33.40:810][565]LogBlueprintUserMessages: [BP_Dice_C_22] Hello
[2018.01.02-01.33.40:810][565]LogBlueprintUserMessages: [BP_Dice_C_23] Hello
[2018.01.02-01.33.40:810][565]LogBlueprintUserMessages: [BP_Dice_C_24] Hello
[2018.01.02-01.33.41:413][572]LogBlueprintUserMessages: [BP_Battle_Panel] 怪物发起了攻击
[2018.01.02-01.33.41:641][575]LogBlueprintUserMessages: [BP_Battle_Panel] 可以对怪物发起攻击了
[2018.01.02-01.33.41:641][575]LogBlueprintUserMessages: [BP_Dice_C_19] Hello
[2018.01.02-01.33.41:641][575]LogBlueprintUserMessages: [BP_Dice_C_20] Hello
[2018.01.02-01.33.41:641][575]LogBlueprintUserMessages: [BP_Dice_C_21] Hello
[2018.01.02-01.33.41:641][575]LogBlueprintUserMessages: [BP_Dice_C_22] Hello
[2018.01.02-01.33.41:641][575]LogBlueprintUserMessages: [BP_Dice_C_23] Hello
[2018.01.02-01.33.41:641][575]LogBlueprintUserMessages: [BP_Dice_C_24] Hello
[2018.01.02-01.33.41:799][577]LogBlueprintUserMessages: [BP_Battle_Panel] 怪物发起了攻击
[2018.01.02-01.33.42:045][580]LogBlueprintUserMessages: [BP_Battle_Panel] 可以对怪物发起攻击了
[2018.01.02-01.33.42:045][580]LogBlueprintUserMessages: [BP_Dice_C_19] Hello
[2018.01.02-01.33.42:045][580]LogBlueprintUserMessages: [BP_Dice_C_20] Hello
[2018.01.02-01.33.42:045][580]LogBlueprintUserMessages: [BP_Dice_C_21] Hello
[2018.01.02-01.33.42:045][580]LogBlueprintUserMessages: [BP_Dice_C_22] Hello
[2018.01.02-01.33.42:045][580]LogBlueprintUserMessages: [BP_Dice_C_23] Hello
[2018.01.02-01.33.42:045][580]LogBlueprintUserMessages: [BP_Dice_C_24] Hello
[2018.01.02-01.33.42:203][582]LogBlueprintUserMessages: [BP_Battle_Panel] 可以对怪物发起攻击了
[2018.01.02-01.33.42:203][582]LogBlueprintUserMessages: [BP_Dice_C_19] Hello
[2018.01.02-01.33.42:203][582]LogBlueprintUserMessages: [BP_Dice_C_20] Hello
[2018.01.02-01.33.42:203][582]LogBlueprintUserMessages: [BP_Dice_C_21] Hello
[2018.01.02-01.33.42:204][582]LogBlueprintUserMessages: [BP_Dice_C_22] Hello
[2018.01.02-01.33.42:204][582]LogBlueprintUserMessages: [BP_Dice_C_23] Hello
[2018.01.02-01.33.42:204][582]LogBlueprintUserMessages: [BP_Dice_C_24] Hello
[2018.01.02-01.33.42:366][584]LogBlueprintUserMessages: [BP_Battle_Panel] 怪物发起了攻击
[2018.01.02-01.33.42:619][587]LogBlueprintUserMessages: [BP_Battle_Panel] 可以对怪物发起攻击了
[2018.01.02-01.33.42:619][587]LogBlueprintUserMessages: [BP_Dice_C_19] Hello
[2018.01.02-01.33.42:619][587]LogBlueprintUserMessages: [BP_Dice_C_20] Hello
[2018.01.02-01.33.42:619][587]LogBlueprintUserMessages: [BP_Dice_C_21] Hello
[2018.01.02-01.33.42:619][587]LogBlueprintUserMessages: [BP_Dice_C_22] Hello
[2018.01.02-01.33.42:619][587]LogBlueprintUserMessages: [BP_Dice_C_23] Hello
[2018.01.02-01.33.42:619][587]LogBlueprintUserMessages: [BP_Dice_C_24] Hello
[2018.01.02-01.33.42:786][589]LogBlueprintUserMessages: [BP_Battle_Panel] 怪物发起了攻击
[2018.01.02-01.33.42:947][591]LogBlueprintUserMessages: [BP_Battle_Panel] 可以对怪物发起攻击了
[2018.01.02-01.33.42:947][591]LogBlueprintUserMessages: [BP_Dice_C_19] Hello
[2018.01.02-01.33.42:947][591]LogBlueprintUserMessages: [BP_Dice_C_20] Hello
[2018.01.02-01.33.42:947][591]LogBlueprintUserMessages: [BP_Dice_C_21] Hello
[2018.01.02-01.33.42:947][591]LogBlueprintUserMessages: [BP_Dice_C_22] Hello
[2018.01.02-01.33.42:947][591]LogBlueprintUserMessages: [BP_Dice_C_23] Hello
[2018.01.02-01.33.42:947][591]LogBlueprintUserMessages: [BP_Dice_C_24] Hello
[2018.01.02-01.33.46:147][648]Cmd: OBJ SAVEPACKAGE PACKAGE="/Game/Game_UMG/BP_Battle_Panel" FILE="E:/UE/Life/Content/Game_UMG/BP_Battle_Panel.uasset" SILENT=true
[2018.01.02-01.33.46:309][648]LogSavePackage: Save=146.80ms
[2018.01.02-01.33.46:309][648]LogSavePackage: Moving 'E:/UE/Life/Saved/BP_Battle_Panel580621C34601EDEA781B70A75B770EE4.tmp' to 'E:/UE/Life/Content/Game_UMG/BP_Battle_Panel.uasset'
[2018.01.02-01.33.46:311][648]LogSavePackage: Display: Finished SavePackage E:/UE/Life/Content/Game_UMG/BP_Battle_Panel.uasset
[2018.01.02-01.33.47:486][679]LogWindowsTextInputMethodSystem: Display: IME system now activated using TSF (搜狗拼音输入法).
[2018.01.02-01.33.47:780][680]Cmd: QUIT_EDITOR
[2018.01.02-01.33.48:019][680]LogExit: Preparing to exit.
[2018.01.02-01.33.48:575][680]LogExit: Editor shut down
[2018.01.02-01.33.48:586][680]LogExit: Transaction tracking system shut down
[2018.01.02-01.33.48:810][680]LogDirectoryWatcher: A directory notification for '../../../Engine/Content/' was aborted.
[2018.01.02-01.33.48:810][680]LogDirectoryWatcher: A directory notification for 'E:/UE/Life/Content/' was aborted.
[2018.01.02-01.33.48:810][680]LogDirectoryWatcher: A directory notification for '../../../Engine/Plugins/2D/Paper2D/Content/' was aborted.
[2018.01.02-01.33.48:810][680]LogDirectoryWatcher: A directory notification for '../../../Engine/Plugins/Media/MediaCompositing/Content/' was aborted.
[2018.01.02-01.33.48:810][680]LogDirectoryWatcher: A directory notification for '../../../Engine/Plugins/Runtime/AppleARKit/Content/' was aborted.
[2018.01.02-01.33.48:811][680]LogDirectoryWatcher: A directory notification for '../../../Engine/Plugins/Runtime/Oculus/OculusVR/Content/' was aborted.
[2018.01.02-01.33.48:811][680]LogDirectoryWatcher: A directory notification for '../../../Engine/Plugins/Runtime/Steam/SteamVR/Content/' was aborted.
[2018.01.02-01.33.49:012][680]LogExit: Object subsystem successfully closed.
[2018.01.02-01.33.49:031][680]LogD3D11RHI: Shutdown
[2018.01.02-01.33.49:031][680]LogD3D11RHI: CleanupD3DDevice
[2018.01.02-01.33.49:034][680]LogD3D11RHI: ~FD3D11DynamicRHI
[2018.01.02-01.33.49:047][680]LogModuleManager: Shutting down and abandoning module MovieSceneCapture (554)
[2018.01.02-01.33.49:047][680]LogModuleManager: Shutting down and abandoning module SequencerWidgets (552)
[2018.01.02-01.33.49:047][680]LogModuleManager: Shutting down and abandoning module BlueprintGraph (550)
[2018.01.02-01.33.49:047][680]LogModuleManager: Shutting down and abandoning module HierarchicalLODOutliner (548)
[2018.01.02-01.33.49:047][680]LogModuleManager: Shutting down and abandoning module SceneOutliner (546)
[2018.01.02-01.33.49:047][680]LogModuleManager: Shutting down and abandoning module AddContentDialog (544)
[2018.01.02-01.33.49:047][680]LogDirectoryWatcher: A directory notification for 'D:/Epic Games/UE_4.18/FeaturePacks/' was aborted.
[2018.01.02-01.33.49:049][680]LogModuleManager: Shutting down and abandoning module WidgetCarousel (543)
[2018.01.02-01.33.49:049][680]LogModuleManager: Shutting down and abandoning module EditorWidgets (540)
[2018.01.02-01.33.49:049][680]LogModuleManager: Shutting down and abandoning module CollectionManager (538)
[2018.01.02-01.33.49:049][680]LogDirectoryWatcher: A directory notification for 'E:/UE/Life/Content/Collections/' was aborted.
[2018.01.02-01.33.49:049][680]LogDirectoryWatcher: A directory notification for 'E:/UE/Life/Content/Developers/ShangdaWu/Collections/' was aborted.
[2018.01.02-01.33.49:049][680]LogDirectoryWatcher: A directory notification for 'E:/UE/Life/Saved/Collections/' was aborted.
[2018.01.02-01.33.49:049][680]LogModuleManager: Shutting down and abandoning module StatsViewer (536)
[2018.01.02-01.33.49:049][680]LogModuleManager: Shutting down and abandoning module FoliageEdit (534)
[2018.01.02-01.33.49:049][680]LogModuleManager: Shutting down and abandoning module LandscapeEditor (532)
[2018.01.02-01.33.49:049][680]LogModuleManager: Shutting down and abandoning module MeshPaintMode (530)
[2018.01.02-01.33.49:049][680]LogModuleManager: Shutting down and abandoning module SceneDepthPickerMode (528)
[2018.01.02-01.33.49:049][680]LogModuleManager: Shutting down and abandoning module ActorPickerMode (526)
[2018.01.02-01.33.49:049][680]LogModuleManager: Shutting down and abandoning module GeometryMode (524)
[2018.01.02-01.33.49:049][680]LogModuleManager: Shutting down and abandoning module TextureAlignMode (522)
[2018.01.02-01.33.49:049][680]LogModuleManager: Shutting down and abandoning module BspMode (520)
[2018.01.02-01.33.49:050][680]LogModuleManager: Shutting down and abandoning module PIEPreviewDeviceProfileSelector (518)
[2018.01.02-01.33.49:050][680]LogModuleManager: Shutting down and abandoning module HardwareSurvey (516)
[2018.01.02-01.33.49:050][680]LogModuleManager: Shutting down and abandoning module SequenceRecorderSections (514)
[2018.01.02-01.33.49:050][680]LogModuleManager: Shutting down and abandoning module AutomationWorker (512)
[2018.01.02-01.33.49:050][680]LogModuleManager: Shutting down and abandoning module MatineeToLevelSequence (510)
[2018.01.02-01.33.49:050][680]LogModuleManager: Shutting down and abandoning module LevelSequenceEditor (508)
[2018.01.02-01.33.49:050][680]LogModuleManager: Shutting down and abandoning module PlacementMode (507)
[2018.01.02-01.33.49:050][680]LogModuleManager: Shutting down and abandoning module WmfMediaFactory (504)
[2018.01.02-01.33.49:050][680]LogModuleManager: Shutting down and abandoning module WmfMediaEditor (502)
[2018.01.02-01.33.49:050][680]LogModuleManager: Shutting down and abandoning module OpenExrWrapper (500)
[2018.01.02-01.33.49:050][680]LogModuleManager: Shutting down and abandoning module ImgMediaFactory (498)
[2018.01.02-01.33.49:050][680]LogModuleManager: Shutting down and abandoning module ImgMediaEditor (496)
[2018.01.02-01.33.49:050][680]LogModuleManager: Shutting down and abandoning module AvfMediaFactory (494)
[2018.01.02-01.33.49:050][680]LogModuleManager: Shutting down and abandoning module AvfMediaEditor (492)
[2018.01.02-01.33.49:050][680]LogModuleManager: Shutting down and abandoning module AndroidMediaFactory (490)
[2018.01.02-01.33.49:050][680]LogModuleManager: Shutting down and abandoning module AndroidMediaEditor (488)
[2018.01.02-01.33.49:050][680]LogModuleManager: Shutting down and abandoning module CharacterAI (486)
[2018.01.02-01.33.49:050][680]LogModuleManager: Shutting down and abandoning module AudioCapture (484)
[2018.01.02-01.33.49:050][680]LogModuleManager: Shutting down and abandoning module SequenceRecorder (483)
[2018.01.02-01.33.49:050][680]LogModuleManager: Shutting down and abandoning module SmartSnapping (480)
[2018.01.02-01.33.49:050][680]LogModuleManager: Shutting down and abandoning module SessionServices (478)
[2018.01.02-01.33.49:050][680]LogModuleManager: Shutting down and abandoning module ViewportSnapping (476)
[2018.01.02-01.33.49:050][680]LogModuleManager: Shutting down and abandoning module ViewportInteraction (474)
[2018.01.02-01.33.49:050][680]LogModuleManager: Shutting down and abandoning module ClothPainter (472)
[2018.01.02-01.33.49:050][680]LogModuleManager: Shutting down and abandoning module SkeletalMeshEditor (471)
[2018.01.02-01.33.49:050][680]LogModuleManager: Shutting down and abandoning module LogVisualizer (468)
[2018.01.02-01.33.49:051][680]LogModuleManager: Shutting down and abandoning module IntroTutorials (466)
[2018.01.02-01.33.49:051][680]LogModuleManager: Shutting down and abandoning module GameProjectGeneration (465)
[2018.01.02-01.33.49:051][680]LogModuleManager: Shutting down and abandoning module IOSPlatformEditor (462)
[2018.01.02-01.33.49:051][680]LogModuleManager: Shutting down and abandoning module HTML5PlatformEditor (460)
[2018.01.02-01.33.49:051][680]LogModuleManager: Shutting down and abandoning module AndroidPlatformEditor (458)
[2018.01.02-01.33.49:051][680]LogModuleManager: Shutting down and abandoning module AndroidDeviceDetection (457)
[2018.01.02-01.33.49:470][680]LogModuleManager: Shutting down and abandoning module WindowsPlatformEditor (454)
[2018.01.02-01.33.49:470][680]LogModuleManager: Shutting down and abandoning module IOSRuntimeSettings (452)
[2018.01.02-01.33.49:470][680]LogModuleManager: Shutting down and abandoning module AndroidRuntimeSettings (450)
[2018.01.02-01.33.49:470][680]LogModuleManager: Shutting down and abandoning module InputBindingEditor (448)
[2018.01.02-01.33.49:470][680]LogModuleManager: Shutting down and abandoning module MergeActors (446)
[2018.01.02-01.33.49:470][680]LogModuleManager: Shutting down and abandoning module SizeMap (444)
[2018.01.02-01.33.49:470][680]LogModuleManager: Shutting down and abandoning module TreeMap (442)
[2018.01.02-01.33.49:470][680]LogModuleManager: Shutting down and abandoning module ReferenceViewer (440)
[2018.01.02-01.33.49:470][680]LogModuleManager: Shutting down and abandoning module LocalizationDashboard (438)
[2018.01.02-01.33.49:471][680]LogModuleManager: Shutting down and abandoning module LocalizationService (437)
[2018.01.02-01.33.49:471][680]LogModuleManager: Shutting down and abandoning module HardwareTargeting (434)
[2018.01.02-01.33.49:471][680]LogModuleManager: Shutting down and abandoning module DeviceProfileEditor (432)
[2018.01.02-01.33.49:471][680]LogModuleManager: Shutting down and abandoning module UndoHistory (430)
[2018.01.02-01.33.49:471][680]LogModuleManager: Shutting down and abandoning module XmlParser (428)
[2018.01.02-01.33.49:471][680]LogModuleManager: Shutting down and abandoning module Blutility (426)
[2018.01.02-01.33.49:471][680]LogModuleManager: Shutting down and abandoning module ProjectSettingsViewer (424)
[2018.01.02-01.33.49:471][680]LogModuleManager: Shutting down and abandoning module ProjectTargetPlatformEditor (423)
[2018.01.02-01.33.49:471][680]LogModuleManager: Shutting down and abandoning module EditorSettingsViewer (420)
[2018.01.02-01.33.49:471][680]LogModuleManager: Shutting down and abandoning module SettingsEditor (418)
[2018.01.02-01.33.49:472][680]LogModuleManager: Shutting down and abandoning module ProjectLauncher (416)
[2018.01.02-01.33.49:472][680]LogModuleManager: Shutting down and abandoning module SessionFrontend (414)
[2018.01.02-01.33.49:472][680]LogModuleManager: Shutting down and abandoning module ProfilerClient (412)
[2018.01.02-01.33.49:472][680]LogModuleManager: Shutting down and abandoning module DeviceManager (410)
[2018.01.02-01.33.49:472][680]LogModuleManager: Shutting down and abandoning module TargetDeviceServices (409)
[2018.01.02-01.33.49:527][680]LogModuleManager: Shutting down and abandoning module AutomationController (406)
[2018.01.02-01.33.49:527][680]LogModuleManager: Shutting down and abandoning module AutomationWindow (404)
[2018.01.02-01.33.49:527][680]LogModuleManager: Shutting down and abandoning module Layers (402)
[2018.01.02-01.33.49:527][680]LogModuleManager: Shutting down and abandoning module ComponentVisualizers (400)
[2018.01.02-01.33.49:527][680]LogModuleManager: Shutting down and abandoning module DetailCustomizations (398)
[2018.01.02-01.33.49:527][680]LogModuleManager: Shutting down and abandoning module PackagesDialog (396)
[2018.01.02-01.33.49:528][680]LogModuleManager: Shutting down and abandoning module Persona (394)
[2018.01.02-01.33.49:528][680]LogModuleManager: Shutting down and abandoning module AdvancedPreviewScene (393)
[2018.01.02-01.33.49:528][680]LogModuleManager: Shutting down and abandoning module AnimGraph (391)
[2018.01.02-01.33.49:528][680]LogModuleManager: Shutting down and abandoning module Kismet (388)
[2018.01.02-01.33.49:547][680]LogModuleManager: Shutting down and abandoning module ClassViewer (386)
[2018.01.02-01.33.49:547][680]LogModuleManager: Shutting down and abandoning module Toolbox (384)
[2018.01.02-01.33.49:547][680]LogModuleManager: Shutting down and abandoning module ModuleUI (382)
[2018.01.02-01.33.49:547][680]LogModuleManager: Shutting down and abandoning module MovieSceneTools (380)
[2018.01.02-01.33.49:547][680]LogModuleManager: Shutting down and abandoning module OutputLog (378)
[2018.01.02-01.33.49:548][680]LogModuleManager: Shutting down and abandoning module GammaUI (376)
[2018.01.02-01.33.49:548][680]LogModuleManager: Shutting down and abandoning module Documentation (374)
[2018.01.02-01.33.49:548][680]LogModuleManager: Shutting down and abandoning module MovieSceneTracks (372)
[2018.01.02-01.33.49:548][680]LogModuleManager: Shutting down and abandoning module MovieScene (370)
[2018.01.02-01.33.49:548][680]LogModuleManager: Shutting down and abandoning module StreamingPauseRendering (368)
[2018.01.02-01.33.49:548][680]LogModuleManager: Shutting down and abandoning module LauncherPlatform (366)
[2018.01.02-01.33.49:548][680]LogModuleManager: Shutting down and abandoning module AnalyticsET (364)
[2018.01.02-01.33.49:548][680]LogModuleManager: Shutting down and abandoning module PortalServices (362)
[2018.01.02-01.33.49:548][680]LogModuleManager: Shutting down and abandoning module PortalRpc (360)
[2018.01.02-01.33.49:548][680]LogModuleManager: Shutting down and abandoning module MessagingRpc (358)
[2018.01.02-01.33.49:548][680]LogModuleManager: Shutting down and abandoning module AIModule (356)
[2018.01.02-01.33.49:548][680]LogModuleManager: Shutting down and abandoning module GameplayDebugger (355)
[2018.01.02-01.33.49:548][680]LogModuleManager: Shutting down and abandoning module AITestSuite (353)
[2018.01.02-01.33.49:548][680]LogModuleManager: Shutting down and abandoning module DesktopPlatform (350)
[2018.01.02-01.33.49:548][680]LogModuleManager: Shutting down and abandoning module ProfilerService (348)
[2018.01.02-01.33.49:772][680]LogModuleManager: Shutting down and abandoning module TaskGraph (346)
[2018.01.02-01.33.49:773][680]LogModuleManager: Shutting down and abandoning module SteamVRController (344)
[2018.01.02-01.33.49:773][680]LogModuleManager: Shutting down and abandoning module ProceduralMeshComponentEditor (342)
[2018.01.02-01.33.49:773][680]LogModuleManager: Shutting down and abandoning module ProceduralMeshComponent (340)
[2018.01.02-01.33.49:773][680]LogModuleManager: Shutting down and abandoning module OculusInput (338)
[2018.01.02-01.33.49:773][680]LogModuleManager: Shutting down and abandoning module MobilePatchingUtils (336)
[2018.01.02-01.33.49:773][680]LogModuleManager: Shutting down and abandoning module CustomMeshComponent (334)
[2018.01.02-01.33.49:773][680]LogModuleManager: Shutting down and abandoning module CableComponent (332)
[2018.01.02-01.33.49:773][680]LogModuleManager: Shutting down and abandoning module ArchVisCharacter (330)
[2018.01.02-01.33.49:773][680]LogModuleManager: Shutting down and abandoning module AndroidPermission (328)
[2018.01.02-01.33.49:773][680]LogModuleManager: Shutting down and abandoning module ActorSequence (324)
[2018.01.02-01.33.49:773][680]LogModuleManager: Shutting down and abandoning module MediaPlayerEditor (322)
[2018.01.02-01.33.49:773][680]LogModuleManager: Shutting down and abandoning module MediaCompositingEditor (320)
[2018.01.02-01.33.49:773][680]LogModuleManager: Shutting down and abandoning module MediaCompositing (318)
[2018.01.02-01.33.49:773][680]LogModuleManager: Shutting down and abandoning module HTML5Networking (316)
[2018.01.02-01.33.49:773][680]LogModuleManager: Shutting down and abandoning module AlembicImporter (314)
[2018.01.02-01.33.49:773][680]LogModuleManager: Shutting down and abandoning module AlembicLibrary (313)
[2018.01.02-01.33.49:773][680]LogModuleManager: Shutting down and abandoning module GeometryCache (312)
[2018.01.02-01.33.49:773][680]LogModuleManager: Shutting down and abandoning module GeometryCacheEd (311)
[2018.01.02-01.33.49:773][680]LogModuleManager: Shutting down and abandoning module SpeedTreeImporter (306)
[2018.01.02-01.33.49:773][680]LogModuleManager: Shutting down and abandoning module PluginBrowser (304)
[2018.01.02-01.33.49:773][680]LogModuleManager: Shutting down and abandoning module MobileLauncherProfileWizard (302)
[2018.01.02-01.33.49:773][680]LogModuleManager: Shutting down and abandoning module VisualStudioSourceCodeAccess (300)
[2018.01.02-01.33.49:774][680]LogModuleManager: Shutting down and abandoning module VisualStudioCodeSourceCodeAccess (298)
[2018.01.02-01.33.49:774][680]LogModuleManager: Shutting down and abandoning module UObjectPlugin (296)
[2018.01.02-01.33.49:774][680]LogModuleManager: Shutting down and abandoning module SubversionSourceControl (294)
[2018.01.02-01.33.49:774][680]LogModuleManager: Shutting down and abandoning module PerforceSourceControl (292)
[2018.01.02-01.33.49:774][680]LogModuleManager: Shutting down and abandoning module GitSourceControl (290)
[2018.01.02-01.33.49:774][680]LogModuleManager: Shutting down and abandoning module SourceControl (289)
[2018.01.02-01.33.49:774][680]LogModuleManager: Shutting down and abandoning module LightPropagationVolumeEditor (286)
[2018.01.02-01.33.49:774][680]LogModuleManager: Shutting down and abandoning module PaperTiledImporter (284)
[2018.01.02-01.33.49:774][680]LogModuleManager: Shutting down and abandoning module PaperSpriteSheetImporter (282)
[2018.01.02-01.33.49:774][680]LogModuleManager: Shutting down and abandoning module Paper2DEditor (280)
[2018.01.02-01.33.49:774][680]LogModuleManager: Shutting down and abandoning module MeshPaint (279)
[2018.01.02-01.33.49:774][680]LogModuleManager: Shutting down and abandoning module LevelEditor (277)
[2018.01.02-01.33.49:776][680]LogModuleManager: Shutting down and abandoning module PixelInspectorModule (276)
[2018.01.02-01.33.49:776][680]LogModuleManager: Shutting down and abandoning module MainFrame (274)
[2018.01.02-01.33.49:777][680]LogModuleManager: Shutting down and abandoning module HotReload (273)
[2018.01.02-01.33.49:777][680]LogModuleManager: Shutting down and abandoning module RuntimePhysXCooking (268)
[2018.01.02-01.33.49:777][680]LogModuleManager: Shutting down and abandoning module PhysXVehiclesEditor (266)
[2018.01.02-01.33.49:778][680]LogModuleManager: Shutting down and abandoning module PhysXVehicles (264)
[2018.01.02-01.33.49:778][680]LogModuleManager: Shutting down and abandoning module OculusEditor (262)
[2018.01.02-01.33.49:778][680]LogModuleManager: Shutting down and abandoning module LocationServicesBPLibrary (260)
[2018.01.02-01.33.49:778][680]LogModuleManager: Shutting down and abandoning module ImmediatePhysicsEditor (258)
[2018.01.02-01.33.49:778][680]LogModuleManager: Shutting down and abandoning module ImmediatePhysics (256)
[2018.01.02-01.33.49:778][680]LogModuleManager: Shutting down and abandoning module UdpMessaging (254)
[2018.01.02-01.33.49:879][680]LogModuleManager: Shutting down and abandoning module TcpMessaging (252)
[2018.01.02-01.33.49:980][680]LogModuleManager: Shutting down and abandoning module GameplayTagsEditor (250)
[2018.01.02-01.33.49:980][680]LogModuleManager: Shutting down and abandoning module FacialAnimationEditor (248)
[2018.01.02-01.33.49:980][680]LogModuleManager: Shutting down and abandoning module FacialAnimation (246)
[2018.01.02-01.33.49:980][680]LogModuleManager: Shutting down and abandoning module AssetManagerEditor (244)
[2018.01.02-01.33.49:980][680]LogModuleManager: Shutting down and abandoning module GraphEditor (243)
[2018.01.02-01.33.49:980][680]LogModuleManager: Shutting down and abandoning module ContentBrowser (241)
[2018.01.02-01.33.49:982][680]LogModuleManager: Shutting down and abandoning module LightPropagationVolumeRuntime (238)
[2018.01.02-01.33.49:982][680]LogModuleManager: Shutting down and abandoning module Paper2D (236)
[2018.01.02-01.33.49:982][680]LogModuleManager: Shutting down and abandoning module WindowsMoviePlayer (234)
[2018.01.02-01.33.49:982][680]LogModuleManager: Shutting down and abandoning module WmfMedia (232)
[2018.01.02-01.33.49:982][680]LogModuleManager: Shutting down and abandoning module ImgMedia (230)
[2018.01.02-01.33.49:982][680]LogModuleManager: Shutting down and abandoning module PacketHandler (228)
[2018.01.02-01.33.49:982][680]LogModuleManager: Shutting down and abandoning module ClothingSystemEditor (226)
[2018.01.02-01.33.49:982][680]LogModuleManager: Shutting down and abandoning module ClothingSystemRuntime (224)
[2018.01.02-01.33.49:982][680]LogModuleManager: Shutting down and abandoning module MediaAssets (222)
[2018.01.02-01.33.49:982][680]LogModuleManager: Shutting down and abandoning module Media (221)
[2018.01.02-01.33.49:989][680]LogModuleManager: Shutting down and abandoning module Overlay (218)
[2018.01.02-01.33.49:989][680]LogModuleManager: Shutting down and abandoning module OverlayEditor (217)
[2018.01.02-01.33.49:989][680]LogModuleManager: Shutting down and abandoning module VREditor (214)
[2018.01.02-01.33.49:989][680]LogModuleManager: Shutting down and abandoning module StringTableEditor (212)
[2018.01.02-01.33.49:989][680]LogModuleManager: Shutting down and abandoning module GameplayTasksEditor (210)
[2018.01.02-01.33.49:989][680]LogModuleManager: Shutting down and abandoning module BehaviorTreeEditor (208)
[2018.01.02-01.33.49:989][680]LogModuleManager: Shutting down and abandoning module FunctionalTesting (206)
[2018.01.02-01.33.49:989][680]LogModuleManager: Shutting down and abandoning module CollisionAnalyzer (204)
[2018.01.02-01.33.49:989][680]LogModuleManager: Shutting down and abandoning module WorkspaceMenuStructure (203)
[2018.01.02-01.33.49:989][680]LogModuleManager: Shutting down and abandoning module UMG (200)
[2018.01.02-01.33.49:989][680]LogModuleManager: Shutting down and abandoning module UMGEditor (199)
[2018.01.02-01.33.49:989][680]LogModuleManager: Shutting down and abandoning module Sequencer (198)
[2018.01.02-01.33.49:990][680]LogModuleManager: Shutting down and abandoning module MessageLog (195)
[2018.01.02-01.33.49:990][680]LogModuleManager: Shutting down and abandoning module SlateReflector (190)
[2018.01.02-01.33.49:990][680]LogModuleManager: Shutting down and abandoning module Slate (188)
[2018.01.02-01.33.49:990][680]LogModuleManager: Shutting down and abandoning module EditorStyle (186)
[2018.01.02-01.33.49:993][680]LogModuleManager: Shutting down and abandoning module MRMesh (184)
[2018.01.02-01.33.49:994][680]LogModuleManager: Shutting down and abandoning module SourceCodeAccess (182)
[2018.01.02-01.33.49:994][680]LogModuleManager: Shutting down and abandoning module HeadMountedDisplay (180)
[2018.01.02-01.33.49:994][680]LogModuleManager: Shutting down and abandoning module XAudio2 (178)
[2018.01.02-01.33.49:994][680]LogModuleManager: Shutting down and abandoning module Networking (176)
[2018.01.02-01.33.49:994][680]LogModuleManager: Shutting down and abandoning module Core (172)
[2018.01.02-01.33.49:994][680]LogModuleManager: Shutting down and abandoning module LevelSequence (168)
[2018.01.02-01.33.49:994][680]LogModuleManager: Shutting down and abandoning module DirectoryWatcher (166)
[2018.01.02-01.33.49:995][680]LogModuleManager: Shutting down and abandoning module KismetCompiler (164)
[2018.01.02-01.33.49:995][680]LogModuleManager: Shutting down and abandoning module MeshUtilities (162)
[2018.01.02-01.33.49:995][680]LogModuleManager: Shutting down and abandoning module MeshMergeUtilities (161)
[2018.01.02-01.33.49:995][680]LogModuleManager: Shutting down and abandoning module MeshReductionInterface (160)
[2018.01.02-01.33.49:995][680]LogModuleManager: Shutting down and abandoning module SimplygonSwarm (159)
[2018.01.02-01.33.49:995][680]LogModuleManager: Shutting down and abandoning module SimplygonMeshReduction (157)
[2018.01.02-01.33.49:995][680]LogModuleManager: Shutting down and abandoning module QuadricMeshReduction (155)
[2018.01.02-01.33.49:995][680]LogModuleManager: Shutting down and abandoning module MaterialBaking (151)
[2018.01.02-01.33.49:995][680]LogModuleManager: Shutting down and abandoning module DerivedDataCache (148)
[2018.01.02-01.33.50:026][680]LogDerivedDataCache: Shutdown
[2018.01.02-01.33.50:026][680]LogModuleManager: Shutting down and abandoning module TargetPlatform (146)
[2018.01.02-01.33.50:026][680]LogModuleManager: Shutting down and abandoning module VulkanShaderFormat (145)
[2018.01.02-01.33.50:026][680]LogModuleManager: Shutting down and abandoning module ShaderFormatVectorVM (143)
[2018.01.02-01.33.50:026][680]LogModuleManager: Shutting down and abandoning module ShaderFormatOpenGL (141)
[2018.01.02-01.33.50:026][680]LogModuleManager: Shutting down and abandoning module ShaderFormatD3D (139)
[2018.01.02-01.33.50:026][680]LogModuleManager: Shutting down and abandoning module MetalShaderFormat (137)
[2018.01.02-01.33.50:026][680]LogModuleManager: Shutting down and abandoning module TextureFormatUncompressed (135)
[2018.01.02-01.33.50:026][680]LogModuleManager: Shutting down and abandoning module TextureFormatPVR (133)
[2018.01.02-01.33.50:026][680]LogModuleManager: Shutting down and abandoning module TextureFormatDXT (131)
[2018.01.02-01.33.50:026][680]LogModuleManager: Shutting down and abandoning module TextureFormatIntelISPCTexComp (129)
[2018.01.02-01.33.50:026][680]LogModuleManager: Shutting down and abandoning module TextureFormatASTC (127)
[2018.01.02-01.33.50:026][680]LogModuleManager: Shutting down and abandoning module ImageWrapper (126)
[2018.01.02-01.33.50:026][680]LogModuleManager: Shutting down and abandoning module TextureFormatAndroid (123)
[2018.01.02-01.33.50:027][680]LogModuleManager: Shutting down and abandoning module AudioFormatOpus (121)
[2018.01.02-01.33.50:027][680]LogModuleManager: Shutting down and abandoning module AudioFormatOgg (119)
[2018.01.02-01.33.50:027][680]LogModuleManager: Shutting down and abandoning module AudioFormatADPCM (117)
[2018.01.02-01.33.50:027][680]LogModuleManager: Shutting down and abandoning module LinuxTargetPlatform (115)
[2018.01.02-01.33.50:027][680]LogModuleManager: Shutting down and abandoning module LinuxServerTargetPlatform (113)
[2018.01.02-01.33.50:027][680]LogModuleManager: Shutting down and abandoning module LinuxNoEditorTargetPlatform (111)
[2018.01.02-01.33.50:027][680]LogModuleManager: Shutting down and abandoning module LinuxClientTargetPlatform (109)
[2018.01.02-01.33.50:027][680]LogModuleManager: Shutting down and abandoning module TVOSTargetPlatform (107)
[2018.01.02-01.33.50:027][680]LogModuleManager: Shutting down and abandoning module Messaging (105)
[2018.01.02-01.33.50:027][680]LogModuleManager: Shutting down and abandoning module IOSTargetPlatform (103)
[2018.01.02-01.33.50:027][680]LogModuleManager: Shutting down and abandoning module HTML5TargetPlatform (101)
[2018.01.02-01.33.50:027][680]LogModuleManager: Shutting down and abandoning module AndroidTargetPlatform (99)
[2018.01.02-01.33.50:027][680]LogModuleManager: Shutting down and abandoning module Android_PVRTCTargetPlatform (97)
[2018.01.02-01.33.50:027][680]LogModuleManager: Shutting down and abandoning module Android_MultiTargetPlatform (95)
[2018.01.02-01.33.50:027][680]LogModuleManager: Shutting down and abandoning module Android_ETC2TargetPlatform (93)
[2018.01.02-01.33.50:027][680]LogModuleManager: Shutting down and abandoning module Android_ETC1TargetPlatform (91)
[2018.01.02-01.33.50:027][680]LogModuleManager: Shutting down and abandoning module Android_DXTTargetPlatform (89)
[2018.01.02-01.33.50:027][680]LogModuleManager: Shutting down and abandoning module Android_ATCTargetPlatform (87)
[2018.01.02-01.33.50:027][680]LogModuleManager: Shutting down and abandoning module Android_ASTCTargetPlatform (85)
[2018.01.02-01.33.50:027][680]LogModuleManager: Shutting down and abandoning module WindowsTargetPlatform (83)
[2018.01.02-01.33.50:027][680]LogModuleManager: Shutting down and abandoning module WindowsServerTargetPlatform (81)
[2018.01.02-01.33.50:028][680]LogModuleManager: Shutting down and abandoning module WindowsNoEditorTargetPlatform (79)
[2018.01.02-01.33.50:028][680]LogModuleManager: Shutting down and abandoning module WindowsClientTargetPlatform (77)
[2018.01.02-01.33.50:028][680]LogModuleManager: Shutting down and abandoning module MacTargetPlatform (75)
[2018.01.02-01.33.50:028][680]LogModuleManager: Shutting down and abandoning module MacServerTargetPlatform (73)
[2018.01.02-01.33.50:028][680]LogModuleManager: Shutting down and abandoning module MacNoEditorTargetPlatform (71)
[2018.01.02-01.33.50:028][680]LogModuleManager: Shutting down and abandoning module MacClientTargetPlatform (69)
[2018.01.02-01.33.50:028][680]LogModuleManager: Shutting down and abandoning module AllDesktopTargetPlatform (67)
[2018.01.02-01.33.50:028][680]LogModuleManager: Shutting down and abandoning module InputCore (64)
[2018.01.02-01.33.50:028][680]LogModuleManager: Shutting down and abandoning module Settings (62)
[2018.01.02-01.33.50:028][680]LogModuleManager: Shutting down and abandoning module PhysXCooking (60)
[2018.01.02-01.33.50:028][680]LogModuleManager: Shutting down and abandoning module SteamVR (58)
[2018.01.02-01.33.50:028][680]LogModuleManager: Shutting down and abandoning module OculusHMD (56)
[2018.01.02-01.33.50:028][680]LogModuleManager: Shutting down and abandoning module ExampleDeviceProfileSelector (54)
[2018.01.02-01.33.50:028][680]LogModuleManager: Shutting down and abandoning module AppleARKit (52)
[2018.01.02-01.33.50:028][680]LogModuleManager: Shutting down and abandoning module AugmentedReality (51)
[2018.01.02-01.33.50:028][680]LogModuleManager: Shutting down and abandoning module OnlineBlueprintSupport (48)
[2018.01.02-01.33.50:028][680]LogModuleManager: Shutting down and abandoning module OnlineSubsystem (44)
[2018.01.02-01.33.50:028][680]LogModuleManager: Shutting down and abandoning module XMPP (43)
[2018.01.02-01.33.50:028][680]LogModuleManager: Shutting down and abandoning module HTTP (41)
[2018.01.02-01.33.50:028][680]LogHttp: Display: Http module shutting down, but needs to wait on 1 outstanding Http requests:
[2018.01.02-01.33.50:028][680]LogHttp: Display: 	verb=[POST] url=[https://datarouter.ol.epicgames.com/datarouter/api/v1/public/data?SessionID=%7BB4C4E18F-4367-9B4D-6C7B-29AFDB9C877B%7D&AppID=UEEditor.Rocket.Release&AppVersion=4.18.2-3794801%2B%2B%2BUE4%2BRelease-4.18&UserID=81c28c7e4510db99c1cc39b6d8b61089%7Cdfb84846bd18458ea4123b3e7e2ad85b%7C4f22a1ce-a3e3-4795-805e-303ad6fdc865&AppEnvironment=datacollector-binary&UploadType=eteventstream] status=Processing
[2018.01.02-01.33.50:038][680]LogModuleManager: Shutting down and abandoning module SSL (40)
[2018.01.02-01.33.50:040][680]LogModuleManager: Shutting down and abandoning module AnimationModifiers (36)
[2018.01.02-01.33.50:040][680]LogModuleManager: Shutting down and abandoning module PropertyEditor (35)
[2018.01.02-01.33.50:040][680]LogModuleManager: Shutting down and abandoning module AudioEditor (32)
[2018.01.02-01.33.50:040][680]LogModuleManager: Shutting down and abandoning module TextureCompressor (30)
[2018.01.02-01.33.50:040][680]LogModuleManager: Shutting down and abandoning module ShaderCore (28)
[2018.01.02-01.33.50:040][680]LogModuleManager: Shutting down and abandoning module Landscape (26)
[2018.01.02-01.33.50:040][680]LogModuleManager: Shutting down and abandoning module SlateRHIRenderer (24)
[2018.01.02-01.33.50:045][680]LogModuleManager: Shutting down and abandoning module OpenGLDrv (22)
[2018.01.02-01.33.50:045][680]LogModuleManager: Shutting down and abandoning module D3D11RHI (20)
[2018.01.02-01.33.50:045][680]LogModuleManager: Shutting down and abandoning module AnimGraphRuntime (18)
[2018.01.02-01.33.50:046][680]LogModuleManager: Shutting down and abandoning module Renderer (16)
[2018.01.02-01.33.50:046][680]LogModuleManager: Shutting down and abandoning module Engine (14)
[2018.01.02-01.33.50:046][680]LogModuleManager: Shutting down and abandoning module CoreUObject (12)
[2018.01.02-01.33.50:046][680]LogModuleManager: Shutting down and abandoning module NetworkFile (10)
[2018.01.02-01.33.50:046][680]LogModuleManager: Shutting down and abandoning module CookedIterativeFile (8)
[2018.01.02-01.33.50:046][680]LogModuleManager: Shutting down and abandoning module StreamingFile (6)
[2018.01.02-01.33.50:046][680]LogModuleManager: Shutting down and abandoning module SandboxFile (4)
[2018.01.02-01.33.50:046][680]LogModuleManager: Shutting down and abandoning module PakFile (2)
[2018.01.02-01.33.50:051][680]LogExit: Exiting.
[2018.01.02-01.33.50:079][680]Log file closed, 01/02/18 09:33:50
